#
# There is insufficient memory for the Java Runtime Environment to continue.
# Native memory allocation (mmap) failed to map 476053504 bytes for G1 virtual space
# Possible reasons:
#   The system is out of physical RAM or swap space
#   The process is running with CompressedOops enabled, and the Java Heap may be blocking the growth of the native heap
# Possible solutions:
#   Reduce memory load on the system
#   Increase physical memory or swap space
#   Check if swap backing store is full
#   Decrease Java heap size (-Xmx/-Xms)
#   Decrease number of Java threads
#   Decrease Java thread stack sizes (-Xss)
#   Set larger code cache with -XX:ReservedCodeCacheSize=
#   JVM is running with Unscaled Compressed Oops mode in which the Java heap is
#     placed in the first 4GB address space. The Java Heap base address is the
#     maximum limit for the native heap growth. Please use -XX:HeapBaseMinAddress
#     to set the Java Heap base and to place the Java Heap above 4GB virtual address.
# This output file may be truncated or incomplete.
#
#  Out of Memory Error (os_windows.cpp:3541), pid=21860, tid=5884
#
# JRE version: OpenJDK Runtime Environment Temurin-17.0.4+8 (17.0.4+8) (build 17.0.4+8)
# Java VM: OpenJDK 64-Bit Server VM Temurin-17.0.4+8 (17.0.4+8, mixed mode, emulated-client, tiered, compressed oops, compressed class ptrs, g1 gc, windows-amd64)
# No core dump will be written. Minidumps are not enabled by default on client versions of Windows
#

---------------  S U M M A R Y ------------

Command Line: -Dsts.lsp.client=vscode -Dsts.log.file=/dev/null -XX:TieredStopAtLevel=1 -Dspring.config.location=file:c:\Users\JuanPablo\.vscode\extensions\pivotal.vscode-spring-boot-1.38.0\language-server\BOOT-INF\classes\application.properties org.springframework.ide.vscode.boot.app.BootLanguageServerBootApp

Host: Intel(R) Core(TM) i3-4005U CPU @ 1.70GHz, 4 cores, 7G,  Windows 10 , 64 bit Build 19041 (10.0.19041.1889)
Time: Wed Sep 14 20:00:12 2022 Hora est. Pacífico, Sudamérica elapsed time: 21.703239 seconds (0d 0h 0m 21s)

---------------  T H R E A D  ---------------

Current thread (0x0000026abce59ce0):  VMThread "VM Thread" [stack: 0x000000acc8100000,0x000000acc8200000] [id=5884]

Stack: [0x000000acc8100000,0x000000acc8200000]
Native frames: (J=compiled Java code, j=interpreted, Vv=VM code, C=native code)
V  [jvm.dll+0x67733a]
V  [jvm.dll+0x8323c4]
V  [jvm.dll+0x833b6e]
V  [jvm.dll+0x8341d3]
V  [jvm.dll+0x2455e5]
V  [jvm.dll+0x674229]
V  [jvm.dll+0x668ab2]
V  [jvm.dll+0x30458b]
V  [jvm.dll+0x30bad6]
V  [jvm.dll+0x35ba7e]
V  [jvm.dll+0x35bcaf]
V  [jvm.dll+0x2db428]
V  [jvm.dll+0x2d96dc]
V  [jvm.dll+0x2d8cac]
V  [jvm.dll+0x31cc0b]
V  [jvm.dll+0x83867b]
V  [jvm.dll+0x8393b4]
V  [jvm.dll+0x8398cc]
V  [jvm.dll+0x839ca4]
V  [jvm.dll+0x839d70]
V  [jvm.dll+0x7e245a]
V  [jvm.dll+0x6761c5]
C  [ucrtbase.dll+0x21bb2]
C  [KERNEL32.DLL+0x17034]
C  [ntdll.dll+0x52651]

VM_Operation (0x000000acc9afdd10): G1CollectForAllocation, mode: safepoint, requested by thread 0x0000026abf918b60


---------------  P R O C E S S  ---------------

Threads class SMR info:
_java_thread_list=0x0000026abfca04c0, length=29, elements={
0x0000026abceac750, 0x0000026abceaddb0, 0x0000026abd8050a0, 0x0000026abd806970,
0x0000026abd807230, 0x0000026abd807af0, 0x0000026abd8083b0, 0x0000026abd82bff0,
0x0000026abda25400, 0x0000026abda2ecc0, 0x0000026abda301e0, 0x0000026abda37020,
0x0000026abd890c60, 0x0000026abe1ee350, 0x0000026abe1ee820, 0x0000026abf913ae0,
0x0000026abf912920, 0x0000026abe1eecf0, 0x0000026abe1ef1c0, 0x0000026abe1ef690,
0x0000026abf918b60, 0x0000026abf9164e0, 0x0000026abf918690, 0x0000026abf9169b0,
0x0000026abf919030, 0x0000026abf9181c0, 0x0000026abf919500, 0x0000026abf917820,
0x0000026abf916010
}

Java Threads: ( => current thread )
  0x0000026abceac750 JavaThread "Reference Handler" daemon [_thread_blocked, id=8996, stack(0x000000acc8200000,0x000000acc8300000)]
  0x0000026abceaddb0 JavaThread "Finalizer" daemon [_thread_blocked, id=8788, stack(0x000000acc8300000,0x000000acc8400000)]
  0x0000026abd8050a0 JavaThread "Signal Dispatcher" daemon [_thread_blocked, id=10088, stack(0x000000acc8400000,0x000000acc8500000)]
  0x0000026abd806970 JavaThread "Attach Listener" daemon [_thread_blocked, id=11276, stack(0x000000acc8500000,0x000000acc8600000)]
  0x0000026abd807230 JavaThread "Service Thread" daemon [_thread_blocked, id=19604, stack(0x000000acc8600000,0x000000acc8700000)]
  0x0000026abd807af0 JavaThread "Monitor Deflation Thread" daemon [_thread_blocked, id=14664, stack(0x000000acc8700000,0x000000acc8800000)]
  0x0000026abd8083b0 JavaThread "C1 CompilerThread0" daemon [_thread_blocked, id=13864, stack(0x000000acc8800000,0x000000acc8900000)]
  0x0000026abd82bff0 JavaThread "Sweeper thread" daemon [_thread_blocked, id=14724, stack(0x000000acc8900000,0x000000acc8a00000)]
  0x0000026abda25400 JavaThread "C1 CompilerThread1" daemon [_thread_blocked, id=22644, stack(0x000000acc8a00000,0x000000acc8b00000)]
  0x0000026abda2ecc0 JavaThread "C1 CompilerThread2" daemon [_thread_blocked, id=12968, stack(0x000000acc8b00000,0x000000acc8c00000)]
  0x0000026abda301e0 JavaThread "Notification Thread" daemon [_thread_blocked, id=14232, stack(0x000000acc8c00000,0x000000acc8d00000)]
  0x0000026abda37020 JavaThread "Common-Cleaner" daemon [_thread_blocked, id=10568, stack(0x000000acc8e00000,0x000000acc8f00000)]
  0x0000026abd890c60 JavaThread "ForkJoinPool.commonPool-worker-1" daemon [_thread_blocked, id=7868, stack(0x000000acc9200000,0x000000acc9300000)]
  0x0000026abe1ee350 JavaThread "pool-7-thread-1" [_thread_blocked, id=19020, stack(0x000000acc9300000,0x000000acc9400000)]
  0x0000026abe1ee820 JavaThread "ClassGraph-worker-0" daemon [_thread_blocked, id=21132, stack(0x000000acc9400000,0x000000acc9500000)]
  0x0000026abf913ae0 JavaThread "ClassGraph-worker-1" daemon [_thread_blocked, id=22112, stack(0x000000acc9500000,0x000000acc9600000)]
  0x0000026abf912920 JavaThread "ClassGraph-worker-2" daemon [_thread_blocked, id=3632, stack(0x000000acc9600000,0x000000acc9700000)]
  0x0000026abe1eecf0 JavaThread "ClassGraph-worker-3" daemon [_thread_blocked, id=11272, stack(0x000000acc9700000,0x000000acc9800000)]
  0x0000026abe1ef1c0 JavaThread "ClassGraph-worker-4" daemon [_thread_blocked, id=11464, stack(0x000000acc9800000,0x000000acc9900000)]
  0x0000026abe1ef690 JavaThread "ClassGraph-worker-5" daemon [_thread_blocked, id=14204, stack(0x000000acc9900000,0x000000acc9a00000)]
  0x0000026abf918b60 JavaThread "ClassGraph-worker-6" daemon [_thread_blocked, id=22668, stack(0x000000acc9a00000,0x000000acc9b00000)]
  0x0000026abf9164e0 JavaThread "ClassGraph-worker-7" daemon [_thread_blocked, id=10208, stack(0x000000acc9b00000,0x000000acc9c00000)]
  0x0000026abf918690 JavaThread "LanguageServerApp-lifecycle" [_thread_blocked, id=232, stack(0x000000acc9c00000,0x000000acc9d00000)]
  0x0000026abf9169b0 JavaThread "DestroyJavaVM" [_thread_blocked, id=6784, stack(0x000000acc7b00000,0x000000acc7c00000)]
  0x0000026abf919030 JavaThread "pool-8-thread-1" [_thread_in_native, id=12932, stack(0x000000acc9d00000,0x000000acc9e00000)]
  0x0000026abf9181c0 JavaThread "Simple-Language-Server main thread" daemon [_thread_blocked, id=16728, stack(0x000000acc9f00000,0x000000acca000000)]
  0x0000026abf919500 JavaThread "pool-2-thread-1" [_thread_blocked, id=15272, stack(0x000000acca000000,0x000000acca100000)]
  0x0000026abf917820 JavaThread "ForkJoinPool.commonPool-worker-2" daemon [_thread_blocked, id=5876, stack(0x000000acca100000,0x000000acca200000)]
  0x0000026abf916010 JavaThread "parallel-1" daemon [_thread_blocked, id=21400, stack(0x000000acca200000,0x000000acca300000)]

Other Threads:
=>0x0000026abce59ce0 VMThread "VM Thread" [stack: 0x000000acc8100000,0x000000acc8200000] [id=5884]
  0x0000026abda2e950 WatcherThread [stack: 0x000000acc8d00000,0x000000acc8e00000] [id=23532]
  0x0000026aae4a68e0 GCTaskThread "GC Thread#0" [stack: 0x000000acc7c00000,0x000000acc7d00000] [id=18664]
  0x0000026abe2c1ae0 GCTaskThread "GC Thread#1" [stack: 0x000000acc8f00000,0x000000acc9000000] [id=22292]
  0x0000026abe2c1d90 GCTaskThread "GC Thread#2" [stack: 0x000000acc9000000,0x000000acc9100000] [id=7020]
  0x0000026abe3cc870 GCTaskThread "GC Thread#3" [stack: 0x000000acc9100000,0x000000acc9200000] [id=12748]
  0x0000026aae4b75e0 ConcurrentGCThread "G1 Main Marker" [stack: 0x000000acc7d00000,0x000000acc7e00000] [id=14240]
  0x0000026aae4b90d0 ConcurrentGCThread "G1 Conc#0" [stack: 0x000000acc7e00000,0x000000acc7f00000] [id=10880]
  0x0000026aae50e150 ConcurrentGCThread "G1 Refine#0" [stack: 0x000000acc7f00000,0x000000acc8000000] [id=21316]
  0x0000026abf9c4310 ConcurrentGCThread "G1 Refine#1" [stack: 0x000000acc9e00000,0x000000acc9f00000] [id=8504]
  0x0000026aae50eb70 ConcurrentGCThread "G1 Service" [stack: 0x000000acc8000000,0x000000acc8100000] [id=15176]

Threads with active compile tasks:

VM state: at safepoint (normal execution)

VM Mutex/Monitor currently owned by a thread:  ([mutex/lock_event])
[0x0000026aae340080] Threads_lock - owner thread: 0x0000026abce59ce0
[0x0000026aae4472c0] Heap_lock - owner thread: 0x0000026abf918b60

Heap address: 0x0000000081200000, size: 2030 MB, Compressed Oops mode: 32-bit

CDS archive(s) not mapped
Compressed class space mapped at: 0x0000000100000000-0x0000000140000000, reserved size: 1073741824
Narrow klass base: 0x0000000000000000, Narrow klass shift: 3, Narrow klass range: 0x140000000

GC Precious Log:
 CPUs: 4 total, 4 available
 Memory: 8113M
 Large Page Support: Disabled
 NUMA Support: Disabled
 Compressed Oops: Enabled (32-bit)
 Heap Region Size: 1M
 Heap Min Capacity: 8M
 Heap Initial Capacity: 128M
 Heap Max Capacity: 2030M
 Pre-touch: Disabled
 Parallel Workers: 4
 Concurrent Workers: 1
 Concurrent Refinement Workers: 4
 Periodic GC: Disabled

Heap:
 garbage-first heap   total 247808K, used 93184K [0x0000000081200000, 0x0000000100000000)
  region size 1024K, 10 young (10240K), 10 survivors (10240K)
 Metaspace       used 35069K, committed 35392K, reserved 1081344K
  class space    used 4558K, committed 4736K, reserved 1048576K

Heap Regions: E=young(eden), S=young(survivor), O=old, HS=humongous(starts), HC=humongous(continues), CS=collection set, F=free, OA=open archive, CA=closed archive, TAMS=top-at-mark-start (previous, next)
|   0|0x0000000081200000, 0x0000000081300000, 0x0000000081300000|100%| O|  |TAMS 0x0000000081300000, 0x0000000081200000| Untracked 
|   1|0x0000000081300000, 0x0000000081400000, 0x0000000081400000|100%| O|  |TAMS 0x0000000081400000, 0x0000000081300000| Untracked 
|   2|0x0000000081400000, 0x0000000081500000, 0x0000000081500000|100%| O|  |TAMS 0x0000000081500000, 0x0000000081400000| Untracked 
|   3|0x0000000081500000, 0x0000000081600000, 0x0000000081600000|100%| O|  |TAMS 0x0000000081600000, 0x0000000081500000| Untracked 
|   4|0x0000000081600000, 0x0000000081700000, 0x0000000081700000|100%| O|  |TAMS 0x0000000081700000, 0x0000000081600000| Untracked 
|   5|0x0000000081700000, 0x0000000081800000, 0x0000000081800000|100%| O|  |TAMS 0x0000000081800000, 0x0000000081700000| Untracked 
|   6|0x0000000081800000, 0x0000000081900000, 0x0000000081900000|100%| O|  |TAMS 0x0000000081900000, 0x0000000081800000| Untracked 
|   7|0x0000000081900000, 0x0000000081a00000, 0x0000000081a00000|100%| O|  |TAMS 0x0000000081900000, 0x0000000081900000| Untracked 
|   8|0x0000000081a00000, 0x0000000081b00000, 0x0000000081b00000|100%| O|  |TAMS 0x0000000081b00000, 0x0000000081a00000| Untracked 
|   9|0x0000000081b00000, 0x0000000081c00000, 0x0000000081c00000|100%| O|  |TAMS 0x0000000081c00000, 0x0000000081b00000| Untracked 
|  10|0x0000000081c00000, 0x0000000081d00000, 0x0000000081d00000|100%| O|  |TAMS 0x0000000081d00000, 0x0000000081c00000| Untracked 
|  11|0x0000000081d00000, 0x0000000081e00000, 0x0000000081e00000|100%| O|  |TAMS 0x0000000081e00000, 0x0000000081d00000| Untracked 
|  12|0x0000000081e00000, 0x0000000081f00000, 0x0000000081f00000|100%| O|  |TAMS 0x0000000081f00000, 0x0000000081e00000| Untracked 
|  13|0x0000000081f00000, 0x0000000082000000, 0x0000000082000000|100%| O|  |TAMS 0x0000000082000000, 0x0000000081f00000| Untracked 
|  14|0x0000000082000000, 0x0000000082100000, 0x0000000082100000|100%| O|  |TAMS 0x0000000082100000, 0x0000000082000000| Untracked 
|  15|0x0000000082100000, 0x0000000082200000, 0x0000000082200000|100%| O|  |TAMS 0x0000000082200000, 0x0000000082100000| Untracked 
|  16|0x0000000082200000, 0x0000000082300000, 0x0000000082300000|100%| O|  |TAMS 0x0000000082300000, 0x0000000082200000| Untracked 
|  17|0x0000000082300000, 0x0000000082400000, 0x0000000082400000|100%| O|  |TAMS 0x0000000082400000, 0x0000000082300000| Untracked 
|  18|0x0000000082400000, 0x0000000082500000, 0x0000000082500000|100%| O|  |TAMS 0x0000000082400000, 0x0000000082400000| Untracked 
|  19|0x0000000082500000, 0x0000000082600000, 0x0000000082600000|100%| O|  |TAMS 0x0000000082600000, 0x0000000082500000| Untracked 
|  20|0x0000000082600000, 0x0000000082700000, 0x0000000082700000|100%| O|  |TAMS 0x0000000082700000, 0x0000000082600000| Untracked 
|  21|0x0000000082700000, 0x0000000082800000, 0x0000000082800000|100%| O|  |TAMS 0x0000000082800000, 0x0000000082700000| Untracked 
|  22|0x0000000082800000, 0x0000000082900000, 0x0000000082900000|100%| O|  |TAMS 0x0000000082900000, 0x0000000082800000| Untracked 
|  23|0x0000000082900000, 0x0000000082a00000, 0x0000000082a00000|100%| O|  |TAMS 0x0000000082a00000, 0x0000000082900000| Untracked 
|  24|0x0000000082a00000, 0x0000000082b00000, 0x0000000082b00000|100%| O|  |TAMS 0x0000000082b00000, 0x0000000082a00000| Untracked 
|  25|0x0000000082b00000, 0x0000000082c00000, 0x0000000082c00000|100%| O|  |TAMS 0x0000000082c00000, 0x0000000082b00000| Untracked 
|  26|0x0000000082c00000, 0x0000000082d00000, 0x0000000082d00000|100%| O|  |TAMS 0x0000000082d00000, 0x0000000082c00000| Untracked 
|  27|0x0000000082d00000, 0x0000000082e00000, 0x0000000082e00000|100%| O|  |TAMS 0x0000000082e00000, 0x0000000082d00000| Untracked 
|  28|0x0000000082e00000, 0x0000000082f00000, 0x0000000082f00000|100%| O|  |TAMS 0x0000000082f00000, 0x0000000082e00000| Untracked 
|  29|0x0000000082f00000, 0x0000000083000000, 0x0000000083000000|100%| O|  |TAMS 0x0000000083000000, 0x0000000082f00000| Untracked 
|  30|0x0000000083000000, 0x0000000083100000, 0x0000000083100000|100%| O|  |TAMS 0x0000000083100000, 0x0000000083000000| Untracked 
|  31|0x0000000083100000, 0x0000000083200000, 0x0000000083200000|100%| O|  |TAMS 0x0000000083200000, 0x0000000083100000| Untracked 
|  32|0x0000000083200000, 0x0000000083300000, 0x0000000083300000|100%| O|  |TAMS 0x0000000083300000, 0x0000000083200000| Untracked 
|  33|0x0000000083300000, 0x0000000083400000, 0x0000000083400000|100%| O|  |TAMS 0x0000000083400000, 0x0000000083300000| Untracked 
|  34|0x0000000083400000, 0x0000000083500000, 0x0000000083500000|100%| O|  |TAMS 0x0000000083500000, 0x0000000083400000| Untracked 
|  35|0x0000000083500000, 0x0000000083600000, 0x0000000083600000|100%| O|  |TAMS 0x0000000083600000, 0x0000000083500000| Untracked 
|  36|0x0000000083600000, 0x0000000083700000, 0x0000000083700000|100%| O|  |TAMS 0x0000000083700000, 0x0000000083600000| Untracked 
|  37|0x0000000083700000, 0x0000000083800000, 0x0000000083800000|100%| O|  |TAMS 0x0000000083800000, 0x0000000083700000| Untracked 
|  38|0x0000000083800000, 0x0000000083900000, 0x0000000083900000|100%| O|  |TAMS 0x0000000083900000, 0x0000000083800000| Untracked 
|  39|0x0000000083900000, 0x0000000083a00000, 0x0000000083a00000|100%| O|  |TAMS 0x0000000083a00000, 0x0000000083900000| Untracked 
|  40|0x0000000083a00000, 0x0000000083b00000, 0x0000000083b00000|100%| O|  |TAMS 0x0000000083b00000, 0x0000000083a00000| Untracked 
|  41|0x0000000083b00000, 0x0000000083c00000, 0x0000000083c00000|100%| O|  |TAMS 0x0000000083c00000, 0x0000000083b00000| Untracked 
|  42|0x0000000083c00000, 0x0000000083d00000, 0x0000000083d00000|100%| O|  |TAMS 0x0000000083d00000, 0x0000000083c00000| Untracked 
|  43|0x0000000083d00000, 0x0000000083e00000, 0x0000000083e00000|100%| O|  |TAMS 0x0000000083e00000, 0x0000000083d00000| Untracked 
|  44|0x0000000083e00000, 0x0000000083f00000, 0x0000000083f00000|100%| O|  |TAMS 0x0000000083f00000, 0x0000000083e00000| Untracked 
|  45|0x0000000083f00000, 0x0000000084000000, 0x0000000084000000|100%| O|  |TAMS 0x0000000084000000, 0x0000000083f00000| Untracked 
|  46|0x0000000084000000, 0x0000000084100000, 0x0000000084100000|100%| O|  |TAMS 0x0000000084000000, 0x0000000084000000| Untracked 
|  47|0x0000000084100000, 0x0000000084200000, 0x0000000084200000|100%| O|  |TAMS 0x0000000084100000, 0x0000000084100000| Untracked 
|  48|0x0000000084200000, 0x0000000084300000, 0x0000000084300000|100%|HS|  |TAMS 0x0000000084300000, 0x0000000084200000| Complete 
|  49|0x0000000084300000, 0x0000000084400000, 0x0000000084400000|100%| O|  |TAMS 0x0000000084400000, 0x0000000084300000| Untracked 
|  50|0x0000000084400000, 0x0000000084500000, 0x0000000084500000|100%| O|  |TAMS 0x0000000084500000, 0x0000000084400000| Untracked 
|  51|0x0000000084500000, 0x0000000084600000, 0x0000000084600000|100%| O|  |TAMS 0x0000000084600000, 0x0000000084500000| Untracked 
|  52|0x0000000084600000, 0x0000000084700000, 0x0000000084700000|100%| O|  |TAMS 0x0000000084700000, 0x0000000084600000| Untracked 
|  53|0x0000000084700000, 0x0000000084800000, 0x0000000084800000|100%| O|  |TAMS 0x0000000084800000, 0x0000000084700000| Untracked 
|  54|0x0000000084800000, 0x0000000084900000, 0x0000000084900000|100%| O|  |TAMS 0x0000000084900000, 0x0000000084800000| Untracked 
|  55|0x0000000084900000, 0x0000000084a00000, 0x0000000084a00000|100%| O|  |TAMS 0x0000000084a00000, 0x0000000084900000| Untracked 
|  56|0x0000000084a00000, 0x0000000084b00000, 0x0000000084b00000|100%| O|  |TAMS 0x0000000084b00000, 0x0000000084a00000| Untracked 
|  57|0x0000000084b00000, 0x0000000084c00000, 0x0000000084c00000|100%| O|  |TAMS 0x0000000084c00000, 0x0000000084b00000| Untracked 
|  58|0x0000000084c00000, 0x0000000084d00000, 0x0000000084d00000|100%| O|  |TAMS 0x0000000084d00000, 0x0000000084c00000| Untracked 
|  59|0x0000000084d00000, 0x0000000084e00000, 0x0000000084e00000|100%| O|  |TAMS 0x0000000084e00000, 0x0000000084d00000| Untracked 
|  60|0x0000000084e00000, 0x0000000084f00000, 0x0000000084f00000|100%| O|  |TAMS 0x0000000084e4e600, 0x0000000084e00000| Untracked 
|  61|0x0000000084f00000, 0x0000000085000000, 0x0000000085000000|100%| O|  |TAMS 0x0000000084f00000, 0x0000000084f00000| Untracked 
|  62|0x0000000085000000, 0x0000000085100000, 0x0000000085100000|100%| O|  |TAMS 0x0000000085000000, 0x0000000085000000| Untracked 
|  63|0x0000000085100000, 0x0000000085200000, 0x0000000085200000|100%| O|  |TAMS 0x0000000085100000, 0x0000000085100000| Untracked 
|  64|0x0000000085200000, 0x0000000085300000, 0x0000000085300000|100%| O|  |TAMS 0x0000000085200000, 0x0000000085200000| Untracked 
|  65|0x0000000085300000, 0x0000000085400000, 0x0000000085400000|100%| O|  |TAMS 0x0000000085300000, 0x0000000085300000| Untracked 
|  66|0x0000000085400000, 0x0000000085500000, 0x0000000085500000|100%| O|  |TAMS 0x0000000085400000, 0x0000000085400000| Untracked 
|  67|0x0000000085500000, 0x0000000085600000, 0x0000000085600000|100%| O|  |TAMS 0x0000000085500000, 0x0000000085500000| Untracked 
|  68|0x0000000085600000, 0x0000000085700000, 0x0000000085700000|100%| O|  |TAMS 0x0000000085600000, 0x0000000085600000| Untracked 
|  69|0x0000000085700000, 0x0000000085800000, 0x0000000085800000|100%| O|  |TAMS 0x0000000085700000, 0x0000000085700000| Untracked 
|  70|0x0000000085800000, 0x0000000085900000, 0x0000000085900000|100%| O|  |TAMS 0x0000000085800000, 0x0000000085800000| Untracked 
|  71|0x0000000085900000, 0x0000000085a00000, 0x0000000085a00000|100%| O|  |TAMS 0x0000000085900000, 0x0000000085900000| Untracked 
|  72|0x0000000085a00000, 0x0000000085b00000, 0x0000000085b00000|100%| O|  |TAMS 0x0000000085a00000, 0x0000000085a00000| Untracked 
|  73|0x0000000085b00000, 0x0000000085c00000, 0x0000000085c00000|100%| O|  |TAMS 0x0000000085b00000, 0x0000000085b00000| Untracked 
|  74|0x0000000085c00000, 0x0000000085d00000, 0x0000000085d00000|100%| O|  |TAMS 0x0000000085c00000, 0x0000000085c00000| Untracked 
|  75|0x0000000085d00000, 0x0000000085e00000, 0x0000000085e00000|100%| O|  |TAMS 0x0000000085d00000, 0x0000000085d00000| Untracked 
|  76|0x0000000085e00000, 0x0000000085f00000, 0x0000000085f00000|100%| O|  |TAMS 0x0000000085e00000, 0x0000000085e00000| Untracked 
|  77|0x0000000085f00000, 0x0000000086000000, 0x0000000086000000|100%| O|  |TAMS 0x0000000085f00000, 0x0000000085f00000| Untracked 
|  78|0x0000000086000000, 0x0000000086100000, 0x0000000086100000|100%| O|  |TAMS 0x0000000086000000, 0x0000000086000000| Untracked 
|  79|0x0000000086100000, 0x0000000086200000, 0x0000000086200000|100%| O|  |TAMS 0x0000000086100000, 0x0000000086100000| Untracked 
|  80|0x0000000086200000, 0x0000000086300000, 0x0000000086300000|100%| O|  |TAMS 0x0000000086200000, 0x0000000086200000| Untracked 
|  81|0x0000000086300000, 0x0000000086300000, 0x0000000086400000|  0%| F|  |TAMS 0x0000000086300000, 0x0000000086300000| Untracked 
|  82|0x0000000086400000, 0x0000000086400000, 0x0000000086500000|  0%| F|  |TAMS 0x0000000086400000, 0x0000000086400000| Untracked 
|  83|0x0000000086500000, 0x0000000086500000, 0x0000000086600000|  0%| F|  |TAMS 0x0000000086500000, 0x0000000086500000| Untracked 
|  84|0x0000000086600000, 0x0000000086600000, 0x0000000086700000|  0%| F|  |TAMS 0x0000000086600000, 0x0000000086600000| Untracked 
|  85|0x0000000086700000, 0x0000000086700000, 0x0000000086800000|  0%| F|  |TAMS 0x0000000086700000, 0x0000000086700000| Untracked 
|  86|0x0000000086800000, 0x0000000086800000, 0x0000000086900000|  0%| F|  |TAMS 0x0000000086800000, 0x0000000086800000| Untracked 
|  87|0x0000000086900000, 0x0000000086900000, 0x0000000086a00000|  0%| F|  |TAMS 0x0000000086900000, 0x0000000086900000| Untracked 
|  88|0x0000000086a00000, 0x0000000086a00000, 0x0000000086b00000|  0%| F|  |TAMS 0x0000000086a00000, 0x0000000086a00000| Untracked 
|  89|0x0000000086b00000, 0x0000000086b00000, 0x0000000086c00000|  0%| F|  |TAMS 0x0000000086b00000, 0x0000000086b00000| Untracked 
|  90|0x0000000086c00000, 0x0000000086c00000, 0x0000000086d00000|  0%| F|  |TAMS 0x0000000086c00000, 0x0000000086c00000| Untracked 
|  91|0x0000000086d00000, 0x0000000086d00000, 0x0000000086e00000|  0%| F|  |TAMS 0x0000000086d00000, 0x0000000086d00000| Untracked 
|  92|0x0000000086e00000, 0x0000000086e00000, 0x0000000086f00000|  0%| F|  |TAMS 0x0000000086e00000, 0x0000000086e00000| Untracked 
|  93|0x0000000086f00000, 0x0000000086f00000, 0x0000000087000000|  0%| F|  |TAMS 0x0000000086f00000, 0x0000000086f00000| Untracked 
|  94|0x0000000087000000, 0x0000000087000000, 0x0000000087100000|  0%| F|  |TAMS 0x0000000087000000, 0x0000000087000000| Untracked 
|  95|0x0000000087100000, 0x0000000087100000, 0x0000000087200000|  0%| F|  |TAMS 0x0000000087100000, 0x0000000087100000| Untracked 
|  96|0x0000000087200000, 0x0000000087200000, 0x0000000087300000|  0%| F|  |TAMS 0x0000000087200000, 0x0000000087200000| Untracked 
|  97|0x0000000087300000, 0x0000000087300000, 0x0000000087400000|  0%| F|  |TAMS 0x0000000087300000, 0x0000000087300000| Untracked 
|  98|0x0000000087400000, 0x0000000087400000, 0x0000000087500000|  0%| F|  |TAMS 0x0000000087400000, 0x0000000087400000| Untracked 
|  99|0x0000000087500000, 0x0000000087500000, 0x0000000087600000|  0%| F|  |TAMS 0x0000000087500000, 0x0000000087500000| Untracked 
| 100|0x0000000087600000, 0x0000000087600000, 0x0000000087700000|  0%| F|  |TAMS 0x0000000087600000, 0x0000000087600000| Untracked 
| 101|0x0000000087700000, 0x0000000087700000, 0x0000000087800000|  0%| F|  |TAMS 0x0000000087700000, 0x0000000087700000| Untracked 
| 102|0x0000000087800000, 0x0000000087800000, 0x0000000087900000|  0%| F|  |TAMS 0x0000000087800000, 0x0000000087800000| Untracked 
| 103|0x0000000087900000, 0x0000000087900000, 0x0000000087a00000|  0%| F|  |TAMS 0x0000000087900000, 0x0000000087900000| Untracked 
| 104|0x0000000087a00000, 0x0000000087a00000, 0x0000000087b00000|  0%| F|  |TAMS 0x0000000087a00000, 0x0000000087a00000| Untracked 
| 105|0x0000000087b00000, 0x0000000087b00000, 0x0000000087c00000|  0%| F|  |TAMS 0x0000000087b00000, 0x0000000087b00000| Untracked 
| 106|0x0000000087c00000, 0x0000000087c00000, 0x0000000087d00000|  0%| F|  |TAMS 0x0000000087c00000, 0x0000000087c00000| Untracked 
| 107|0x0000000087d00000, 0x0000000087d00000, 0x0000000087e00000|  0%| F|  |TAMS 0x0000000087d00000, 0x0000000087d00000| Untracked 
| 108|0x0000000087e00000, 0x0000000087e00000, 0x0000000087f00000|  0%| F|  |TAMS 0x0000000087e00000, 0x0000000087e00000| Untracked 
| 109|0x0000000087f00000, 0x0000000087f00000, 0x0000000088000000|  0%| F|  |TAMS 0x0000000087f00000, 0x0000000087f00000| Untracked 
| 110|0x0000000088000000, 0x0000000088000000, 0x0000000088100000|  0%| F|  |TAMS 0x0000000088000000, 0x0000000088000000| Untracked 
| 111|0x0000000088100000, 0x0000000088100000, 0x0000000088200000|  0%| F|  |TAMS 0x0000000088100000, 0x0000000088100000| Untracked 
| 112|0x0000000088200000, 0x0000000088300000, 0x0000000088300000|100%| S|CS|TAMS 0x0000000088200000, 0x0000000088200000| Complete 
| 113|0x0000000088300000, 0x0000000088400000, 0x0000000088400000|100%| S|CS|TAMS 0x0000000088300000, 0x0000000088300000| Complete 
| 114|0x0000000088400000, 0x0000000088400000, 0x0000000088500000|  0%| F|  |TAMS 0x0000000088400000, 0x0000000088400000| Untracked 
| 115|0x0000000088500000, 0x0000000088500000, 0x0000000088600000|  0%| F|  |TAMS 0x0000000088500000, 0x0000000088500000| Untracked 
| 116|0x0000000088600000, 0x0000000088600000, 0x0000000088700000|  0%| F|  |TAMS 0x0000000088600000, 0x0000000088600000| Untracked 
| 117|0x0000000088700000, 0x0000000088700000, 0x0000000088800000|  0%| F|  |TAMS 0x0000000088700000, 0x0000000088700000| Untracked 
| 118|0x0000000088800000, 0x0000000088800000, 0x0000000088900000|  0%| F|  |TAMS 0x0000000088800000, 0x0000000088800000| Untracked 
| 119|0x0000000088900000, 0x0000000088900000, 0x0000000088a00000|  0%| F|  |TAMS 0x0000000088900000, 0x0000000088900000| Untracked 
| 120|0x0000000088a00000, 0x0000000088a00000, 0x0000000088b00000|  0%| F|  |TAMS 0x0000000088a00000, 0x0000000088a00000| Untracked 
| 121|0x0000000088b00000, 0x0000000088b00000, 0x0000000088c00000|  0%| F|  |TAMS 0x0000000088b00000, 0x0000000088b00000| Untracked 
| 122|0x0000000088c00000, 0x0000000088c00000, 0x0000000088d00000|  0%| F|  |TAMS 0x0000000088c00000, 0x0000000088c00000| Untracked 
| 123|0x0000000088d00000, 0x0000000088e00000, 0x0000000088e00000|100%| S|CS|TAMS 0x0000000088d00000, 0x0000000088d00000| Complete 
| 124|0x0000000088e00000, 0x0000000088f00000, 0x0000000088f00000|100%| S|CS|TAMS 0x0000000088e00000, 0x0000000088e00000| Complete 
| 125|0x0000000088f00000, 0x0000000089000000, 0x0000000089000000|100%| S|CS|TAMS 0x0000000088f00000, 0x0000000088f00000| Complete 
| 126|0x0000000089000000, 0x0000000089100000, 0x0000000089100000|100%| S|CS|TAMS 0x0000000089000000, 0x0000000089000000| Complete 
| 127|0x0000000089100000, 0x0000000089200000, 0x0000000089200000|100%| S|CS|TAMS 0x0000000089100000, 0x0000000089100000| Complete 
| 128|0x0000000089200000, 0x0000000089300000, 0x0000000089300000|100%| S|CS|TAMS 0x0000000089200000, 0x0000000089200000| Complete 
| 129|0x0000000089300000, 0x0000000089400000, 0x0000000089400000|100%| S|CS|TAMS 0x0000000089300000, 0x0000000089300000| Complete 
| 130|0x0000000089400000, 0x0000000089500000, 0x0000000089500000|100%| S|CS|TAMS 0x0000000089400000, 0x0000000089400000| Complete 
| 131|0x0000000089500000, 0x0000000089500000, 0x0000000089600000|  0%| F|  |TAMS 0x0000000089500000, 0x0000000089500000| Untracked 
| 132|0x0000000089600000, 0x0000000089600000, 0x0000000089700000|  0%| F|  |TAMS 0x0000000089600000, 0x0000000089600000| Untracked 
| 133|0x0000000089700000, 0x0000000089700000, 0x0000000089800000|  0%| F|  |TAMS 0x0000000089700000, 0x0000000089700000| Untracked 
| 134|0x0000000089800000, 0x0000000089800000, 0x0000000089900000|  0%| F|  |TAMS 0x0000000089800000, 0x0000000089800000| Untracked 
| 135|0x0000000089900000, 0x0000000089900000, 0x0000000089a00000|  0%| F|  |TAMS 0x0000000089900000, 0x0000000089900000| Untracked 
| 136|0x0000000089a00000, 0x0000000089a00000, 0x0000000089b00000|  0%| F|  |TAMS 0x0000000089a00000, 0x0000000089a00000| Untracked 
| 137|0x0000000089b00000, 0x0000000089b00000, 0x0000000089c00000|  0%| F|  |TAMS 0x0000000089b00000, 0x0000000089b00000| Untracked 
| 138|0x0000000089c00000, 0x0000000089c00000, 0x0000000089d00000|  0%| F|  |TAMS 0x0000000089c00000, 0x0000000089c00000| Untracked 
| 139|0x0000000089d00000, 0x0000000089d00000, 0x0000000089e00000|  0%| F|  |TAMS 0x0000000089d00000, 0x0000000089d00000| Untracked 
| 140|0x0000000089e00000, 0x0000000089e00000, 0x0000000089f00000|  0%| F|  |TAMS 0x0000000089e00000, 0x0000000089e00000| Untracked 
| 141|0x0000000089f00000, 0x0000000089f00000, 0x000000008a000000|  0%| F|  |TAMS 0x0000000089f00000, 0x0000000089f00000| Untracked 
| 142|0x000000008a000000, 0x000000008a000000, 0x000000008a100000|  0%| F|  |TAMS 0x000000008a000000, 0x000000008a000000| Untracked 
| 143|0x000000008a100000, 0x000000008a100000, 0x000000008a200000|  0%| F|  |TAMS 0x000000008a100000, 0x000000008a100000| Untracked 
| 144|0x000000008a200000, 0x000000008a200000, 0x000000008a300000|  0%| F|  |TAMS 0x000000008a200000, 0x000000008a200000| Untracked 
| 145|0x000000008a300000, 0x000000008a300000, 0x000000008a400000|  0%| F|  |TAMS 0x000000008a300000, 0x000000008a300000| Untracked 
| 146|0x000000008a400000, 0x000000008a400000, 0x000000008a500000|  0%| F|  |TAMS 0x000000008a400000, 0x000000008a400000| Untracked 
| 147|0x000000008a500000, 0x000000008a500000, 0x000000008a600000|  0%| F|  |TAMS 0x000000008a500000, 0x000000008a500000| Untracked 
| 148|0x000000008a600000, 0x000000008a600000, 0x000000008a700000|  0%| F|  |TAMS 0x000000008a600000, 0x000000008a600000| Untracked 
| 149|0x000000008a700000, 0x000000008a700000, 0x000000008a800000|  0%| F|  |TAMS 0x000000008a700000, 0x000000008a700000| Untracked 
| 150|0x000000008a800000, 0x000000008a800000, 0x000000008a900000|  0%| F|  |TAMS 0x000000008a800000, 0x000000008a800000| Untracked 
| 151|0x000000008a900000, 0x000000008a900000, 0x000000008aa00000|  0%| F|  |TAMS 0x000000008a900000, 0x000000008a900000| Untracked 
| 152|0x000000008aa00000, 0x000000008aa00000, 0x000000008ab00000|  0%| F|  |TAMS 0x000000008aa00000, 0x000000008aa00000| Untracked 
| 153|0x000000008ab00000, 0x000000008ab00000, 0x000000008ac00000|  0%| F|  |TAMS 0x000000008ab00000, 0x000000008ab00000| Untracked 
| 154|0x000000008ac00000, 0x000000008ac00000, 0x000000008ad00000|  0%| F|  |TAMS 0x000000008ac00000, 0x000000008ac00000| Untracked 
| 155|0x000000008ad00000, 0x000000008ad00000, 0x000000008ae00000|  0%| F|  |TAMS 0x000000008ad00000, 0x000000008ad00000| Untracked 
| 156|0x000000008ae00000, 0x000000008ae00000, 0x000000008af00000|  0%| F|  |TAMS 0x000000008ae00000, 0x000000008ae00000| Untracked 
| 157|0x000000008af00000, 0x000000008af00000, 0x000000008b000000|  0%| F|  |TAMS 0x000000008af00000, 0x000000008af00000| Untracked 
| 158|0x000000008b000000, 0x000000008b000000, 0x000000008b100000|  0%| F|  |TAMS 0x000000008b000000, 0x000000008b000000| Untracked 
| 159|0x000000008b100000, 0x000000008b100000, 0x000000008b200000|  0%| F|  |TAMS 0x000000008b100000, 0x000000008b100000| Untracked 
| 160|0x000000008b200000, 0x000000008b200000, 0x000000008b300000|  0%| F|  |TAMS 0x000000008b200000, 0x000000008b200000| Untracked 
| 161|0x000000008b300000, 0x000000008b300000, 0x000000008b400000|  0%| F|  |TAMS 0x000000008b300000, 0x000000008b300000| Untracked 
| 162|0x000000008b400000, 0x000000008b400000, 0x000000008b500000|  0%| F|  |TAMS 0x000000008b400000, 0x000000008b400000| Untracked 
| 163|0x000000008b500000, 0x000000008b500000, 0x000000008b600000|  0%| F|  |TAMS 0x000000008b500000, 0x000000008b500000| Untracked 
| 164|0x000000008b600000, 0x000000008b600000, 0x000000008b700000|  0%| F|  |TAMS 0x000000008b600000, 0x000000008b600000| Untracked 
| 165|0x000000008b700000, 0x000000008b700000, 0x000000008b800000|  0%| F|  |TAMS 0x000000008b700000, 0x000000008b700000| Untracked 
| 166|0x000000008b800000, 0x000000008b800000, 0x000000008b900000|  0%| F|  |TAMS 0x000000008b800000, 0x000000008b800000| Untracked 
| 167|0x000000008b900000, 0x000000008b900000, 0x000000008ba00000|  0%| F|  |TAMS 0x000000008b900000, 0x000000008b900000| Untracked 
| 168|0x000000008ba00000, 0x000000008ba00000, 0x000000008bb00000|  0%| F|  |TAMS 0x000000008ba00000, 0x000000008ba00000| Untracked 
| 169|0x000000008bb00000, 0x000000008bb00000, 0x000000008bc00000|  0%| F|  |TAMS 0x000000008bb00000, 0x000000008bb00000| Untracked 
| 170|0x000000008bc00000, 0x000000008bc00000, 0x000000008bd00000|  0%| F|  |TAMS 0x000000008bc00000, 0x000000008bc00000| Untracked 
| 171|0x000000008bd00000, 0x000000008bd00000, 0x000000008be00000|  0%| F|  |TAMS 0x000000008bd00000, 0x000000008bd00000| Untracked 
| 172|0x000000008be00000, 0x000000008be00000, 0x000000008bf00000|  0%| F|  |TAMS 0x000000008be00000, 0x000000008be00000| Untracked 
| 173|0x000000008bf00000, 0x000000008bf00000, 0x000000008c000000|  0%| F|  |TAMS 0x000000008bf00000, 0x000000008bf00000| Untracked 
| 174|0x000000008c000000, 0x000000008c000000, 0x000000008c100000|  0%| F|  |TAMS 0x000000008c000000, 0x000000008c000000| Untracked 
| 175|0x000000008c100000, 0x000000008c100000, 0x000000008c200000|  0%| F|  |TAMS 0x000000008c100000, 0x000000008c100000| Untracked 
| 176|0x000000008c200000, 0x000000008c200000, 0x000000008c300000|  0%| F|  |TAMS 0x000000008c200000, 0x000000008c200000| Untracked 
| 177|0x000000008c300000, 0x000000008c300000, 0x000000008c400000|  0%| F|  |TAMS 0x000000008c300000, 0x000000008c300000| Untracked 
| 178|0x000000008c400000, 0x000000008c400000, 0x000000008c500000|  0%| F|  |TAMS 0x000000008c400000, 0x000000008c400000| Untracked 
| 179|0x000000008c500000, 0x000000008c500000, 0x000000008c600000|  0%| F|  |TAMS 0x000000008c500000, 0x000000008c500000| Untracked 
| 180|0x000000008c600000, 0x000000008c600000, 0x000000008c700000|  0%| F|  |TAMS 0x000000008c600000, 0x000000008c600000| Untracked 
| 181|0x000000008c700000, 0x000000008c700000, 0x000000008c800000|  0%| F|  |TAMS 0x000000008c700000, 0x000000008c700000| Untracked 
| 182|0x000000008c800000, 0x000000008c800000, 0x000000008c900000|  0%| F|  |TAMS 0x000000008c800000, 0x000000008c800000| Untracked 
| 183|0x000000008c900000, 0x000000008c900000, 0x000000008ca00000|  0%| F|  |TAMS 0x000000008c900000, 0x000000008c900000| Untracked 
| 184|0x000000008ca00000, 0x000000008ca00000, 0x000000008cb00000|  0%| F|  |TAMS 0x000000008ca00000, 0x000000008ca00000| Untracked 
| 185|0x000000008cb00000, 0x000000008cb00000, 0x000000008cc00000|  0%| F|  |TAMS 0x000000008cb00000, 0x000000008cb00000| Untracked 
| 186|0x000000008cc00000, 0x000000008cc00000, 0x000000008cd00000|  0%| F|  |TAMS 0x000000008cc00000, 0x000000008cc00000| Untracked 
| 187|0x000000008cd00000, 0x000000008cd00000, 0x000000008ce00000|  0%| F|  |TAMS 0x000000008cd00000, 0x000000008cd00000| Untracked 
| 188|0x000000008ce00000, 0x000000008ce00000, 0x000000008cf00000|  0%| F|  |TAMS 0x000000008ce00000, 0x000000008ce00000| Untracked 
| 189|0x000000008cf00000, 0x000000008cf00000, 0x000000008d000000|  0%| F|  |TAMS 0x000000008cf00000, 0x000000008cf00000| Untracked 
| 190|0x000000008d000000, 0x000000008d000000, 0x000000008d100000|  0%| F|  |TAMS 0x000000008d000000, 0x000000008d000000| Untracked 
| 191|0x000000008d100000, 0x000000008d100000, 0x000000008d200000|  0%| F|  |TAMS 0x000000008d100000, 0x000000008d100000| Untracked 
| 192|0x000000008d200000, 0x000000008d200000, 0x000000008d300000|  0%| F|  |TAMS 0x000000008d200000, 0x000000008d200000| Untracked 
| 193|0x000000008d300000, 0x000000008d300000, 0x000000008d400000|  0%| F|  |TAMS 0x000000008d300000, 0x000000008d300000| Untracked 
| 194|0x000000008d400000, 0x000000008d400000, 0x000000008d500000|  0%| F|  |TAMS 0x000000008d400000, 0x000000008d400000| Untracked 
| 195|0x000000008d500000, 0x000000008d500000, 0x000000008d600000|  0%| F|  |TAMS 0x000000008d500000, 0x000000008d500000| Untracked 
| 196|0x000000008d600000, 0x000000008d600000, 0x000000008d700000|  0%| F|  |TAMS 0x000000008d600000, 0x000000008d600000| Untracked 
| 197|0x000000008d700000, 0x000000008d700000, 0x000000008d800000|  0%| F|  |TAMS 0x000000008d700000, 0x000000008d700000| Untracked 
| 198|0x000000008d800000, 0x000000008d800000, 0x000000008d900000|  0%| F|  |TAMS 0x000000008d800000, 0x000000008d800000| Untracked 
| 199|0x000000008d900000, 0x000000008d900000, 0x000000008da00000|  0%| F|  |TAMS 0x000000008d900000, 0x000000008d900000| Untracked 
| 200|0x000000008da00000, 0x000000008da00000, 0x000000008db00000|  0%| F|  |TAMS 0x000000008da00000, 0x000000008da00000| Untracked 
| 201|0x000000008db00000, 0x000000008db00000, 0x000000008dc00000|  0%| F|  |TAMS 0x000000008db00000, 0x000000008db00000| Untracked 
| 202|0x000000008dc00000, 0x000000008dc00000, 0x000000008dd00000|  0%| F|  |TAMS 0x000000008dc00000, 0x000000008dc00000| Untracked 
| 203|0x000000008dd00000, 0x000000008dd00000, 0x000000008de00000|  0%| F|  |TAMS 0x000000008dd00000, 0x000000008dd00000| Untracked 
| 204|0x000000008de00000, 0x000000008de00000, 0x000000008df00000|  0%| F|  |TAMS 0x000000008de00000, 0x000000008de00000| Untracked 
| 205|0x000000008df00000, 0x000000008df00000, 0x000000008e000000|  0%| F|  |TAMS 0x000000008df00000, 0x000000008df00000| Untracked 
| 206|0x000000008e000000, 0x000000008e000000, 0x000000008e100000|  0%| F|  |TAMS 0x000000008e000000, 0x000000008e000000| Untracked 
| 207|0x000000008e100000, 0x000000008e100000, 0x000000008e200000|  0%| F|  |TAMS 0x000000008e100000, 0x000000008e100000| Untracked 
| 208|0x000000008e200000, 0x000000008e200000, 0x000000008e300000|  0%| F|  |TAMS 0x000000008e200000, 0x000000008e200000| Untracked 
| 209|0x000000008e300000, 0x000000008e300000, 0x000000008e400000|  0%| F|  |TAMS 0x000000008e300000, 0x000000008e300000| Untracked 
| 210|0x000000008e400000, 0x000000008e400000, 0x000000008e500000|  0%| F|  |TAMS 0x000000008e400000, 0x000000008e400000| Untracked 
| 211|0x000000008e500000, 0x000000008e500000, 0x000000008e600000|  0%| F|  |TAMS 0x000000008e500000, 0x000000008e500000| Untracked 
| 212|0x000000008e600000, 0x000000008e600000, 0x000000008e700000|  0%| F|  |TAMS 0x000000008e600000, 0x000000008e600000| Untracked 
| 213|0x000000008e700000, 0x000000008e700000, 0x000000008e800000|  0%| F|  |TAMS 0x000000008e700000, 0x000000008e700000| Untracked 
| 214|0x000000008e800000, 0x000000008e800000, 0x000000008e900000|  0%| F|  |TAMS 0x000000008e800000, 0x000000008e800000| Untracked 
| 215|0x000000008e900000, 0x000000008e900000, 0x000000008ea00000|  0%| F|  |TAMS 0x000000008e900000, 0x000000008e900000| Untracked 
| 216|0x000000008ea00000, 0x000000008ea00000, 0x000000008eb00000|  0%| F|  |TAMS 0x000000008ea00000, 0x000000008ea00000| Untracked 
| 217|0x000000008eb00000, 0x000000008eb00000, 0x000000008ec00000|  0%| F|  |TAMS 0x000000008eb00000, 0x000000008eb00000| Untracked 
| 218|0x000000008ec00000, 0x000000008ec00000, 0x000000008ed00000|  0%| F|  |TAMS 0x000000008ec00000, 0x000000008ec00000| Untracked 
| 219|0x000000008ed00000, 0x000000008ed00000, 0x000000008ee00000|  0%| F|  |TAMS 0x000000008ed00000, 0x000000008ed00000| Untracked 
| 220|0x000000008ee00000, 0x000000008ee00000, 0x000000008ef00000|  0%| F|  |TAMS 0x000000008ee00000, 0x000000008ee00000| Untracked 
| 221|0x000000008ef00000, 0x000000008ef00000, 0x000000008f000000|  0%| F|  |TAMS 0x000000008ef00000, 0x000000008ef00000| Untracked 
| 222|0x000000008f000000, 0x000000008f000000, 0x000000008f100000|  0%| F|  |TAMS 0x000000008f000000, 0x000000008f000000| Untracked 
| 223|0x000000008f100000, 0x000000008f100000, 0x000000008f200000|  0%| F|  |TAMS 0x000000008f100000, 0x000000008f100000| Untracked 
| 224|0x000000008f200000, 0x000000008f200000, 0x000000008f300000|  0%| F|  |TAMS 0x000000008f200000, 0x000000008f200000| Untracked 
| 225|0x000000008f300000, 0x000000008f300000, 0x000000008f400000|  0%| F|  |TAMS 0x000000008f300000, 0x000000008f300000| Untracked 
| 226|0x000000008f400000, 0x000000008f400000, 0x000000008f500000|  0%| F|  |TAMS 0x000000008f400000, 0x000000008f400000| Untracked 
| 227|0x000000008f500000, 0x000000008f500000, 0x000000008f600000|  0%| F|  |TAMS 0x000000008f500000, 0x000000008f500000| Untracked 
| 228|0x000000008f600000, 0x000000008f600000, 0x000000008f700000|  0%| F|  |TAMS 0x000000008f600000, 0x000000008f600000| Untracked 
| 229|0x000000008f700000, 0x000000008f700000, 0x000000008f800000|  0%| F|  |TAMS 0x000000008f700000, 0x000000008f700000| Untracked 
| 230|0x000000008f800000, 0x000000008f800000, 0x000000008f900000|  0%| F|  |TAMS 0x000000008f800000, 0x000000008f800000| Untracked 
| 231|0x000000008f900000, 0x000000008f900000, 0x000000008fa00000|  0%| F|  |TAMS 0x000000008f900000, 0x000000008f900000| Untracked 
| 232|0x000000008fa00000, 0x000000008fa00000, 0x000000008fb00000|  0%| F|  |TAMS 0x000000008fa00000, 0x000000008fa00000| Untracked 
| 233|0x000000008fb00000, 0x000000008fb00000, 0x000000008fc00000|  0%| F|  |TAMS 0x000000008fb00000, 0x000000008fb00000| Untracked 
| 234|0x000000008fc00000, 0x000000008fc00000, 0x000000008fd00000|  0%| F|  |TAMS 0x000000008fc00000, 0x000000008fc00000| Untracked 
| 235|0x000000008fd00000, 0x000000008fd00000, 0x000000008fe00000|  0%| F|  |TAMS 0x000000008fd00000, 0x000000008fd00000| Untracked 
| 236|0x000000008fe00000, 0x000000008fe00000, 0x000000008ff00000|  0%| F|  |TAMS 0x000000008fe00000, 0x000000008fe00000| Untracked 
| 237|0x000000008ff00000, 0x000000008ff00000, 0x0000000090000000|  0%| F|  |TAMS 0x000000008ff00000, 0x000000008ff00000| Untracked 
| 238|0x0000000090000000, 0x0000000090000000, 0x0000000090100000|  0%| F|  |TAMS 0x0000000090000000, 0x0000000090000000| Untracked 
| 239|0x0000000090100000, 0x0000000090100000, 0x0000000090200000|  0%| F|  |TAMS 0x0000000090100000, 0x0000000090100000| Untracked 
| 240|0x0000000090200000, 0x0000000090200000, 0x0000000090300000|  0%| F|  |TAMS 0x0000000090200000, 0x0000000090200000| Untracked 
| 241|0x0000000090300000, 0x0000000090300000, 0x0000000090400000|  0%| F|  |TAMS 0x0000000090300000, 0x0000000090300000| Untracked 

Card table byte_map: [0x0000026ab60c0000,0x0000026ab64c0000] _byte_map_base: 0x0000026ab5cb7000

Marking Bits (Prev, Next): (CMBitMap*) 0x0000026aae4a6ef0, (CMBitMap*) 0x0000026aae4a6f30
 Prev Bits: [0x0000026ab68c0000, 0x0000026ab8878000)
 Next Bits: [0x0000026ab8880000, 0x0000026aba838000)

Polling page: 0x0000026aae280000

Metaspace:

Usage:
  Non-class:     29.80 MB used.
      Class:      4.45 MB used.
       Both:     34.25 MB used.

Virtual space:
  Non-class space:       32.00 MB reserved,      29.94 MB ( 94%) committed,  4 nodes.
      Class space:        1.00 GB reserved,       4.62 MB ( <1%) committed,  1 nodes.
             Both:        1.03 GB reserved,      34.56 MB (  3%) committed. 

Chunk freelists:
   Non-Class:  1.41 MB
       Class:  3.36 MB
        Both:  4.77 MB

MaxMetaspaceSize: unlimited
CompressedClassSpaceSize: 1.00 GB
Initial GC threshold: 21.00 MB
Current GC threshold: 57.62 MB
CDS: off
MetaspaceReclaimPolicy: balanced
 - commit_granule_bytes: 65536.
 - commit_granule_words: 8192.
 - virtual_space_node_default_size: 1048576.
 - enlarge_chunks_in_place: 1.
 - new_chunks_are_fully_committed: 0.
 - uncommit_free_chunks: 1.
 - use_allocation_guard: 0.
 - handle_deallocations: 1.


Internal statistics:

num_allocs_failed_limit: 3.
num_arena_births: 300.
num_arena_deaths: 0.
num_vsnodes_births: 5.
num_vsnodes_deaths: 0.
num_space_committed: 553.
num_space_uncommitted: 0.
num_chunks_returned_to_freelist: 3.
num_chunks_taken_from_freelist: 1285.
num_chunk_merges: 3.
num_chunk_splits: 881.
num_chunks_enlarged: 703.
num_purges: 0.
num_inconsistent_stats: 0.

CodeCache: size=49152Kb used=8427Kb max_used=8427Kb free=40724Kb
 bounds [0x0000026ab2880000, 0x0000026ab30c0000, 0x0000026ab5880000]
 total_blobs=4178 nmethods=3653 adapters=450
 compilation: enabled
              stopped_count=0, restarted_count=0
 full_count=0

Compilation events (20 events):
Event: 16.325 Thread 0x0000026abda25400 3648   !   1       jdk.internal.module.SystemModuleFinders$SystemModuleReader::toInputStream (43 bytes)
Event: 16.326 Thread 0x0000026abda2ecc0 nmethod 3644 0x0000026ab30b1010 code [0x0000026ab30b1200, 0x0000026ab30b1598]
Event: 16.326 Thread 0x0000026abda2ecc0 3650       1       jdk.internal.module.SystemModuleFinders$SystemModuleReader::release (10 bytes)
Event: 16.326 Thread 0x0000026abda25400 nmethod 3648 0x0000026ab30b1790 code [0x0000026ab30b1980, 0x0000026ab30b1ea8]
Event: 16.326 Thread 0x0000026abda25400 3641       1       jdk.internal.module.SystemModuleFinders$SystemModuleReader::open (15 bytes)
Event: 16.326 Thread 0x0000026abda2ecc0 nmethod 3650 0x0000026ab30b2190 code [0x0000026ab30b2340, 0x0000026ab30b2538]
Event: 16.326 Thread 0x0000026abda2ecc0 3642       1       nonapi.io.github.classgraph.utils.ProxyingInputStream::read (11 bytes)
Event: 16.326 Thread 0x0000026abda2ecc0 nmethod 3642 0x0000026ab30b2690 code [0x0000026ab30b2820, 0x0000026ab30b2908]
Event: 16.326 Thread 0x0000026abda2ecc0 3645       1       io.github.classgraph.Classfile::readBasicClassInfo (339 bytes)
Event: 16.327 Thread 0x0000026abd8083b0 nmethod 3640 0x0000026ab30b2990 code [0x0000026ab30b2ea0, 0x0000026ab30b47c8]
Event: 16.327 Thread 0x0000026abda25400 nmethod 3641 0x0000026ab30b5d90 code [0x0000026ab30b5fa0, 0x0000026ab30b6568]
Event: 16.327 Thread 0x0000026abd8083b0 3649   !   1       nonapi.io.github.classgraph.fileslice.reader.ClassfileReader::close (43 bytes)
Event: 16.328 Thread 0x0000026abd8083b0 nmethod 3649 0x0000026ab30b6890 code [0x0000026ab30b6a40, 0x0000026ab30b6c18]
Event: 16.329 Thread 0x0000026abd8083b0 3651       1       nonapi.io.github.classgraph.fileslice.reader.ClassfileReader::readTo (292 bytes)
Event: 16.330 Thread 0x0000026abda2ecc0 nmethod 3645 0x0000026ab30b6d10 code [0x0000026ab30b7080, 0x0000026ab30b7ee8]
Event: 16.331 Thread 0x0000026abd8083b0 nmethod 3651 0x0000026ab30b8790 code [0x0000026ab30b89a0, 0x0000026ab30b9068]
Event: 16.389 Thread 0x0000026abda2ecc0 3652  s!   1       jdk.internal.loader.URLClassPath::getLoader (196 bytes)
Event: 16.392 Thread 0x0000026abda2ecc0 nmethod 3652 0x0000026ab30b9290 code [0x0000026ab30b9540, 0x0000026ab30b9f58]
Event: 21.358 Thread 0x0000026abda2ecc0 3653       1       io.github.classgraph.ModuleRef::getReference (5 bytes)
Event: 21.359 Thread 0x0000026abda2ecc0 nmethod 3653 0x0000026ab30bac10 code [0x0000026ab30bada0, 0x0000026ab30bae78]

GC Heap History (20 events):
Event: 16.105 GC heap after
{Heap after GC invocations=20 (full 0):
 garbage-first heap   total 106496K, used 59836K [0x0000000081200000, 0x0000000100000000)
  region size 1024K, 3 young (3072K), 3 survivors (3072K)
 Metaspace       used 34873K, committed 35136K, reserved 1081344K
  class space    used 4535K, committed 4672K, reserved 1048576K
}
Event: 16.140 GC heap before
{Heap before GC invocations=20 (full 0):
 garbage-first heap   total 106496K, used 61884K [0x0000000081200000, 0x0000000100000000)
  region size 1024K, 5 young (5120K), 3 survivors (3072K)
 Metaspace       used 34876K, committed 35136K, reserved 1081344K
  class space    used 4536K, committed 4672K, reserved 1048576K
}
Event: 16.156 GC heap after
{Heap after GC invocations=21 (full 0):
 garbage-first heap   total 106496K, used 61753K [0x0000000081200000, 0x0000000100000000)
  region size 1024K, 1 young (1024K), 1 survivors (1024K)
 Metaspace       used 34876K, committed 35136K, reserved 1081344K
  class space    used 4536K, committed 4672K, reserved 1048576K
}
Event: 16.265 GC heap before
{Heap before GC invocations=21 (full 0):
 garbage-first heap   total 106496K, used 77113K [0x0000000081200000, 0x0000000100000000)
  region size 1024K, 17 young (17408K), 1 survivors (1024K)
 Metaspace       used 34958K, committed 35328K, reserved 1081344K
  class space    used 4545K, committed 4736K, reserved 1048576K
}
Event: 16.300 GC heap after
{Heap after GC invocations=22 (full 0):
 garbage-first heap   total 247808K, used 64733K [0x0000000081200000, 0x0000000100000000)
  region size 1024K, 3 young (3072K), 3 survivors (3072K)
 Metaspace       used 34958K, committed 35328K, reserved 1081344K
  class space    used 4545K, committed 4736K, reserved 1048576K
}
Event: 16.486 GC heap before
{Heap before GC invocations=22 (full 0):
 garbage-first heap   total 247808K, used 129245K [0x0000000081200000, 0x0000000100000000)
  region size 1024K, 67 young (68608K), 3 survivors (3072K)
 Metaspace       used 35069K, committed 35392K, reserved 1081344K
  class space    used 4558K, committed 4736K, reserved 1048576K
}
Event: 16.505 GC heap after
{Heap after GC invocations=23 (full 0):
 garbage-first heap   total 247808K, used 67580K [0x0000000081200000, 0x0000000100000000)
  region size 1024K, 6 young (6144K), 6 survivors (6144K)
 Metaspace       used 35069K, committed 35392K, reserved 1081344K
  class space    used 4558K, committed 4736K, reserved 1048576K
}
Event: 16.756 GC heap before
{Heap before GC invocations=24 (full 0):
 garbage-first heap   total 247808K, used 174076K [0x0000000081200000, 0x0000000100000000)
  region size 1024K, 112 young (114688K), 6 survivors (6144K)
 Metaspace       used 35069K, committed 35392K, reserved 1081344K
  class space    used 4558K, committed 4736K, reserved 1048576K
}
Event: 16.773 GC heap after
{Heap after GC invocations=25 (full 0):
 garbage-first heap   total 247808K, used 70821K [0x0000000081200000, 0x0000000100000000)
  region size 1024K, 10 young (10240K), 10 survivors (10240K)
 Metaspace       used 35069K, committed 35392K, reserved 1081344K
  class space    used 4558K, committed 4736K, reserved 1048576K
}
Event: 16.820 GC heap before
{Heap before GC invocations=25 (full 0):
 garbage-first heap   total 247808K, used 71845K [0x0000000081200000, 0x0000000100000000)
  region size 1024K, 12 young (12288K), 10 survivors (10240K)
 Metaspace       used 35069K, committed 35392K, reserved 1081344K
  class space    used 4558K, committed 4736K, reserved 1048576K
}
Event: 16.839 GC heap after
{Heap after GC invocations=26 (full 0):
 garbage-first heap   total 247808K, used 70479K [0x0000000081200000, 0x0000000100000000)
  region size 1024K, 2 young (2048K), 2 survivors (2048K)
 Metaspace       used 35069K, committed 35392K, reserved 1081344K
  class space    used 4558K, committed 4736K, reserved 1048576K
}
Event: 17.532 GC heap before
{Heap before GC invocations=26 (full 0):
 garbage-first heap   total 247808K, used 182095K [0x0000000081200000, 0x0000000100000000)
  region size 1024K, 112 young (114688K), 2 survivors (2048K)
 Metaspace       used 35069K, committed 35392K, reserved 1081344K
  class space    used 4558K, committed 4736K, reserved 1048576K
}
Event: 17.537 GC heap after
{Heap after GC invocations=27 (full 0):
 garbage-first heap   total 247808K, used 73456K [0x0000000081200000, 0x0000000100000000)
  region size 1024K, 5 young (5120K), 5 survivors (5120K)
 Metaspace       used 35069K, committed 35392K, reserved 1081344K
  class space    used 4558K, committed 4736K, reserved 1048576K
}
Event: 18.712 GC heap before
{Heap before GC invocations=27 (full 0):
 garbage-first heap   total 247808K, used 188144K [0x0000000081200000, 0x0000000100000000)
  region size 1024K, 118 young (120832K), 5 survivors (5120K)
 Metaspace       used 35069K, committed 35392K, reserved 1081344K
  class space    used 4558K, committed 4736K, reserved 1048576K
}
Event: 18.726 GC heap after
{Heap after GC invocations=28 (full 0):
 garbage-first heap   total 247808K, used 78429K [0x0000000081200000, 0x0000000100000000)
  region size 1024K, 10 young (10240K), 10 survivors (10240K)
 Metaspace       used 35069K, committed 35392K, reserved 1081344K
  class space    used 4558K, committed 4736K, reserved 1048576K
}
Event: 20.791 GC heap before
{Heap before GC invocations=28 (full 0):
 garbage-first heap   total 247808K, used 192093K [0x0000000081200000, 0x0000000100000000)
  region size 1024K, 122 young (124928K), 10 survivors (10240K)
 Metaspace       used 35069K, committed 35392K, reserved 1081344K
  class space    used 4558K, committed 4736K, reserved 1048576K
}
Event: 20.805 GC heap after
{Heap after GC invocations=29 (full 0):
 garbage-first heap   total 247808K, used 83379K [0x0000000081200000, 0x0000000100000000)
  region size 1024K, 10 young (10240K), 10 survivors (10240K)
 Metaspace       used 35069K, committed 35392K, reserved 1081344K
  class space    used 4558K, committed 4736K, reserved 1048576K
}
Event: 21.165 GC heap before
{Heap before GC invocations=29 (full 0):
 garbage-first heap   total 247808K, used 198067K [0x0000000081200000, 0x0000000100000000)
  region size 1024K, 123 young (125952K), 10 survivors (10240K)
 Metaspace       used 35069K, committed 35392K, reserved 1081344K
  class space    used 4558K, committed 4736K, reserved 1048576K
}
Event: 21.177 GC heap after
{Heap after GC invocations=30 (full 0):
 garbage-first heap   total 247808K, used 88514K [0x0000000081200000, 0x0000000100000000)
  region size 1024K, 10 young (10240K), 10 survivors (10240K)
 Metaspace       used 35069K, committed 35392K, reserved 1081344K
  class space    used 4558K, committed 4736K, reserved 1048576K
}
Event: 21.564 GC heap before
{Heap before GC invocations=30 (full 0):
 garbage-first heap   total 247808K, used 201154K [0x0000000081200000, 0x0000000100000000)
  region size 1024K, 121 young (123904K), 10 survivors (10240K)
 Metaspace       used 35069K, committed 35392K, reserved 1081344K
  class space    used 4558K, committed 4736K, reserved 1048576K
}

Deoptimization events (12 events):
Event: 7.167 Thread 0x0000026aae44a500 DEOPT PACKING pc=0x0000026ab2d23719 sp=0x000000acc7bfd2b0
Event: 7.167 Thread 0x0000026aae44a500 DEOPT UNPACKING pc=0x0000026ab28d2b43 sp=0x000000acc7bfc790 mode 3
Event: 11.916 Thread 0x0000026aae44a500 DEOPT PACKING pc=0x0000026ab2e8e219 sp=0x000000acc7bfc7b0
Event: 11.916 Thread 0x0000026aae44a500 DEOPT UNPACKING pc=0x0000026ab28d2b43 sp=0x000000acc7bfbc90 mode 3
Event: 12.186 Thread 0x0000026abd890c60 DEOPT PACKING pc=0x0000026ab2eef42b sp=0x000000acc92fea50
Event: 12.186 Thread 0x0000026abd890c60 DEOPT UNPACKING pc=0x0000026ab28d2b43 sp=0x000000acc92fdf98 mode 3
Event: 13.036 Thread 0x0000026abf912920 DEOPT PACKING pc=0x0000026ab2d24a81 sp=0x000000acc96ff130
Event: 13.036 Thread 0x0000026abf912920 DEOPT UNPACKING pc=0x0000026ab28d2b43 sp=0x000000acc96fe5c0 mode 3
Event: 14.077 Thread 0x0000026abf9181c0 DEOPT PACKING pc=0x0000026ab3056635 sp=0x000000acc9ffd630
Event: 14.078 Thread 0x0000026abf9181c0 DEOPT UNPACKING pc=0x0000026ab28d2b43 sp=0x000000acc9ffcb58 mode 3
Event: 15.611 Thread 0x0000026abf912920 DEOPT PACKING pc=0x0000026ab2d1e317 sp=0x000000acc96ff260
Event: 15.611 Thread 0x0000026abf912920 DEOPT UNPACKING pc=0x0000026ab28d2b43 sp=0x000000acc96fe6b8 mode 3

Classes unloaded (0 events):
No events

Classes redefined (0 events):
No events

Internal exceptions (20 events):
Event: 12.359 Thread 0x0000026abe1ee820 Exception <a 'sun/nio/fs/WindowsException'{0x00000000836d65a8}> (0x00000000836d65a8) 
thrown [s\src\hotspot\share\prims\jni.cpp, line 516]
Event: 12.359 Thread 0x0000026abe1ee820 Exception <a 'sun/nio/fs/WindowsException'{0x00000000836d6968}> (0x00000000836d6968) 
thrown [s\src\hotspot\share\prims\jni.cpp, line 516]
Event: 12.359 Thread 0x0000026abe1ee820 Exception <a 'sun/nio/fs/WindowsException'{0x00000000836d7378}> (0x00000000836d7378) 
thrown [s\src\hotspot\share\prims\jni.cpp, line 516]
Event: 12.359 Thread 0x0000026abe1ee820 Exception <a 'sun/nio/fs/WindowsException'{0x00000000836d7750}> (0x00000000836d7750) 
thrown [s\src\hotspot\share\prims\jni.cpp, line 516]
Event: 12.360 Thread 0x0000026abe1ee820 Exception <a 'sun/nio/fs/WindowsException'{0x00000000836d8160}> (0x00000000836d8160) 
thrown [s\src\hotspot\share\prims\jni.cpp, line 516]
Event: 12.360 Thread 0x0000026abe1ee820 Exception <a 'sun/nio/fs/WindowsException'{0x00000000836d8520}> (0x00000000836d8520) 
thrown [s\src\hotspot\share\prims\jni.cpp, line 516]
Event: 12.361 Thread 0x0000026abe1ee820 Exception <a 'sun/nio/fs/WindowsException'{0x00000000836d8f30}> (0x00000000836d8f30) 
thrown [s\src\hotspot\share\prims\jni.cpp, line 516]
Event: 12.361 Thread 0x0000026abe1ee820 Exception <a 'sun/nio/fs/WindowsException'{0x00000000836d9308}> (0x00000000836d9308) 
thrown [s\src\hotspot\share\prims\jni.cpp, line 516]
Event: 12.361 Thread 0x0000026abe1ee820 Exception <a 'sun/nio/fs/WindowsException'{0x00000000836d9d40}> (0x00000000836d9d40) 
thrown [s\src\hotspot\share\prims\jni.cpp, line 516]
Event: 12.362 Thread 0x0000026abe1ee820 Exception <a 'sun/nio/fs/WindowsException'{0x00000000836da130}> (0x00000000836da130) 
thrown [s\src\hotspot\share\prims\jni.cpp, line 516]
Event: 12.362 Thread 0x0000026abe1ee820 Exception <a 'sun/nio/fs/WindowsException'{0x00000000836dab80}> (0x00000000836dab80) 
thrown [s\src\hotspot\share\prims\jni.cpp, line 516]
Event: 12.365 Thread 0x0000026abe1ee820 Exception <a 'sun/nio/fs/WindowsException'{0x00000000836daf90}> (0x00000000836daf90) 
thrown [s\src\hotspot\share\prims\jni.cpp, line 516]
Event: 12.365 Thread 0x0000026abe1ee820 Exception <a 'sun/nio/fs/WindowsException'{0x00000000836db9c8}> (0x00000000836db9c8) 
thrown [s\src\hotspot\share\prims\jni.cpp, line 516]
Event: 12.365 Thread 0x0000026abe1ee820 Exception <a 'sun/nio/fs/WindowsException'{0x00000000836dbdd0}> (0x00000000836dbdd0) 
thrown [s\src\hotspot\share\prims\jni.cpp, line 516]
Event: 14.068 Thread 0x0000026abf9181c0 Exception <a 'java/lang/NoSuchMethodError'{0x00000000861ff988}: 'java.lang.Object java.lang.invoke.DirectMethodHandle$Holder.invokeStatic(java.lang.Object, int, java.lang.Object)'> (0x00000000861ff988) 
thrown [s\src\hotspot\share\interpreter\linkResolver.cpp, line 759]
Event: 14.079 Thread 0x0000026abf919030 Exception <a 'java/lang/NoSuchMethodError'{0x00000000860c0ef8}: 'java.lang.Object java.lang.invoke.DirectMethodHandle$Holder.invokeStatic(java.lang.Object, java.lang.Object, java.lang.Object, int, java.lang.Object, java.lang.Object)'> (0x00000000860c0ef8) 
thrown [s\src\hotspot\share\interpreter\linkResolver.cpp, line 759]
Event: 14.270 Thread 0x0000026abf919030 Exception <a 'java/lang/reflect/InvocationTargetException'{0x0000000085586dd0}> (0x0000000085586dd0) 
thrown [s\src\hotspot\share\runtime\reflection.cpp, line 1121]
Event: 14.877 Thread 0x0000026abf9181c0 Exception <a 'java/lang/NoSuchMethodError'{0x0000000087c907a0}: 'int java.lang.invoke.DirectMethodHandle$Holder.invokeStatic(java.lang.Object)'> (0x0000000087c907a0) 
thrown [s\src\hotspot\share\interpreter\linkResolver.cpp, line 759]
Event: 14.877 Thread 0x0000026abf9181c0 Exception <a 'java/lang/NoSuchMethodError'{0x0000000087c9c588}: 'int java.lang.invoke.DirectMethodHandle$Holder.invokeStaticInit(java.lang.Object)'> (0x0000000087c9c588) 
thrown [s\src\hotspot\share\interpreter\linkResolver.cpp, line 759]
Event: 14.980 Thread 0x0000026abf919030 Exception <a 'java/lang/NoSuchMethodError'{0x0000000087ba0a48}: 'int java.lang.invoke.DirectMethodHandle$Holder.invokeVirtual(java.lang.Object, java.lang.Object)'> (0x0000000087ba0a48) 
thrown [s\src\hotspot\share\interpreter\linkResolver.cpp, line 759]

VM Operations (20 events):
Event: 16.773 Executing VM operation: G1CollectForAllocation done
Event: 16.804 Executing VM operation: G1CollectForAllocation
Event: 16.820 Executing VM operation: G1CollectForAllocation done
Event: 16.820 Executing VM operation: G1CollectForAllocation
Event: 16.839 Executing VM operation: G1CollectForAllocation done
Event: 17.532 Executing VM operation: G1CollectForAllocation
Event: 17.538 Executing VM operation: G1CollectForAllocation done
Event: 18.539 Executing VM operation: Cleanup
Event: 18.557 Executing VM operation: Cleanup done
Event: 18.711 Executing VM operation: G1CollectForAllocation
Event: 18.737 Executing VM operation: G1CollectForAllocation done
Event: 20.774 Executing VM operation: G1CollectForAllocation
Event: 20.791 Executing VM operation: G1CollectForAllocation done
Event: 20.791 Executing VM operation: G1CollectForAllocation
Event: 20.805 Executing VM operation: G1CollectForAllocation done
Event: 21.165 Executing VM operation: G1CollectForAllocation
Event: 21.165 Executing VM operation: G1CollectForAllocation done
Event: 21.165 Executing VM operation: G1CollectForAllocation
Event: 21.177 Executing VM operation: G1CollectForAllocation done
Event: 21.564 Executing VM operation: G1CollectForAllocation

Events (20 events):
Event: 14.281 loading class java/util/concurrent/CompletableFuture$UniApply done
Event: 14.286 Thread 0x0000026abf919500 Thread added: 0x0000026abf919500
Event: 14.286 loading class java/util/concurrent/CompletableFuture$UniExceptionally
Event: 14.286 loading class java/util/concurrent/CompletableFuture$UniExceptionally done
Event: 14.296 loading class java/util/concurrent/CompletableFuture$UniCompose
Event: 14.296 loading class java/util/concurrent/CompletableFuture$UniCompose done
Event: 14.300 Thread 0x0000026abf917820 Thread added: 0x0000026abf917820
Event: 14.671 loading class java/util/concurrent/CompletableFuture$UniRelay
Event: 14.671 loading class java/util/concurrent/CompletableFuture$UniRelay done
Event: 14.957 Thread 0x0000026abf916010 Thread added: 0x0000026abf916010
Event: 14.968 loading class java/util/concurrent/CompletionException
Event: 14.968 loading class java/util/concurrent/CompletionException done
Event: 14.989 loading class sun/nio/cs/StringUTF16
Event: 14.989 loading class sun/nio/cs/StringUTF16 done
Event: 15.187 loading class java/util/WeakHashMap$EntrySet
Event: 15.188 loading class java/util/WeakHashMap$EntrySet done
Event: 15.188 loading class java/util/WeakHashMap$EntryIterator
Event: 15.188 loading class java/util/WeakHashMap$HashIterator
Event: 15.188 loading class java/util/WeakHashMap$HashIterator done
Event: 15.188 loading class java/util/WeakHashMap$EntryIterator done


Dynamic libraries:
0x00007ff675c60000 - 0x00007ff675c6e000 	c:\Users\JuanPablo\.vscode\extensions\redhat.java-1.10.0-win32-x64\jre\17.0.4-win32-x86_64\bin\java.exe
0x00007ffb82ab0000 - 0x00007ffb82ca8000 	C:\Windows\SYSTEM32\ntdll.dll
0x00007ffb5aea0000 - 0x00007ffb5aeb7000 	C:\Program Files\Avast Software\Avast\aswhook.dll
0x00007ffb82480000 - 0x00007ffb8253d000 	C:\Windows\System32\KERNEL32.DLL
0x00007ffb804c0000 - 0x00007ffb8078e000 	C:\Windows\System32\KERNELBASE.dll
0x00007ffb7da10000 - 0x00007ffb7daa0000 	C:\Windows\SYSTEM32\apphelp.dll
0x00007ffb809e0000 - 0x00007ffb80ae0000 	C:\Windows\System32\ucrtbase.dll
0x00007ffb707f0000 - 0x00007ffb70808000 	c:\Users\JuanPablo\.vscode\extensions\redhat.java-1.10.0-win32-x64\jre\17.0.4-win32-x86_64\bin\jli.dll
0x00007ffb81a80000 - 0x00007ffb81c20000 	C:\Windows\System32\USER32.dll
0x00007ffb80ae0000 - 0x00007ffb80b02000 	C:\Windows\System32\win32u.dll
0x00007ffb82a20000 - 0x00007ffb82a4a000 	C:\Windows\System32\GDI32.dll
0x00007ffb802d0000 - 0x00007ffb803db000 	C:\Windows\System32\gdi32full.dll
0x00007ffb80940000 - 0x00007ffb809dd000 	C:\Windows\System32\msvcp_win.dll
0x00007ffb79000000 - 0x00007ffb79019000 	c:\Users\JuanPablo\.vscode\extensions\redhat.java-1.10.0-win32-x64\jre\17.0.4-win32-x86_64\bin\VCRUNTIME140.dll
0x00007ffb70430000 - 0x00007ffb706ca000 	C:\Windows\WinSxS\amd64_microsoft.windows.common-controls_6595b64144ccf1df_6.0.19041.1110_none_60b5254171f9507e\COMCTL32.dll
0x00007ffb81260000 - 0x00007ffb812fe000 	C:\Windows\System32\msvcrt.dll
0x00007ffb816c0000 - 0x00007ffb816f0000 	C:\Windows\System32\IMM32.DLL
0x00007ffb7be80000 - 0x00007ffb7be8c000 	c:\Users\JuanPablo\.vscode\extensions\redhat.java-1.10.0-win32-x64\jre\17.0.4-win32-x86_64\bin\vcruntime140_1.dll
0x00007ffb420b0000 - 0x00007ffb42141000 	c:\Users\JuanPablo\.vscode\extensions\redhat.java-1.10.0-win32-x64\jre\17.0.4-win32-x86_64\bin\msvcp140.dll
0x00007ffb32870000 - 0x00007ffb334b6000 	c:\Users\JuanPablo\.vscode\extensions\redhat.java-1.10.0-win32-x64\jre\17.0.4-win32-x86_64\bin\server\jvm.dll
0x00007ffb81cd0000 - 0x00007ffb81d7e000 	C:\Windows\System32\ADVAPI32.dll
0x00007ffb82710000 - 0x00007ffb827ac000 	C:\Windows\System32\sechost.dll
0x00007ffb825d0000 - 0x00007ffb826f5000 	C:\Windows\System32\RPCRT4.dll
0x00007ffb825c0000 - 0x00007ffb825c8000 	C:\Windows\System32\PSAPI.DLL
0x00007ffb6e1a0000 - 0x00007ffb6e1a9000 	C:\Windows\SYSTEM32\WSOCK32.dll
0x00007ffb822d0000 - 0x00007ffb8233b000 	C:\Windows\System32\WS2_32.dll
0x00007ffb661e0000 - 0x00007ffb66207000 	C:\Windows\SYSTEM32\WINMM.dll
0x00007ffb777c0000 - 0x00007ffb777ca000 	C:\Windows\SYSTEM32\VERSION.dll
0x00007ffb7e0d0000 - 0x00007ffb7e0e2000 	C:\Windows\SYSTEM32\kernel.appcore.dll
0x00007ffb7aac0000 - 0x00007ffb7aaca000 	c:\Users\JuanPablo\.vscode\extensions\redhat.java-1.10.0-win32-x64\jre\17.0.4-win32-x86_64\bin\jimage.dll
0x00007ffb76240000 - 0x00007ffb76424000 	C:\Windows\SYSTEM32\DBGHELP.DLL
0x00007ffb76650000 - 0x00007ffb7667c000 	C:\Windows\SYSTEM32\dbgcore.DLL
0x00007ffb801d0000 - 0x00007ffb80252000 	C:\Windows\System32\bcryptPrimitives.dll
0x00007ffb68da0000 - 0x00007ffb68dc5000 	c:\Users\JuanPablo\.vscode\extensions\redhat.java-1.10.0-win32-x64\jre\17.0.4-win32-x86_64\bin\java.dll
0x00007ffb68e00000 - 0x00007ffb68e18000 	c:\Users\JuanPablo\.vscode\extensions\redhat.java-1.10.0-win32-x64\jre\17.0.4-win32-x86_64\bin\zip.dll
0x00007ffb80b10000 - 0x00007ffb81254000 	C:\Windows\System32\SHELL32.dll
0x00007ffb7e2d0000 - 0x00007ffb7ea64000 	C:\Windows\SYSTEM32\windows.storage.dll
0x00007ffb81360000 - 0x00007ffb816b4000 	C:\Windows\System32\combase.dll
0x00007ffb7fc30000 - 0x00007ffb7fc60000 	C:\Windows\SYSTEM32\Wldp.dll
0x00007ffb81c20000 - 0x00007ffb81ccd000 	C:\Windows\System32\SHCORE.dll
0x00007ffb829c0000 - 0x00007ffb82a15000 	C:\Windows\System32\shlwapi.dll
0x00007ffb80110000 - 0x00007ffb8012f000 	C:\Windows\SYSTEM32\profapi.dll
0x00007ffb6ce20000 - 0x00007ffb6ce39000 	C:\Users\JuanPablo\.vscode\extensions\redhat.java-1.10.0-win32-x64\jre\17.0.4-win32-x86_64\bin\net.dll
0x00007ffb71a10000 - 0x00007ffb71b1a000 	C:\Windows\SYSTEM32\WINHTTP.dll
0x00007ffb7f990000 - 0x00007ffb7f9fa000 	C:\Windows\system32\mswsock.dll
0x00007ffb68e50000 - 0x00007ffb68e65000 	C:\Users\JuanPablo\.vscode\extensions\redhat.java-1.10.0-win32-x64\jre\17.0.4-win32-x86_64\bin\nio.dll
0x00007ffb79580000 - 0x00007ffb79590000 	c:\Users\JuanPablo\.vscode\extensions\redhat.java-1.10.0-win32-x64\jre\17.0.4-win32-x86_64\bin\verify.dll
0x00007ffb7bec0000 - 0x00007ffb7bec9000 	C:\Users\JuanPablo\.vscode\extensions\redhat.java-1.10.0-win32-x64\jre\17.0.4-win32-x86_64\bin\management.dll
0x00007ffb74d80000 - 0x00007ffb74d8b000 	C:\Users\JuanPablo\.vscode\extensions\redhat.java-1.10.0-win32-x64\jre\17.0.4-win32-x86_64\bin\management_ext.dll
0x00007ffb650d0000 - 0x00007ffb650e7000 	C:\Windows\system32\napinsp.dll
0x00007ffb622c0000 - 0x00007ffb622db000 	C:\Windows\system32\pnrpnsp.dll
0x00007ffb7b180000 - 0x00007ffb7b195000 	C:\Windows\system32\wshbth.dll
0x00007ffb7bd40000 - 0x00007ffb7bd5d000 	C:\Windows\system32\NLAapi.dll
0x00007ffb7f630000 - 0x00007ffb7f66b000 	C:\Windows\SYSTEM32\IPHLPAPI.DLL
0x00007ffb7f680000 - 0x00007ffb7f74a000 	C:\Windows\SYSTEM32\DNSAPI.dll
0x00007ffb81e50000 - 0x00007ffb81e58000 	C:\Windows\System32\NSI.dll
0x00007ffb622a0000 - 0x00007ffb622b2000 	C:\Windows\System32\winrnr.dll
0x000000005f460000 - 0x000000005f486000 	C:\Program Files\Bonjour\mdnsNSP.dll
0x00007ffb6e190000 - 0x00007ffb6e19a000 	C:\Windows\System32\rasadhlp.dll
0x00007ffb6e620000 - 0x00007ffb6e6a0000 	C:\Windows\System32\fwpuclnt.dll
0x00007ffb803e0000 - 0x00007ffb80407000 	C:\Windows\System32\bcrypt.dll
0x00007ffb7fb80000 - 0x00007ffb7fb98000 	C:\Windows\SYSTEM32\CRYPTSP.dll
0x00007ffb7f2a0000 - 0x00007ffb7f2d4000 	C:\Windows\system32\rsaenh.dll
0x00007ffb80090000 - 0x00007ffb800be000 	C:\Windows\SYSTEM32\USERENV.dll
0x00007ffb7fba0000 - 0x00007ffb7fbac000 	C:\Windows\SYSTEM32\CRYPTBASE.dll
0x00007ffb74b60000 - 0x00007ffb74b77000 	C:\Windows\SYSTEM32\dhcpcsvc6.DLL
0x00007ffb74fd0000 - 0x00007ffb74fed000 	C:\Windows\SYSTEM32\dhcpcsvc.DLL

dbghelp: loaded successfully - version: 4.0.5 - missing functions: none
symbol engine: initialized successfully - sym options: 0x614 - pdb path: .;c:\Users\JuanPablo\.vscode\extensions\redhat.java-1.10.0-win32-x64\jre\17.0.4-win32-x86_64\bin;C:\Windows\SYSTEM32;C:\Program Files\Avast Software\Avast;C:\Windows\WinSxS\amd64_microsoft.windows.common-controls_6595b64144ccf1df_6.0.19041.1110_none_60b5254171f9507e;c:\Users\JuanPablo\.vscode\extensions\redhat.java-1.10.0-win32-x64\jre\17.0.4-win32-x86_64\bin\server;C:\Program Files\Bonjour

VM Arguments:
jvm_args: -Dsts.lsp.client=vscode -Dsts.log.file=/dev/null -XX:TieredStopAtLevel=1 -Dspring.config.location=file:c:\Users\JuanPablo\.vscode\extensions\pivotal.vscode-spring-boot-1.38.0\language-server\BOOT-INF\classes\application.properties 
java_command: org.springframework.ide.vscode.boot.app.BootLanguageServerBootApp
java_class_path (initial): c:\Users\JuanPablo\.vscode\extensions\pivotal.vscode-spring-boot-1.38.0\language-server\BOOT-INF\classes;c:\Users\JuanPablo\.vscode\extensions\pivotal.vscode-spring-boot-1.38.0\language-server\BOOT-INF\lib\annotations-23.0.0.jar;c:\Users\JuanPablo\.vscode\extensions\pivotal.vscode-spring-boot-1.38.0\language-server\BOOT-INF\lib\antlr-runtime-3.5.2.jar;c:\Users\JuanPablo\.vscode\extensions\pivotal.vscode-spring-boot-1.38.0\language-server\BOOT-INF\lib\antlr4-4.9.3.jar;c:\Users\JuanPablo\.vscode\extensions\pivotal.vscode-spring-boot-1.38.0\language-server\BOOT-INF\lib\antlr4-runtime-4.9.3.jar;c:\Users\JuanPablo\.vscode\extensions\pivotal.vscode-spring-boot-1.38.0\language-server\BOOT-INF\lib\asm-9.3.jar;c:\Users\JuanPablo\.vscode\extensions\pivotal.vscode-spring-boot-1.38.0\language-server\BOOT-INF\lib\asm-analysis-9.3.jar;c:\Users\JuanPablo\.vscode\extensions\pivotal.vscode-spring-boot-1.38.0\language-server\BOOT-INF\lib\asm-tree-9.3.jar;c:\Users\JuanPablo\.vscode\extensions\pivotal.vscode-spring-boot-1.38.0\language-server\BOOT-INF\lib\asm-util-9.3.jar;c:\Users\JuanPablo\.vscode\extensions\pivotal.vscode-spring-boot-1.38.0\language-server\BOOT-INF\lib\byte-buddy-1.10.18.jar;c:\Users\JuanPablo\.vscode\extensions\pivotal.vscode-spring-boot-1.38.0\language-server\BOOT-INF\lib\caffeine-2.8.6.jar;c:\Users\JuanPablo\.vscode\extensions\pivotal.vscode-spring-boot-1.38.0\language-server\BOOT-INF\lib\checker-qual-3.12.0.jar;c:\Users\JuanPablo\.vscode\extensions\pivotal.vscode-spring-boot-1.38.0\language-server\BOOT-INF\lib\classgraph-4.8.149.jar;c:\Users\JuanPablo\.vscode\extensions\pivotal.vscode-spring-boot-1.38.0\language-server\BOOT-INF\lib\commons-codec-1.14.jar;c:\Users\JuanPablo\.vscode\extensions\pivotal.vscode-spring-boot-1.38.0\language-server\BOOT-INF\lib\commons-compress-1.21.jar;c:\Users\JuanPablo\.vscode\extensions\pivotal.vscode-spring-boot-1.38.0\language-server\BOOT-INF\lib\commons-exec-1.3.jar;c:\Users\JuanPablo\.vscode\extension
Launcher Type: SUN_STANDARD

[Global flags]
     intx CICompilerCount                          = 3                                         {product} {ergonomic}
     uint ConcGCThreads                            = 1                                         {product} {ergonomic}
     uint G1ConcRefinementThreads                  = 4                                         {product} {ergonomic}
   size_t G1HeapRegionSize                         = 1048576                                   {product} {ergonomic}
    uintx GCDrainStackTargetSize                   = 64                                        {product} {ergonomic}
   size_t InitialHeapSize                          = 134217728                                 {product} {ergonomic}
   size_t MarkStackSize                            = 4194304                                   {product} {ergonomic}
   size_t MaxHeapSize                              = 2128609280                                {product} {ergonomic}
   size_t MaxNewSize                               = 1277165568                                {product} {ergonomic}
   size_t MinHeapDeltaBytes                        = 1048576                                   {product} {ergonomic}
   size_t MinHeapSize                              = 8388608                                   {product} {ergonomic}
    uintx NonProfiledCodeHeapSize                  = 0                                      {pd product} {ergonomic}
     bool ProfileInterpreter                       = false                                  {pd product} {command line}
    uintx ProfiledCodeHeapSize                     = 0                                      {pd product} {ergonomic}
   size_t SoftMaxHeapSize                          = 2128609280                             {manageable} {ergonomic}
     intx TieredStopAtLevel                        = 1                                         {product} {command line}
     bool UseCompressedClassPointers               = true                           {product lp64_product} {ergonomic}
     bool UseCompressedOops                        = true                           {product lp64_product} {ergonomic}
     bool UseG1GC                                  = true                                      {product} {ergonomic}
     bool UseLargePagesIndividualAllocation        = false                                  {pd product} {ergonomic}

Logging:
Log output configuration:
 #0: stdout all=warning uptime,level,tags
 #1: stderr all=off uptime,level,tags

Environment Variables:
PATH=C:\Program Files\Common Files\Oracle\Java\javapath;C:\Program Files\Eclipse Adoptium\jdk-11.0.15.10-hotspot\bin;C:\Windows\system32;C:\Windows;C:\Windows\System32\Wbem;C:\Windows\System32\WindowsPowerShell\v1.0\;C:\Windows\System32\OpenSSH\;C:\Program Files\Git\cmd;C:\Users\JuanPablo\AppData\Local\Microsoft\WindowsApps;C:\Users\JuanPablo\AppData\Local\Programs\Microsoft VS Code\bin;C:\Users\JuanPablo\Desktop\sqlite;
USERNAME=JuanPablo
OS=Windows_NT
PROCESSOR_IDENTIFIER=Intel64 Family 6 Model 69 Stepping 1, GenuineIntel
TMP=C:\Users\JUANPA~1\AppData\Local\Temp
TEMP=C:\Users\JUANPA~1\AppData\Local\Temp



---------------  S Y S T E M  ---------------

OS:
 Windows 10 , 64 bit Build 19041 (10.0.19041.1889)
OS uptime: 12 days 11:09 hours

CPU: total 4 (initial active 4) (2 cores per cpu, 2 threads per core) family 6 model 69 stepping 1 microcode 0x25, cx8, cmov, fxsr, ht, mmx, sse, sse2, sse3, ssse3, sse4.1, sse4.2, popcnt, lzcnt, tsc, tscinvbit, avx, avx2, aes, erms, clmul, bmi1, bmi2, fma, vzeroupper, clflush

Memory: 4k page, system-wide physical 8113M (440M free)
TotalPageFile size 32689M (AvailPageFile size 275M)
current process WorkingSet (physical memory assigned to process): 342M, peak: 342M
current process commit charge ("private bytes"): 369M, peak: 823M

vm_info: OpenJDK 64-Bit Server VM (17.0.4+8) for windows-amd64 JRE (17.0.4+8), built on Jul 19 2022 16:05:16 by "temurin" with MS VC++ 16.7 (VS2019)

END.
