#
# There is insufficient memory for the Java Runtime Environment to continue.
# Native memory allocation (mmap) failed to map 347078656 bytes for G1 virtual space
# Possible reasons:
#   The system is out of physical RAM or swap space
#   The process is running with CompressedOops enabled, and the Java Heap may be blocking the growth of the native heap
# Possible solutions:
#   Reduce memory load on the system
#   Increase physical memory or swap space
#   Check if swap backing store is full
#   Decrease Java heap size (-Xmx/-Xms)
#   Decrease number of Java threads
#   Decrease Java thread stack sizes (-Xss)
#   Set larger code cache with -XX:ReservedCodeCacheSize=
#   JVM is running with Unscaled Compressed Oops mode in which the Java heap is
#     placed in the first 4GB address space. The Java Heap base address is the
#     maximum limit for the native heap growth. Please use -XX:HeapBaseMinAddress
#     to set the Java Heap base and to place the Java Heap above 4GB virtual address.
# This output file may be truncated or incomplete.
#
#  Out of Memory Error (os_windows.cpp:3541), pid=17756, tid=9304
#
# JRE version: OpenJDK Runtime Environment Temurin-17.0.4+8 (17.0.4+8) (build 17.0.4+8)
# Java VM: OpenJDK 64-Bit Server VM Temurin-17.0.4+8 (17.0.4+8, mixed mode, emulated-client, tiered, compressed oops, compressed class ptrs, g1 gc, windows-amd64)
# No core dump will be written. Minidumps are not enabled by default on client versions of Windows
#

---------------  S U M M A R Y ------------

Command Line: -Dsts.lsp.client=vscode -Dsts.log.file=/dev/null -XX:TieredStopAtLevel=1 -Dspring.config.location=file:c:\Users\JuanPablo\.vscode\extensions\pivotal.vscode-spring-boot-1.38.0\language-server\BOOT-INF\classes\application.properties org.springframework.ide.vscode.boot.app.BootLanguageServerBootApp

Host: Intel(R) Core(TM) i3-4005U CPU @ 1.70GHz, 4 cores, 7G,  Windows 10 , 64 bit Build 19041 (10.0.19041.1889)
Time: Wed Sep 14 20:00:27 2022 Hora est. Pacífico, Sudamérica elapsed time: 12.802434 seconds (0d 0h 0m 12s)

---------------  T H R E A D  ---------------

Current thread (0x00000213fd1c5140):  VMThread "VM Thread" [stack: 0x00000076be400000,0x00000076be500000] [id=9304]

Stack: [0x00000076be400000,0x00000076be500000]
Native frames: (J=compiled Java code, j=interpreted, Vv=VM code, C=native code)
V  [jvm.dll+0x67733a]
V  [jvm.dll+0x8323c4]
V  [jvm.dll+0x833b6e]
V  [jvm.dll+0x8341d3]
V  [jvm.dll+0x2455e5]
V  [jvm.dll+0x674229]
V  [jvm.dll+0x668ab2]
V  [jvm.dll+0x30458b]
V  [jvm.dll+0x30bad6]
V  [jvm.dll+0x35ba7e]
V  [jvm.dll+0x35bcaf]
V  [jvm.dll+0x2db428]
V  [jvm.dll+0x2d96dc]
V  [jvm.dll+0x2d8cac]
V  [jvm.dll+0x31cc0b]
V  [jvm.dll+0x83867b]
V  [jvm.dll+0x8393b4]
V  [jvm.dll+0x8398cc]
V  [jvm.dll+0x839ca4]
V  [jvm.dll+0x839d70]
V  [jvm.dll+0x7e245a]
V  [jvm.dll+0x6761c5]
C  [ucrtbase.dll+0x21bb2]
C  [KERNEL32.DLL+0x17034]
C  [ntdll.dll+0x52651]

VM_Operation (0x00000076bf8fe340): G1CollectForAllocation, mode: safepoint, requested by thread 0x000002138062d7d0


---------------  P R O C E S S  ---------------

Threads class SMR info:
_java_thread_list=0x0000021380db8380, length=29, elements={
0x00000213fd1ddf00, 0x00000213fd1ded70, 0x00000213fdc1ca30, 0x00000213fdc1e550,
0x00000213fdc1ef00, 0x00000213fdc1f8b0, 0x00000213fdc20260, 0x00000213fdc29fb0,
0x00000213fde0f800, 0x00000213fde20ef0, 0x00000213fde26bc0, 0x00000213fde2b4f0,
0x0000021380660c00, 0x0000021380713640, 0x000002138062d300, 0x000002138062d7d0,
0x00000213807c7560, 0x00000213807c7a30, 0x00000213807c7f00, 0x00000213808bd050,
0x000002138092d520, 0x000002138092a500, 0x000002138092d9f0, 0x000002138092a030,
0x000002138092a9d0, 0x000002138092b370, 0x000002138092aea0, 0x000002138092b840,
0x000002138092c1e0
}

Java Threads: ( => current thread )
  0x00000213fd1ddf00 JavaThread "Reference Handler" daemon [_thread_blocked, id=9192, stack(0x00000076be500000,0x00000076be600000)]
  0x00000213fd1ded70 JavaThread "Finalizer" daemon [_thread_blocked, id=7228, stack(0x00000076be600000,0x00000076be700000)]
  0x00000213fdc1ca30 JavaThread "Signal Dispatcher" daemon [_thread_blocked, id=4700, stack(0x00000076be700000,0x00000076be800000)]
  0x00000213fdc1e550 JavaThread "Attach Listener" daemon [_thread_blocked, id=21372, stack(0x00000076be800000,0x00000076be900000)]
  0x00000213fdc1ef00 JavaThread "Service Thread" daemon [_thread_blocked, id=12176, stack(0x00000076be900000,0x00000076bea00000)]
  0x00000213fdc1f8b0 JavaThread "Monitor Deflation Thread" daemon [_thread_blocked, id=22104, stack(0x00000076bea00000,0x00000076beb00000)]
  0x00000213fdc20260 JavaThread "C1 CompilerThread0" daemon [_thread_blocked, id=14236, stack(0x00000076beb00000,0x00000076bec00000)]
  0x00000213fdc29fb0 JavaThread "Sweeper thread" daemon [_thread_blocked, id=10136, stack(0x00000076bec00000,0x00000076bed00000)]
  0x00000213fde0f800 JavaThread "C1 CompilerThread1" daemon [_thread_blocked, id=16392, stack(0x00000076bed00000,0x00000076bee00000)]
  0x00000213fde20ef0 JavaThread "C1 CompilerThread2" daemon [_thread_blocked, id=16388, stack(0x00000076bee00000,0x00000076bef00000)]
  0x00000213fde26bc0 JavaThread "Notification Thread" daemon [_thread_blocked, id=14568, stack(0x00000076bef00000,0x00000076bf000000)]
  0x00000213fde2b4f0 JavaThread "Common-Cleaner" daemon [_thread_blocked, id=19188, stack(0x00000076bf100000,0x00000076bf200000)]
  0x0000021380660c00 JavaThread "ForkJoinPool.commonPool-worker-1" daemon [_thread_blocked, id=12204, stack(0x00000076bf500000,0x00000076bf600000)]
  0x0000021380713640 JavaThread "pool-7-thread-1" [_thread_blocked, id=19072, stack(0x00000076bf600000,0x00000076bf700000)]
  0x000002138062d300 JavaThread "ClassGraph-worker-0" daemon [_thread_blocked, id=20292, stack(0x00000076bf700000,0x00000076bf800000)]
  0x000002138062d7d0 JavaThread "ClassGraph-worker-1" daemon [_thread_blocked, id=14696, stack(0x00000076bf800000,0x00000076bf900000)]
  0x00000213807c7560 JavaThread "ClassGraph-worker-2" daemon [_thread_blocked, id=6720, stack(0x00000076bf900000,0x00000076bfa00000)]
  0x00000213807c7a30 JavaThread "ClassGraph-worker-3" daemon [_thread_blocked, id=20400, stack(0x00000076bfa00000,0x00000076bfb00000)]
  0x00000213807c7f00 JavaThread "ClassGraph-worker-4" daemon [_thread_blocked, id=5096, stack(0x00000076bfb00000,0x00000076bfc00000)]
  0x00000213808bd050 JavaThread "ClassGraph-worker-5" daemon [_thread_blocked, id=20712, stack(0x00000076bfc00000,0x00000076bfd00000)]
  0x000002138092d520 JavaThread "ClassGraph-worker-6" daemon [_thread_blocked, id=18448, stack(0x00000076bfd00000,0x00000076bfe00000)]
  0x000002138092a500 JavaThread "ClassGraph-worker-7" daemon [_thread_blocked, id=19572, stack(0x00000076bfe00000,0x00000076bff00000)]
  0x000002138092d9f0 JavaThread "LanguageServerApp-lifecycle" [_thread_blocked, id=19928, stack(0x00000076bff00000,0x00000076c0000000)]
  0x000002138092a030 JavaThread "DestroyJavaVM" [_thread_blocked, id=13236, stack(0x00000076bde00000,0x00000076bdf00000)]
  0x000002138092a9d0 JavaThread "pool-8-thread-1" [_thread_in_native, id=14900, stack(0x00000076c0000000,0x00000076c0100000)]
  0x000002138092b370 JavaThread "Simple-Language-Server main thread" daemon [_thread_blocked, id=2992, stack(0x00000076c0100000,0x00000076c0200000)]
  0x000002138092aea0 JavaThread "pool-2-thread-1" [_thread_blocked, id=23364, stack(0x00000076c0200000,0x00000076c0300000)]
  0x000002138092b840 JavaThread "ForkJoinPool.commonPool-worker-2" daemon [_thread_blocked, id=11612, stack(0x00000076c0300000,0x00000076c0400000)]
  0x000002138092c1e0 JavaThread "parallel-1" daemon [_thread_blocked, id=17672, stack(0x00000076c0400000,0x00000076c0500000)]

Other Threads:
=>0x00000213fd1c5140 VMThread "VM Thread" [stack: 0x00000076be400000,0x00000076be500000] [id=9304]
  0x00000213fde290a0 WatcherThread [stack: 0x00000076bf000000,0x00000076bf100000] [id=3200]
  0x00000213ee7472b0 GCTaskThread "GC Thread#0" [stack: 0x00000076bdf00000,0x00000076be000000] [id=13956]
  0x00000213fe66f400 GCTaskThread "GC Thread#1" [stack: 0x00000076bf200000,0x00000076bf300000] [id=14992]
  0x00000213fe66e290 GCTaskThread "GC Thread#2" [stack: 0x00000076bf300000,0x00000076bf400000] [id=14028]
  0x00000213fe73ee50 GCTaskThread "GC Thread#3" [stack: 0x00000076bf400000,0x00000076bf500000] [id=9308]
  0x00000213ee757fb0 ConcurrentGCThread "G1 Main Marker" [stack: 0x00000076be000000,0x00000076be100000] [id=14556]
  0x00000213ee7589c0 ConcurrentGCThread "G1 Conc#0" [stack: 0x00000076be100000,0x00000076be200000] [id=15572]
  0x00000213ee7adb10 ConcurrentGCThread "G1 Refine#0" [stack: 0x00000076be200000,0x00000076be300000] [id=12020]
  0x000002138212d460 ConcurrentGCThread "G1 Refine#1" [stack: 0x00000076c0500000,0x00000076c0600000] [id=1556]
  0x00000213fdd625e0 ConcurrentGCThread "G1 Refine#2" [stack: 0x00000076c0600000,0x00000076c0700000] [id=22556]
  0x00000213ee7ae530 ConcurrentGCThread "G1 Service" [stack: 0x00000076be300000,0x00000076be400000] [id=19936]

Threads with active compile tasks:

VM state: at safepoint (normal execution)

VM Mutex/Monitor currently owned by a thread:  ([mutex/lock_event])
[0x00000213ee5e0c60] Threads_lock - owner thread: 0x00000213fd1c5140
[0x00000213ee6ea610] Heap_lock - owner thread: 0x000002138062d7d0

Heap address: 0x0000000081200000, size: 2030 MB, Compressed Oops mode: 32-bit

CDS archive(s) not mapped
Compressed class space mapped at: 0x0000000100000000-0x0000000140000000, reserved size: 1073741824
Narrow klass base: 0x0000000000000000, Narrow klass shift: 3, Narrow klass range: 0x140000000

GC Precious Log:
 CPUs: 4 total, 4 available
 Memory: 8113M
 Large Page Support: Disabled
 NUMA Support: Disabled
 Compressed Oops: Enabled (32-bit)
 Heap Region Size: 1M
 Heap Min Capacity: 8M
 Heap Initial Capacity: 128M
 Heap Max Capacity: 2030M
 Pre-touch: Disabled
 Parallel Workers: 4
 Concurrent Workers: 1
 Concurrent Refinement Workers: 4
 Periodic GC: Disabled

Heap:
 garbage-first heap   total 223232K, used 76171K [0x0000000081200000, 0x0000000100000000)
  region size 1024K, 11 young (11264K), 11 survivors (11264K)
 Metaspace       used 35080K, committed 35456K, reserved 1081344K
  class space    used 4558K, committed 4736K, reserved 1048576K

Heap Regions: E=young(eden), S=young(survivor), O=old, HS=humongous(starts), HC=humongous(continues), CS=collection set, F=free, OA=open archive, CA=closed archive, TAMS=top-at-mark-start (previous, next)
|   0|0x0000000081200000, 0x0000000081300000, 0x0000000081300000|100%| O|  |TAMS 0x0000000081300000, 0x0000000081200000| Untracked 
|   1|0x0000000081300000, 0x0000000081400000, 0x0000000081400000|100%| O|  |TAMS 0x0000000081400000, 0x0000000081300000| Untracked 
|   2|0x0000000081400000, 0x0000000081500000, 0x0000000081500000|100%| O|  |TAMS 0x0000000081500000, 0x0000000081400000| Untracked 
|   3|0x0000000081500000, 0x0000000081600000, 0x0000000081600000|100%| O|  |TAMS 0x0000000081600000, 0x0000000081500000| Untracked 
|   4|0x0000000081600000, 0x0000000081700000, 0x0000000081700000|100%| O|  |TAMS 0x0000000081700000, 0x0000000081600000| Untracked 
|   5|0x0000000081700000, 0x0000000081800000, 0x0000000081800000|100%| O|  |TAMS 0x0000000081800000, 0x0000000081700000| Untracked 
|   6|0x0000000081800000, 0x0000000081900000, 0x0000000081900000|100%| O|  |TAMS 0x0000000081900000, 0x0000000081800000| Untracked 
|   7|0x0000000081900000, 0x0000000081a00000, 0x0000000081a00000|100%| O|  |TAMS 0x0000000081a00000, 0x0000000081900000| Untracked 
|   8|0x0000000081a00000, 0x0000000081b00000, 0x0000000081b00000|100%| O|  |TAMS 0x0000000081b00000, 0x0000000081a00000| Untracked 
|   9|0x0000000081b00000, 0x0000000081c00000, 0x0000000081c00000|100%| O|  |TAMS 0x0000000081c00000, 0x0000000081b00000| Untracked 
|  10|0x0000000081c00000, 0x0000000081d00000, 0x0000000081d00000|100%| O|  |TAMS 0x0000000081d00000, 0x0000000081c00000| Untracked 
|  11|0x0000000081d00000, 0x0000000081e00000, 0x0000000081e00000|100%| O|  |TAMS 0x0000000081e00000, 0x0000000081d00000| Untracked 
|  12|0x0000000081e00000, 0x0000000081f00000, 0x0000000081f00000|100%| O|  |TAMS 0x0000000081f00000, 0x0000000081e00000| Untracked 
|  13|0x0000000081f00000, 0x0000000082000000, 0x0000000082000000|100%| O|  |TAMS 0x0000000082000000, 0x0000000081f00000| Untracked 
|  14|0x0000000082000000, 0x0000000082100000, 0x0000000082100000|100%| O|  |TAMS 0x0000000082100000, 0x0000000082000000| Untracked 
|  15|0x0000000082100000, 0x0000000082200000, 0x0000000082200000|100%| O|  |TAMS 0x0000000082200000, 0x0000000082100000| Untracked 
|  16|0x0000000082200000, 0x0000000082300000, 0x0000000082300000|100%| O|  |TAMS 0x0000000082300000, 0x0000000082200000| Untracked 
|  17|0x0000000082300000, 0x0000000082400000, 0x0000000082400000|100%| O|  |TAMS 0x0000000082400000, 0x0000000082300000| Untracked 
|  18|0x0000000082400000, 0x0000000082500000, 0x0000000082500000|100%| O|  |TAMS 0x0000000082500000, 0x0000000082400000| Untracked 
|  19|0x0000000082500000, 0x0000000082600000, 0x0000000082600000|100%| O|  |TAMS 0x0000000082600000, 0x0000000082500000| Untracked 
|  20|0x0000000082600000, 0x0000000082700000, 0x0000000082700000|100%| O|  |TAMS 0x0000000082700000, 0x0000000082600000| Untracked 
|  21|0x0000000082700000, 0x0000000082800000, 0x0000000082800000|100%| O|  |TAMS 0x0000000082800000, 0x0000000082700000| Untracked 
|  22|0x0000000082800000, 0x0000000082900000, 0x0000000082900000|100%| O|  |TAMS 0x0000000082900000, 0x0000000082800000| Untracked 
|  23|0x0000000082900000, 0x0000000082a00000, 0x0000000082a00000|100%| O|  |TAMS 0x0000000082a00000, 0x0000000082900000| Untracked 
|  24|0x0000000082a00000, 0x0000000082b00000, 0x0000000082b00000|100%| O|  |TAMS 0x0000000082b00000, 0x0000000082a00000| Untracked 
|  25|0x0000000082b00000, 0x0000000082c00000, 0x0000000082c00000|100%| O|  |TAMS 0x0000000082c00000, 0x0000000082b00000| Untracked 
|  26|0x0000000082c00000, 0x0000000082d00000, 0x0000000082d00000|100%| O|  |TAMS 0x0000000082d00000, 0x0000000082c00000| Untracked 
|  27|0x0000000082d00000, 0x0000000082e00000, 0x0000000082e00000|100%| O|  |TAMS 0x0000000082e00000, 0x0000000082d00000| Untracked 
|  28|0x0000000082e00000, 0x0000000082f00000, 0x0000000082f00000|100%| O|  |TAMS 0x0000000082f00000, 0x0000000082e00000| Untracked 
|  29|0x0000000082f00000, 0x0000000083000000, 0x0000000083000000|100%| O|  |TAMS 0x0000000083000000, 0x0000000082f00000| Untracked 
|  30|0x0000000083000000, 0x0000000083000000, 0x0000000083100000|  0%| F|  |TAMS 0x0000000083000000, 0x0000000083000000| Untracked 
|  31|0x0000000083100000, 0x0000000083200000, 0x0000000083200000|100%| O|  |TAMS 0x0000000083200000, 0x0000000083100000| Untracked 
|  32|0x0000000083200000, 0x0000000083300000, 0x0000000083300000|100%| O|  |TAMS 0x0000000083300000, 0x0000000083200000| Untracked 
|  33|0x0000000083300000, 0x0000000083400000, 0x0000000083400000|100%| O|  |TAMS 0x0000000083400000, 0x0000000083300000| Untracked 
|  34|0x0000000083400000, 0x0000000083500000, 0x0000000083500000|100%| O|  |TAMS 0x0000000083500000, 0x0000000083400000| Untracked 
|  35|0x0000000083500000, 0x0000000083600000, 0x0000000083600000|100%| O|  |TAMS 0x0000000083600000, 0x0000000083500000| Untracked 
|  36|0x0000000083600000, 0x0000000083700000, 0x0000000083700000|100%| O|  |TAMS 0x0000000083700000, 0x0000000083600000| Untracked 
|  37|0x0000000083700000, 0x0000000083800000, 0x0000000083800000|100%| O|  |TAMS 0x0000000083800000, 0x0000000083700000| Untracked 
|  38|0x0000000083800000, 0x0000000083900000, 0x0000000083900000|100%| O|  |TAMS 0x0000000083862a00, 0x0000000083800000| Untracked 
|  39|0x0000000083900000, 0x0000000083a00000, 0x0000000083a00000|100%| O|  |TAMS 0x0000000083900000, 0x0000000083900000| Untracked 
|  40|0x0000000083a00000, 0x0000000083b00000, 0x0000000083b00000|100%| O|  |TAMS 0x0000000083a00000, 0x0000000083a00000| Untracked 
|  41|0x0000000083b00000, 0x0000000083c00000, 0x0000000083c00000|100%| O|  |TAMS 0x0000000083b00000, 0x0000000083b00000| Untracked 
|  42|0x0000000083c00000, 0x0000000083d00000, 0x0000000083d00000|100%| O|  |TAMS 0x0000000083c00000, 0x0000000083c00000| Untracked 
|  43|0x0000000083d00000, 0x0000000083e00000, 0x0000000083e00000|100%| O|  |TAMS 0x0000000083d00000, 0x0000000083d00000| Untracked 
|  44|0x0000000083e00000, 0x0000000083f00000, 0x0000000083f00000|100%|HS|  |TAMS 0x0000000083e00000, 0x0000000083e00000| Complete 
|  45|0x0000000083f00000, 0x0000000084000000, 0x0000000084000000|100%| O|  |TAMS 0x0000000083f00000, 0x0000000083f00000| Untracked 
|  46|0x0000000084000000, 0x0000000084100000, 0x0000000084100000|100%| O|  |TAMS 0x0000000084000000, 0x0000000084000000| Untracked 
|  47|0x0000000084100000, 0x0000000084200000, 0x0000000084200000|100%| O|  |TAMS 0x0000000084100000, 0x0000000084100000| Untracked 
|  48|0x0000000084200000, 0x0000000084300000, 0x0000000084300000|100%| O|  |TAMS 0x0000000084200000, 0x0000000084200000| Untracked 
|  49|0x0000000084300000, 0x0000000084400000, 0x0000000084400000|100%| O|  |TAMS 0x0000000084300000, 0x0000000084300000| Untracked 
|  50|0x0000000084400000, 0x0000000084500000, 0x0000000084500000|100%| O|  |TAMS 0x0000000084400000, 0x0000000084400000| Untracked 
|  51|0x0000000084500000, 0x0000000084600000, 0x0000000084600000|100%| O|  |TAMS 0x0000000084500000, 0x0000000084500000| Untracked 
|  52|0x0000000084600000, 0x0000000084700000, 0x0000000084700000|100%|HS|  |TAMS 0x0000000084600000, 0x0000000084600000| Complete 
|  53|0x0000000084700000, 0x0000000084800000, 0x0000000084800000|100%| O|  |TAMS 0x0000000084700000, 0x0000000084700000| Untracked 
|  54|0x0000000084800000, 0x0000000084900000, 0x0000000084900000|100%| O|  |TAMS 0x0000000084800000, 0x0000000084800000| Untracked 
|  55|0x0000000084900000, 0x0000000084a00000, 0x0000000084a00000|100%| O|  |TAMS 0x0000000084900000, 0x0000000084900000| Untracked 
|  56|0x0000000084a00000, 0x0000000084b00000, 0x0000000084b00000|100%| O|  |TAMS 0x0000000084a00000, 0x0000000084a00000| Untracked 
|  57|0x0000000084b00000, 0x0000000084c00000, 0x0000000084c00000|100%| O|  |TAMS 0x0000000084b00000, 0x0000000084b00000| Untracked 
|  58|0x0000000084c00000, 0x0000000084d00000, 0x0000000084d00000|100%| O|  |TAMS 0x0000000084c00000, 0x0000000084c00000| Untracked 
|  59|0x0000000084d00000, 0x0000000084e00000, 0x0000000084e00000|100%| O|  |TAMS 0x0000000084d00000, 0x0000000084d00000| Untracked 
|  60|0x0000000084e00000, 0x0000000084f00000, 0x0000000084f00000|100%| O|  |TAMS 0x0000000084e00000, 0x0000000084e00000| Untracked 
|  61|0x0000000084f00000, 0x0000000085000000, 0x0000000085000000|100%| O|  |TAMS 0x0000000084f00000, 0x0000000084f00000| Untracked 
|  62|0x0000000085000000, 0x0000000085100000, 0x0000000085100000|100%| O|  |TAMS 0x0000000085000000, 0x0000000085000000| Untracked 
|  63|0x0000000085100000, 0x0000000085200000, 0x0000000085200000|100%| O|  |TAMS 0x0000000085100000, 0x0000000085100000| Untracked 
|  64|0x0000000085200000, 0x0000000085300000, 0x0000000085300000|100%| O|  |TAMS 0x0000000085200000, 0x0000000085200000| Untracked 
|  65|0x0000000085300000, 0x000000008531ce00, 0x0000000085400000| 11%| O|  |TAMS 0x0000000085300000, 0x0000000085300000| Untracked 
|  66|0x0000000085400000, 0x0000000085400000, 0x0000000085500000|  0%| F|  |TAMS 0x0000000085400000, 0x0000000085400000| Untracked 
|  67|0x0000000085500000, 0x0000000085500000, 0x0000000085600000|  0%| F|  |TAMS 0x0000000085500000, 0x0000000085500000| Untracked 
|  68|0x0000000085600000, 0x0000000085600000, 0x0000000085700000|  0%| F|  |TAMS 0x0000000085600000, 0x0000000085600000| Untracked 
|  69|0x0000000085700000, 0x0000000085700000, 0x0000000085800000|  0%| F|  |TAMS 0x0000000085700000, 0x0000000085700000| Untracked 
|  70|0x0000000085800000, 0x0000000085800000, 0x0000000085900000|  0%| F|  |TAMS 0x0000000085800000, 0x0000000085800000| Untracked 
|  71|0x0000000085900000, 0x0000000085900000, 0x0000000085a00000|  0%| F|  |TAMS 0x0000000085900000, 0x0000000085900000| Untracked 
|  72|0x0000000085a00000, 0x0000000085a00000, 0x0000000085b00000|  0%| F|  |TAMS 0x0000000085a00000, 0x0000000085a00000| Untracked 
|  73|0x0000000085b00000, 0x0000000085b00000, 0x0000000085c00000|  0%| F|  |TAMS 0x0000000085b00000, 0x0000000085b00000| Untracked 
|  74|0x0000000085c00000, 0x0000000085c00000, 0x0000000085d00000|  0%| F|  |TAMS 0x0000000085c00000, 0x0000000085c00000| Untracked 
|  75|0x0000000085d00000, 0x0000000085d00000, 0x0000000085e00000|  0%| F|  |TAMS 0x0000000085d00000, 0x0000000085d00000| Untracked 
|  76|0x0000000085e00000, 0x0000000085e00000, 0x0000000085f00000|  0%| F|  |TAMS 0x0000000085e00000, 0x0000000085e00000| Untracked 
|  77|0x0000000085f00000, 0x0000000085f00000, 0x0000000086000000|  0%| F|  |TAMS 0x0000000085f00000, 0x0000000085f00000| Untracked 
|  78|0x0000000086000000, 0x0000000086000000, 0x0000000086100000|  0%| F|  |TAMS 0x0000000086000000, 0x0000000086000000| Untracked 
|  79|0x0000000086100000, 0x0000000086100000, 0x0000000086200000|  0%| F|  |TAMS 0x0000000086100000, 0x0000000086100000| Untracked 
|  80|0x0000000086200000, 0x0000000086200000, 0x0000000086300000|  0%| F|  |TAMS 0x0000000086200000, 0x0000000086200000| Untracked 
|  81|0x0000000086300000, 0x0000000086300000, 0x0000000086400000|  0%| F|  |TAMS 0x0000000086300000, 0x0000000086300000| Untracked 
|  82|0x0000000086400000, 0x0000000086400000, 0x0000000086500000|  0%| F|  |TAMS 0x0000000086400000, 0x0000000086400000| Untracked 
|  83|0x0000000086500000, 0x0000000086500000, 0x0000000086600000|  0%| F|  |TAMS 0x0000000086500000, 0x0000000086500000| Untracked 
|  84|0x0000000086600000, 0x0000000086600000, 0x0000000086700000|  0%| F|  |TAMS 0x0000000086600000, 0x0000000086600000| Untracked 
|  85|0x0000000086700000, 0x0000000086700000, 0x0000000086800000|  0%| F|  |TAMS 0x0000000086700000, 0x0000000086700000| Untracked 
|  86|0x0000000086800000, 0x0000000086800000, 0x0000000086900000|  0%| F|  |TAMS 0x0000000086800000, 0x0000000086800000| Untracked 
|  87|0x0000000086900000, 0x0000000086900000, 0x0000000086a00000|  0%| F|  |TAMS 0x0000000086900000, 0x0000000086900000| Untracked 
|  88|0x0000000086a00000, 0x0000000086a00000, 0x0000000086b00000|  0%| F|  |TAMS 0x0000000086a00000, 0x0000000086a00000| Untracked 
|  89|0x0000000086b00000, 0x0000000086b00000, 0x0000000086c00000|  0%| F|  |TAMS 0x0000000086b00000, 0x0000000086b00000| Untracked 
|  90|0x0000000086c00000, 0x0000000086c00000, 0x0000000086d00000|  0%| F|  |TAMS 0x0000000086c00000, 0x0000000086c00000| Untracked 
|  91|0x0000000086d00000, 0x0000000086d00000, 0x0000000086e00000|  0%| F|  |TAMS 0x0000000086d00000, 0x0000000086d00000| Untracked 
|  92|0x0000000086e00000, 0x0000000086e00000, 0x0000000086f00000|  0%| F|  |TAMS 0x0000000086e00000, 0x0000000086e00000| Untracked 
|  93|0x0000000086f00000, 0x0000000086f00000, 0x0000000087000000|  0%| F|  |TAMS 0x0000000086f00000, 0x0000000086f00000| Untracked 
|  94|0x0000000087000000, 0x0000000087000000, 0x0000000087100000|  0%| F|  |TAMS 0x0000000087000000, 0x0000000087000000| Untracked 
|  95|0x0000000087100000, 0x0000000087100000, 0x0000000087200000|  0%| F|  |TAMS 0x0000000087100000, 0x0000000087100000| Untracked 
|  96|0x0000000087200000, 0x0000000087200000, 0x0000000087300000|  0%| F|  |TAMS 0x0000000087200000, 0x0000000087200000| Untracked 
|  97|0x0000000087300000, 0x0000000087300000, 0x0000000087400000|  0%| F|  |TAMS 0x0000000087300000, 0x0000000087300000| Untracked 
|  98|0x0000000087400000, 0x0000000087400000, 0x0000000087500000|  0%| F|  |TAMS 0x0000000087400000, 0x0000000087400000| Untracked 
|  99|0x0000000087500000, 0x0000000087500000, 0x0000000087600000|  0%| F|  |TAMS 0x0000000087500000, 0x0000000087500000| Untracked 
| 100|0x0000000087600000, 0x0000000087600000, 0x0000000087700000|  0%| F|  |TAMS 0x0000000087600000, 0x0000000087600000| Untracked 
| 101|0x0000000087700000, 0x0000000087700000, 0x0000000087800000|  0%| F|  |TAMS 0x0000000087700000, 0x0000000087700000| Untracked 
| 102|0x0000000087800000, 0x0000000087800000, 0x0000000087900000|  0%| F|  |TAMS 0x0000000087800000, 0x0000000087800000| Untracked 
| 103|0x0000000087900000, 0x0000000087900000, 0x0000000087a00000|  0%| F|  |TAMS 0x0000000087900000, 0x0000000087900000| Untracked 
| 104|0x0000000087a00000, 0x0000000087a00000, 0x0000000087b00000|  0%| F|  |TAMS 0x0000000087a00000, 0x0000000087a00000| Untracked 
| 105|0x0000000087b00000, 0x0000000087b00000, 0x0000000087c00000|  0%| F|  |TAMS 0x0000000087b00000, 0x0000000087b00000| Untracked 
| 106|0x0000000087c00000, 0x0000000087c46108, 0x0000000087d00000| 27%| S|CS|TAMS 0x0000000087c00000, 0x0000000087c00000| Complete 
| 107|0x0000000087d00000, 0x0000000087e00000, 0x0000000087e00000|100%| S|CS|TAMS 0x0000000087d00000, 0x0000000087d00000| Complete 
| 108|0x0000000087e00000, 0x0000000087f00000, 0x0000000087f00000|100%| S|CS|TAMS 0x0000000087e00000, 0x0000000087e00000| Complete 
| 109|0x0000000087f00000, 0x0000000088000000, 0x0000000088000000|100%| S|CS|TAMS 0x0000000087f00000, 0x0000000087f00000| Complete 
| 110|0x0000000088000000, 0x0000000088100000, 0x0000000088100000|100%| S|CS|TAMS 0x0000000088000000, 0x0000000088000000| Complete 
| 111|0x0000000088100000, 0x0000000088200000, 0x0000000088200000|100%| S|CS|TAMS 0x0000000088100000, 0x0000000088100000| Complete 
| 112|0x0000000088200000, 0x0000000088300000, 0x0000000088300000|100%| S|CS|TAMS 0x0000000088200000, 0x0000000088200000| Complete 
| 113|0x0000000088300000, 0x0000000088400000, 0x0000000088400000|100%| S|CS|TAMS 0x0000000088300000, 0x0000000088300000| Complete 
| 114|0x0000000088400000, 0x0000000088500000, 0x0000000088500000|100%| S|CS|TAMS 0x0000000088400000, 0x0000000088400000| Complete 
| 115|0x0000000088500000, 0x0000000088600000, 0x0000000088600000|100%| S|CS|TAMS 0x0000000088500000, 0x0000000088500000| Complete 
| 116|0x0000000088600000, 0x0000000088700000, 0x0000000088700000|100%| S|CS|TAMS 0x0000000088600000, 0x0000000088600000| Complete 
| 117|0x0000000088700000, 0x0000000088700000, 0x0000000088800000|  0%| F|  |TAMS 0x0000000088700000, 0x0000000088700000| Untracked 
| 118|0x0000000088800000, 0x0000000088800000, 0x0000000088900000|  0%| F|  |TAMS 0x0000000088800000, 0x0000000088800000| Untracked 
| 119|0x0000000088900000, 0x0000000088900000, 0x0000000088a00000|  0%| F|  |TAMS 0x0000000088900000, 0x0000000088900000| Untracked 
| 120|0x0000000088a00000, 0x0000000088a00000, 0x0000000088b00000|  0%| F|  |TAMS 0x0000000088a00000, 0x0000000088a00000| Untracked 
| 121|0x0000000088b00000, 0x0000000088b00000, 0x0000000088c00000|  0%| F|  |TAMS 0x0000000088b00000, 0x0000000088b00000| Untracked 
| 122|0x0000000088c00000, 0x0000000088c00000, 0x0000000088d00000|  0%| F|  |TAMS 0x0000000088c00000, 0x0000000088c00000| Untracked 
| 123|0x0000000088d00000, 0x0000000088d00000, 0x0000000088e00000|  0%| F|  |TAMS 0x0000000088d00000, 0x0000000088d00000| Untracked 
| 124|0x0000000088e00000, 0x0000000088e00000, 0x0000000088f00000|  0%| F|  |TAMS 0x0000000088e00000, 0x0000000088e00000| Untracked 
| 125|0x0000000088f00000, 0x0000000088f00000, 0x0000000089000000|  0%| F|  |TAMS 0x0000000088f00000, 0x0000000088f00000| Untracked 
| 126|0x0000000089000000, 0x0000000089000000, 0x0000000089100000|  0%| F|  |TAMS 0x0000000089000000, 0x0000000089000000| Untracked 
| 127|0x0000000089100000, 0x0000000089100000, 0x0000000089200000|  0%| F|  |TAMS 0x0000000089100000, 0x0000000089100000| Untracked 
| 128|0x0000000089200000, 0x0000000089200000, 0x0000000089300000|  0%| F|  |TAMS 0x0000000089200000, 0x0000000089200000| Untracked 
| 129|0x0000000089300000, 0x0000000089300000, 0x0000000089400000|  0%| F|  |TAMS 0x0000000089300000, 0x0000000089300000| Untracked 
| 130|0x0000000089400000, 0x0000000089400000, 0x0000000089500000|  0%| F|  |TAMS 0x0000000089400000, 0x0000000089400000| Untracked 
| 131|0x0000000089500000, 0x0000000089500000, 0x0000000089600000|  0%| F|  |TAMS 0x0000000089500000, 0x0000000089500000| Untracked 
| 132|0x0000000089600000, 0x0000000089600000, 0x0000000089700000|  0%| F|  |TAMS 0x0000000089600000, 0x0000000089600000| Untracked 
| 133|0x0000000089700000, 0x0000000089700000, 0x0000000089800000|  0%| F|  |TAMS 0x0000000089700000, 0x0000000089700000| Untracked 
| 134|0x0000000089800000, 0x0000000089800000, 0x0000000089900000|  0%| F|  |TAMS 0x0000000089800000, 0x0000000089800000| Untracked 
| 135|0x0000000089900000, 0x0000000089900000, 0x0000000089a00000|  0%| F|  |TAMS 0x0000000089900000, 0x0000000089900000| Untracked 
| 136|0x0000000089a00000, 0x0000000089a00000, 0x0000000089b00000|  0%| F|  |TAMS 0x0000000089a00000, 0x0000000089a00000| Untracked 
| 137|0x0000000089b00000, 0x0000000089b00000, 0x0000000089c00000|  0%| F|  |TAMS 0x0000000089b00000, 0x0000000089b00000| Untracked 
| 138|0x0000000089c00000, 0x0000000089c00000, 0x0000000089d00000|  0%| F|  |TAMS 0x0000000089c00000, 0x0000000089c00000| Untracked 
| 139|0x0000000089d00000, 0x0000000089d00000, 0x0000000089e00000|  0%| F|  |TAMS 0x0000000089d00000, 0x0000000089d00000| Untracked 
| 140|0x0000000089e00000, 0x0000000089e00000, 0x0000000089f00000|  0%| F|  |TAMS 0x0000000089e00000, 0x0000000089e00000| Untracked 
| 141|0x0000000089f00000, 0x0000000089f00000, 0x000000008a000000|  0%| F|  |TAMS 0x0000000089f00000, 0x0000000089f00000| Untracked 
| 142|0x000000008a000000, 0x000000008a000000, 0x000000008a100000|  0%| F|  |TAMS 0x000000008a000000, 0x000000008a000000| Untracked 
| 143|0x000000008a100000, 0x000000008a100000, 0x000000008a200000|  0%| F|  |TAMS 0x000000008a100000, 0x000000008a100000| Untracked 
| 144|0x000000008a200000, 0x000000008a200000, 0x000000008a300000|  0%| F|  |TAMS 0x000000008a200000, 0x000000008a200000| Untracked 
| 145|0x000000008a300000, 0x000000008a300000, 0x000000008a400000|  0%| F|  |TAMS 0x000000008a300000, 0x000000008a300000| Untracked 
| 146|0x000000008a400000, 0x000000008a400000, 0x000000008a500000|  0%| F|  |TAMS 0x000000008a400000, 0x000000008a400000| Untracked 
| 147|0x000000008a500000, 0x000000008a500000, 0x000000008a600000|  0%| F|  |TAMS 0x000000008a500000, 0x000000008a500000| Untracked 
| 148|0x000000008a600000, 0x000000008a600000, 0x000000008a700000|  0%| F|  |TAMS 0x000000008a600000, 0x000000008a600000| Untracked 
| 149|0x000000008a700000, 0x000000008a700000, 0x000000008a800000|  0%| F|  |TAMS 0x000000008a700000, 0x000000008a700000| Untracked 
| 150|0x000000008a800000, 0x000000008a800000, 0x000000008a900000|  0%| F|  |TAMS 0x000000008a800000, 0x000000008a800000| Untracked 
| 151|0x000000008a900000, 0x000000008a900000, 0x000000008aa00000|  0%| F|  |TAMS 0x000000008a900000, 0x000000008a900000| Untracked 
| 152|0x000000008aa00000, 0x000000008aa00000, 0x000000008ab00000|  0%| F|  |TAMS 0x000000008aa00000, 0x000000008aa00000| Untracked 
| 153|0x000000008ab00000, 0x000000008ab00000, 0x000000008ac00000|  0%| F|  |TAMS 0x000000008ab00000, 0x000000008ab00000| Untracked 
| 154|0x000000008ac00000, 0x000000008ac00000, 0x000000008ad00000|  0%| F|  |TAMS 0x000000008ac00000, 0x000000008ac00000| Untracked 
| 155|0x000000008ad00000, 0x000000008ad00000, 0x000000008ae00000|  0%| F|  |TAMS 0x000000008ad00000, 0x000000008ad00000| Untracked 
| 156|0x000000008ae00000, 0x000000008ae00000, 0x000000008af00000|  0%| F|  |TAMS 0x000000008ae00000, 0x000000008ae00000| Untracked 
| 157|0x000000008af00000, 0x000000008af00000, 0x000000008b000000|  0%| F|  |TAMS 0x000000008af00000, 0x000000008af00000| Untracked 
| 158|0x000000008b000000, 0x000000008b000000, 0x000000008b100000|  0%| F|  |TAMS 0x000000008b000000, 0x000000008b000000| Untracked 
| 159|0x000000008b100000, 0x000000008b100000, 0x000000008b200000|  0%| F|  |TAMS 0x000000008b100000, 0x000000008b100000| Untracked 
| 160|0x000000008b200000, 0x000000008b200000, 0x000000008b300000|  0%| F|  |TAMS 0x000000008b200000, 0x000000008b200000| Untracked 
| 161|0x000000008b300000, 0x000000008b300000, 0x000000008b400000|  0%| F|  |TAMS 0x000000008b300000, 0x000000008b300000| Untracked 
| 162|0x000000008b400000, 0x000000008b400000, 0x000000008b500000|  0%| F|  |TAMS 0x000000008b400000, 0x000000008b400000| Untracked 
| 163|0x000000008b500000, 0x000000008b500000, 0x000000008b600000|  0%| F|  |TAMS 0x000000008b500000, 0x000000008b500000| Untracked 
| 164|0x000000008b600000, 0x000000008b600000, 0x000000008b700000|  0%| F|  |TAMS 0x000000008b600000, 0x000000008b600000| Untracked 
| 165|0x000000008b700000, 0x000000008b700000, 0x000000008b800000|  0%| F|  |TAMS 0x000000008b700000, 0x000000008b700000| Untracked 
| 166|0x000000008b800000, 0x000000008b800000, 0x000000008b900000|  0%| F|  |TAMS 0x000000008b800000, 0x000000008b800000| Untracked 
| 167|0x000000008b900000, 0x000000008b900000, 0x000000008ba00000|  0%| F|  |TAMS 0x000000008b900000, 0x000000008b900000| Untracked 
| 168|0x000000008ba00000, 0x000000008ba00000, 0x000000008bb00000|  0%| F|  |TAMS 0x000000008ba00000, 0x000000008ba00000| Untracked 
| 169|0x000000008bb00000, 0x000000008bb00000, 0x000000008bc00000|  0%| F|  |TAMS 0x000000008bb00000, 0x000000008bb00000| Untracked 
| 170|0x000000008bc00000, 0x000000008bc00000, 0x000000008bd00000|  0%| F|  |TAMS 0x000000008bc00000, 0x000000008bc00000| Untracked 
| 171|0x000000008bd00000, 0x000000008bd00000, 0x000000008be00000|  0%| F|  |TAMS 0x000000008bd00000, 0x000000008bd00000| Untracked 
| 172|0x000000008be00000, 0x000000008be00000, 0x000000008bf00000|  0%| F|  |TAMS 0x000000008be00000, 0x000000008be00000| Untracked 
| 173|0x000000008bf00000, 0x000000008bf00000, 0x000000008c000000|  0%| F|  |TAMS 0x000000008bf00000, 0x000000008bf00000| Untracked 
| 174|0x000000008c000000, 0x000000008c000000, 0x000000008c100000|  0%| F|  |TAMS 0x000000008c000000, 0x000000008c000000| Untracked 
| 175|0x000000008c100000, 0x000000008c100000, 0x000000008c200000|  0%| F|  |TAMS 0x000000008c100000, 0x000000008c100000| Untracked 
| 176|0x000000008c200000, 0x000000008c200000, 0x000000008c300000|  0%| F|  |TAMS 0x000000008c200000, 0x000000008c200000| Untracked 
| 177|0x000000008c300000, 0x000000008c300000, 0x000000008c400000|  0%| F|  |TAMS 0x000000008c300000, 0x000000008c300000| Untracked 
| 178|0x000000008c400000, 0x000000008c400000, 0x000000008c500000|  0%| F|  |TAMS 0x000000008c400000, 0x000000008c400000| Untracked 
| 179|0x000000008c500000, 0x000000008c500000, 0x000000008c600000|  0%| F|  |TAMS 0x000000008c500000, 0x000000008c500000| Untracked 
| 180|0x000000008c600000, 0x000000008c600000, 0x000000008c700000|  0%| F|  |TAMS 0x000000008c600000, 0x000000008c600000| Untracked 
| 181|0x000000008c700000, 0x000000008c700000, 0x000000008c800000|  0%| F|  |TAMS 0x000000008c700000, 0x000000008c700000| Untracked 
| 182|0x000000008c800000, 0x000000008c800000, 0x000000008c900000|  0%| F|  |TAMS 0x000000008c800000, 0x000000008c800000| Untracked 
| 183|0x000000008c900000, 0x000000008c900000, 0x000000008ca00000|  0%| F|  |TAMS 0x000000008c900000, 0x000000008c900000| Untracked 
| 184|0x000000008ca00000, 0x000000008ca00000, 0x000000008cb00000|  0%| F|  |TAMS 0x000000008ca00000, 0x000000008ca00000| Untracked 
| 185|0x000000008cb00000, 0x000000008cb00000, 0x000000008cc00000|  0%| F|  |TAMS 0x000000008cb00000, 0x000000008cb00000| Untracked 
| 186|0x000000008cc00000, 0x000000008cc00000, 0x000000008cd00000|  0%| F|  |TAMS 0x000000008cc00000, 0x000000008cc00000| Untracked 
| 187|0x000000008cd00000, 0x000000008cd00000, 0x000000008ce00000|  0%| F|  |TAMS 0x000000008cd00000, 0x000000008cd00000| Untracked 
| 188|0x000000008ce00000, 0x000000008ce00000, 0x000000008cf00000|  0%| F|  |TAMS 0x000000008ce00000, 0x000000008ce00000| Untracked 
| 189|0x000000008cf00000, 0x000000008cf00000, 0x000000008d000000|  0%| F|  |TAMS 0x000000008cf00000, 0x000000008cf00000| Untracked 
| 190|0x000000008d000000, 0x000000008d000000, 0x000000008d100000|  0%| F|  |TAMS 0x000000008d000000, 0x000000008d000000| Untracked 
| 191|0x000000008d100000, 0x000000008d100000, 0x000000008d200000|  0%| F|  |TAMS 0x000000008d100000, 0x000000008d100000| Untracked 
| 192|0x000000008d200000, 0x000000008d200000, 0x000000008d300000|  0%| F|  |TAMS 0x000000008d200000, 0x000000008d200000| Untracked 
| 193|0x000000008d300000, 0x000000008d300000, 0x000000008d400000|  0%| F|  |TAMS 0x000000008d300000, 0x000000008d300000| Untracked 
| 194|0x000000008d400000, 0x000000008d400000, 0x000000008d500000|  0%| F|  |TAMS 0x000000008d400000, 0x000000008d400000| Untracked 
| 195|0x000000008d500000, 0x000000008d500000, 0x000000008d600000|  0%| F|  |TAMS 0x000000008d500000, 0x000000008d500000| Untracked 
| 196|0x000000008d600000, 0x000000008d600000, 0x000000008d700000|  0%| F|  |TAMS 0x000000008d600000, 0x000000008d600000| Untracked 
| 197|0x000000008d700000, 0x000000008d700000, 0x000000008d800000|  0%| F|  |TAMS 0x000000008d700000, 0x000000008d700000| Untracked 
| 198|0x000000008d800000, 0x000000008d800000, 0x000000008d900000|  0%| F|  |TAMS 0x000000008d800000, 0x000000008d800000| Untracked 
| 199|0x000000008d900000, 0x000000008d900000, 0x000000008da00000|  0%| F|  |TAMS 0x000000008d900000, 0x000000008d900000| Untracked 
| 200|0x000000008da00000, 0x000000008da00000, 0x000000008db00000|  0%| F|  |TAMS 0x000000008da00000, 0x000000008da00000| Untracked 
| 201|0x000000008db00000, 0x000000008db00000, 0x000000008dc00000|  0%| F|  |TAMS 0x000000008db00000, 0x000000008db00000| Untracked 
| 202|0x000000008dc00000, 0x000000008dc00000, 0x000000008dd00000|  0%| F|  |TAMS 0x000000008dc00000, 0x000000008dc00000| Untracked 
| 203|0x000000008dd00000, 0x000000008dd00000, 0x000000008de00000|  0%| F|  |TAMS 0x000000008dd00000, 0x000000008dd00000| Untracked 
| 204|0x000000008de00000, 0x000000008de00000, 0x000000008df00000|  0%| F|  |TAMS 0x000000008de00000, 0x000000008de00000| Untracked 
| 205|0x000000008df00000, 0x000000008df00000, 0x000000008e000000|  0%| F|  |TAMS 0x000000008df00000, 0x000000008df00000| Untracked 
| 206|0x000000008e000000, 0x000000008e000000, 0x000000008e100000|  0%| F|  |TAMS 0x000000008e000000, 0x000000008e000000| Untracked 
| 207|0x000000008e100000, 0x000000008e100000, 0x000000008e200000|  0%| F|  |TAMS 0x000000008e100000, 0x000000008e100000| Untracked 
| 208|0x000000008e200000, 0x000000008e200000, 0x000000008e300000|  0%| F|  |TAMS 0x000000008e200000, 0x000000008e200000| Untracked 
| 209|0x000000008e300000, 0x000000008e300000, 0x000000008e400000|  0%| F|  |TAMS 0x000000008e300000, 0x000000008e300000| Untracked 
| 210|0x000000008e400000, 0x000000008e400000, 0x000000008e500000|  0%| F|  |TAMS 0x000000008e400000, 0x000000008e400000| Untracked 
| 211|0x000000008e500000, 0x000000008e500000, 0x000000008e600000|  0%| F|  |TAMS 0x000000008e500000, 0x000000008e500000| Untracked 
| 212|0x000000008e600000, 0x000000008e600000, 0x000000008e700000|  0%| F|  |TAMS 0x000000008e600000, 0x000000008e600000| Untracked 
| 213|0x000000008e700000, 0x000000008e700000, 0x000000008e800000|  0%| F|  |TAMS 0x000000008e700000, 0x000000008e700000| Untracked 
| 214|0x000000008e800000, 0x000000008e800000, 0x000000008e900000|  0%| F|  |TAMS 0x000000008e800000, 0x000000008e800000| Untracked 
| 215|0x000000008e900000, 0x000000008e900000, 0x000000008ea00000|  0%| F|  |TAMS 0x000000008e900000, 0x000000008e900000| Untracked 
| 216|0x000000008ea00000, 0x000000008ea00000, 0x000000008eb00000|  0%| F|  |TAMS 0x000000008ea00000, 0x000000008ea00000| Untracked 
| 217|0x000000008eb00000, 0x000000008eb00000, 0x000000008ec00000|  0%| F|  |TAMS 0x000000008eb00000, 0x000000008eb00000| Untracked 

Card table byte_map: [0x00000213f6400000,0x00000213f6800000] _byte_map_base: 0x00000213f5ff7000

Marking Bits (Prev, Next): (CMBitMap*) 0x00000213ee747900, (CMBitMap*) 0x00000213ee7478c0
 Prev Bits: [0x00000213f8bc0000, 0x00000213fab78000)
 Next Bits: [0x00000213f6c00000, 0x00000213f8bb8000)

Polling page: 0x00000213ee580000

Metaspace:

Usage:
  Non-class:     29.81 MB used.
      Class:      4.45 MB used.
       Both:     34.26 MB used.

Virtual space:
  Non-class space:       32.00 MB reserved,      30.00 MB ( 94%) committed,  4 nodes.
      Class space:        1.00 GB reserved,       4.62 MB ( <1%) committed,  1 nodes.
             Both:        1.03 GB reserved,      34.62 MB (  3%) committed. 

Chunk freelists:
   Non-Class:  1.66 MB
       Class:  3.30 MB
        Both:  4.95 MB

MaxMetaspaceSize: unlimited
CompressedClassSpaceSize: 1.00 GB
Initial GC threshold: 21.00 MB
Current GC threshold: 57.19 MB
CDS: off
MetaspaceReclaimPolicy: balanced
 - commit_granule_bytes: 65536.
 - commit_granule_words: 8192.
 - virtual_space_node_default_size: 1048576.
 - enlarge_chunks_in_place: 1.
 - new_chunks_are_fully_committed: 0.
 - uncommit_free_chunks: 1.
 - use_allocation_guard: 0.
 - handle_deallocations: 1.


Internal statistics:

num_allocs_failed_limit: 3.
num_arena_births: 300.
num_arena_deaths: 0.
num_vsnodes_births: 5.
num_vsnodes_deaths: 0.
num_space_committed: 554.
num_space_uncommitted: 0.
num_chunks_returned_to_freelist: 3.
num_chunks_taken_from_freelist: 1278.
num_chunk_merges: 3.
num_chunk_splits: 877.
num_chunks_enlarged: 705.
num_purges: 0.
num_inconsistent_stats: 0.

CodeCache: size=49152Kb used=8438Kb max_used=8438Kb free=40713Kb
 bounds [0x00000213f2b50000, 0x00000213f3390000, 0x00000213f5b50000]
 total_blobs=4167 nmethods=3642 adapters=450
 compilation: enabled
              stopped_count=0, restarted_count=0
 full_count=0

Compilation events (20 events):
Event: 12.328 Thread 0x00000213fde20ef0 3627       1       io.github.classgraph.ClasspathElementModule$1::openClassfile (13 bytes)
Event: 12.328 Thread 0x00000213fde20ef0 nmethod 3627 0x00000213f3380310 code [0x00000213f33804c0, 0x00000213f33807c8]
Event: 12.328 Thread 0x00000213fde0f800 nmethod 3633 0x00000213f3380890 code [0x00000213f3380a40, 0x00000213f3380cc8]
Event: 12.328 Thread 0x00000213fde20ef0 3628       1       io.github.classgraph.ModuleReaderProxy::open (72 bytes)
Event: 12.328 Thread 0x00000213fde0f800 3637   !   1       nonapi.io.github.classgraph.fileslice.reader.ClassfileReader::close (43 bytes)
Event: 12.328 Thread 0x00000213fde0f800 nmethod 3637 0x00000213f3380e90 code [0x00000213f3381040, 0x00000213f3381218]
Event: 12.328 Thread 0x00000213fde0f800 3636       1       jdk.internal.jimage.ImageReader::findLocation (14 bytes)
Event: 12.329 Thread 0x00000213fde0f800 nmethod 3636 0x00000213f3381310 code [0x00000213f33814c0, 0x00000213f3381658]
Event: 12.329 Thread 0x00000213fde0f800 3638       1       nonapi.io.github.classgraph.fileslice.reader.ClassfileReader::<init> (29 bytes)
Event: 12.329 Thread 0x00000213fde20ef0 nmethod 3628 0x00000213f3381790 code [0x00000213f33819a0, 0x00000213f3381e88]
Event: 12.329 Thread 0x00000213fde0f800 nmethod 3638 0x00000213f3382090 code [0x00000213f3382220, 0x00000213f3382498]
Event: 12.331 Thread 0x00000213fdc20260 nmethod 3635 0x00000213f3382510 code [0x00000213f3382880, 0x00000213f33836e8]
Event: 12.342 Thread 0x00000213fde0f800 3639 % !   1       java.util.concurrent.ConcurrentHashMap::transfer @ 437 (850 bytes)
Event: 12.371 Thread 0x00000213fdc20260 3640  s!   1       jdk.internal.loader.URLClassPath::getLoader (196 bytes)
Event: 12.373 Thread 0x00000213fdc20260 nmethod 3640 0x00000213f3383f90 code [0x00000213f3384240, 0x00000213f3384c58]
Event: 12.376 Thread 0x00000213fde0f800 nmethod 3639% 0x00000213f3385590 code [0x00000213f3385860, 0x00000213f3387518]
Event: 12.378 Thread 0x00000213fde0f800 3641   !   1       java.util.concurrent.ConcurrentHashMap::transfer (850 bytes)
Event: 12.383 Thread 0x00000213fde0f800 nmethod 3641 0x00000213f3388590 code [0x00000213f3388840, 0x00000213f338a098]
Event: 12.509 Thread 0x00000213fdc20260 3642 % !   1       java.util.concurrent.ConcurrentHashMap::transfer @ 372 (850 bytes)
Event: 12.516 Thread 0x00000213fdc20260 nmethod 3642% 0x00000213f338ad90 code [0x00000213f338b060, 0x00000213f338ccf8]

GC Heap History (20 events):
Event: 10.568 GC heap after
{Heap after GC invocations=13 (full 0):
 garbage-first heap   total 81920K, used 30708K [0x0000000081200000, 0x0000000100000000)
  region size 1024K, 2 young (2048K), 2 survivors (2048K)
 Metaspace       used 33513K, committed 33728K, reserved 1081344K
  class space    used 4261K, committed 4352K, reserved 1048576K
}
Event: 10.881 GC heap before
{Heap before GC invocations=14 (full 0):
 garbage-first heap   total 81920K, used 58356K [0x0000000081200000, 0x0000000100000000)
  region size 1024K, 30 young (30720K), 2 survivors (2048K)
 Metaspace       used 34222K, committed 34560K, reserved 1081344K
  class space    used 4381K, committed 4544K, reserved 1048576K
}
Event: 10.895 GC heap after
{Heap after GC invocations=15 (full 0):
 garbage-first heap   total 81920K, used 35256K [0x0000000081200000, 0x0000000100000000)
  region size 1024K, 4 young (4096K), 4 survivors (4096K)
 Metaspace       used 34222K, committed 34560K, reserved 1081344K
  class space    used 4381K, committed 4544K, reserved 1048576K
}
Event: 10.907 GC heap before
{Heap before GC invocations=15 (full 0):
 garbage-first heap   total 81920K, used 36280K [0x0000000081200000, 0x0000000100000000)
  region size 1024K, 5 young (5120K), 4 survivors (4096K)
 Metaspace       used 34269K, committed 34560K, reserved 1081344K
  class space    used 4393K, committed 4544K, reserved 1048576K
}
Event: 10.915 GC heap after
{Heap after GC invocations=16 (full 0):
 garbage-first heap   total 81920K, used 36031K [0x0000000081200000, 0x0000000100000000)
  region size 1024K, 1 young (1024K), 1 survivors (1024K)
 Metaspace       used 34269K, committed 34560K, reserved 1081344K
  class space    used 4393K, committed 4544K, reserved 1048576K
}
Event: 11.067 GC heap before
{Heap before GC invocations=16 (full 0):
 garbage-first heap   total 81920K, used 60607K [0x0000000081200000, 0x0000000100000000)
  region size 1024K, 25 young (25600K), 1 survivors (1024K)
 Metaspace       used 34489K, committed 34816K, reserved 1081344K
  class space    used 4450K, committed 4608K, reserved 1048576K
}
Event: 11.083 GC heap after
{Heap after GC invocations=17 (full 0):
 garbage-first heap   total 81920K, used 43402K [0x0000000081200000, 0x0000000100000000)
  region size 1024K, 4 young (4096K), 4 survivors (4096K)
 Metaspace       used 34489K, committed 34816K, reserved 1081344K
  class space    used 4450K, committed 4608K, reserved 1048576K
}
Event: 11.830 GC heap before
{Heap before GC invocations=17 (full 0):
 garbage-first heap   total 81920K, used 60810K [0x0000000081200000, 0x0000000100000000)
  region size 1024K, 22 young (22528K), 4 survivors (4096K)
 Metaspace       used 34871K, committed 35136K, reserved 1081344K
  class space    used 4534K, committed 4672K, reserved 1048576K
}
Event: 11.847 GC heap after
{Heap after GC invocations=18 (full 0):
 garbage-first heap   total 81920K, used 48003K [0x0000000081200000, 0x0000000100000000)
  region size 1024K, 3 young (3072K), 3 survivors (3072K)
 Metaspace       used 34871K, committed 35136K, reserved 1081344K
  class space    used 4534K, committed 4672K, reserved 1048576K
}
Event: 12.091 GC heap before
{Heap before GC invocations=18 (full 0):
 garbage-first heap   total 99328K, used 64387K [0x0000000081200000, 0x0000000100000000)
  region size 1024K, 18 young (18432K), 3 survivors (3072K)
 Metaspace       used 34873K, committed 35136K, reserved 1081344K
  class space    used 4534K, committed 4672K, reserved 1048576K
}
Event: 12.116 GC heap after
{Heap after GC invocations=19 (full 0):
 garbage-first heap   total 223232K, used 56169K [0x0000000081200000, 0x0000000100000000)
  region size 1024K, 3 young (3072K), 3 survivors (3072K)
 Metaspace       used 34873K, committed 35136K, reserved 1081344K
  class space    used 4534K, committed 4672K, reserved 1048576K
}
Event: 12.412 GC heap before
{Heap before GC invocations=20 (full 0):
 garbage-first heap   total 223232K, used 132969K [0x0000000081200000, 0x0000000100000000)
  region size 1024K, 79 young (80896K), 3 survivors (3072K)
 Metaspace       used 35080K, committed 35456K, reserved 1081344K
  class space    used 4558K, committed 4736K, reserved 1048576K
}
Event: 12.450 GC heap after
{Heap after GC invocations=21 (full 0):
 garbage-first heap   total 223232K, used 65843K [0x0000000081200000, 0x0000000100000000)
  region size 1024K, 10 young (10240K), 10 survivors (10240K)
 Metaspace       used 35080K, committed 35456K, reserved 1081344K
  class space    used 4558K, committed 4736K, reserved 1048576K
}
Event: 12.467 GC heap before
{Heap before GC invocations=21 (full 0):
 garbage-first heap   total 223232K, used 66867K [0x0000000081200000, 0x0000000100000000)
  region size 1024K, 11 young (11264K), 10 survivors (10240K)
 Metaspace       used 35080K, committed 35456K, reserved 1081344K
  class space    used 4558K, committed 4736K, reserved 1048576K
}
Event: 12.492 GC heap after
{Heap after GC invocations=22 (full 0):
 garbage-first heap   total 223232K, used 67075K [0x0000000081200000, 0x0000000100000000)
  region size 1024K, 2 young (2048K), 2 survivors (2048K)
 Metaspace       used 35080K, committed 35456K, reserved 1081344K
  class space    used 4558K, committed 4736K, reserved 1048576K
}
Event: 12.579 GC heap before
{Heap before GC invocations=22 (full 0):
 garbage-first heap   total 223232K, used 145923K [0x0000000081200000, 0x0000000100000000)
  region size 1024K, 80 young (81920K), 2 survivors (2048K)
 Metaspace       used 35080K, committed 35456K, reserved 1081344K
  class space    used 4558K, committed 4736K, reserved 1048576K
}
Event: 12.583 GC heap after
{Heap after GC invocations=23 (full 0):
 garbage-first heap   total 223232K, used 69031K [0x0000000081200000, 0x0000000100000000)
  region size 1024K, 4 young (4096K), 4 survivors (4096K)
 Metaspace       used 35080K, committed 35456K, reserved 1081344K
  class space    used 4558K, committed 4736K, reserved 1048576K
}
Event: 12.671 GC heap before
{Heap before GC invocations=23 (full 0):
 garbage-first heap   total 223232K, used 158119K [0x0000000081200000, 0x0000000100000000)
  region size 1024K, 92 young (94208K), 4 survivors (4096K)
 Metaspace       used 35080K, committed 35456K, reserved 1081344K
  class space    used 4558K, committed 4736K, reserved 1048576K
}
Event: 12.679 GC heap after
{Heap after GC invocations=24 (full 0):
 garbage-first heap   total 223232K, used 72363K [0x0000000081200000, 0x0000000100000000)
  region size 1024K, 7 young (7168K), 7 survivors (7168K)
 Metaspace       used 35080K, committed 35456K, reserved 1081344K
  class space    used 4558K, committed 4736K, reserved 1048576K
}
Event: 12.783 GC heap before
{Heap before GC invocations=24 (full 0):
 garbage-first heap   total 223232K, used 167595K [0x0000000081200000, 0x0000000100000000)
  region size 1024K, 101 young (103424K), 7 survivors (7168K)
 Metaspace       used 35080K, committed 35456K, reserved 1081344K
  class space    used 4558K, committed 4736K, reserved 1048576K
}

Deoptimization events (14 events):
Event: 6.551 Thread 0x00000213ee6ebf00 DEOPT PACKING pc=0x00000213f2ff0b19 sp=0x00000076bdefd530
Event: 6.551 Thread 0x00000213ee6ebf00 DEOPT UNPACKING pc=0x00000213f2ba2b43 sp=0x00000076bdefca10 mode 3
Event: 9.550 Thread 0x00000213ee6ebf00 DEOPT PACKING pc=0x00000213f3157c99 sp=0x00000076bdefcaa0
Event: 9.550 Thread 0x00000213ee6ebf00 DEOPT UNPACKING pc=0x00000213f2ba2b43 sp=0x00000076bdefbf80 mode 3
Event: 9.715 Thread 0x0000021380660c00 DEOPT PACKING pc=0x00000213f31b9a2b sp=0x00000076bf5fe980
Event: 9.715 Thread 0x0000021380660c00 DEOPT UNPACKING pc=0x00000213f2ba2b43 sp=0x00000076bf5fdec8 mode 3
Event: 10.331 Thread 0x000002138092a500 DEOPT PACKING pc=0x00000213f2fef181 sp=0x00000076bfefedf0
Event: 10.331 Thread 0x000002138092a500 DEOPT UNPACKING pc=0x00000213f2ba2b43 sp=0x00000076bfefe280 mode 3
Event: 10.809 Thread 0x000002138092b370 DEOPT PACKING pc=0x00000213f330d0b5 sp=0x00000076c01fdc70
Event: 10.809 Thread 0x000002138092b370 DEOPT UNPACKING pc=0x00000213f2ba2b43 sp=0x00000076c01fd198 mode 3
Event: 11.789 Thread 0x00000213807c7560 DEOPT PACKING pc=0x00000213f2fea417 sp=0x00000076bf9ff060
Event: 11.789 Thread 0x00000213807c7560 DEOPT UNPACKING pc=0x00000213f2ba2b43 sp=0x00000076bf9fe4b8 mode 3
Event: 12.341 Thread 0x000002138062d300 DEOPT PACKING pc=0x00000213f2fcee42 sp=0x00000076bf7fe4d0
Event: 12.342 Thread 0x000002138062d300 DEOPT UNPACKING pc=0x00000213f2ba2b43 sp=0x00000076bf7fd9d8 mode 3

Classes unloaded (0 events):
No events

Classes redefined (0 events):
No events

Internal exceptions (20 events):
Event: 9.826 Thread 0x000002138062d300 Exception <a 'sun/nio/fs/WindowsException'{0x0000000083529c70}> (0x0000000083529c70) 
thrown [s\src\hotspot\share\prims\jni.cpp, line 516]
Event: 9.826 Thread 0x000002138062d300 Exception <a 'sun/nio/fs/WindowsException'{0x000000008352a030}> (0x000000008352a030) 
thrown [s\src\hotspot\share\prims\jni.cpp, line 516]
Event: 9.826 Thread 0x000002138062d300 Exception <a 'sun/nio/fs/WindowsException'{0x000000008352aa40}> (0x000000008352aa40) 
thrown [s\src\hotspot\share\prims\jni.cpp, line 516]
Event: 9.826 Thread 0x000002138062d300 Exception <a 'sun/nio/fs/WindowsException'{0x000000008352ae18}> (0x000000008352ae18) 
thrown [s\src\hotspot\share\prims\jni.cpp, line 516]
Event: 9.827 Thread 0x000002138062d300 Exception <a 'sun/nio/fs/WindowsException'{0x000000008352b828}> (0x000000008352b828) 
thrown [s\src\hotspot\share\prims\jni.cpp, line 516]
Event: 9.827 Thread 0x000002138062d300 Exception <a 'sun/nio/fs/WindowsException'{0x000000008352bbe8}> (0x000000008352bbe8) 
thrown [s\src\hotspot\share\prims\jni.cpp, line 516]
Event: 9.828 Thread 0x000002138062d300 Exception <a 'sun/nio/fs/WindowsException'{0x000000008352c5f8}> (0x000000008352c5f8) 
thrown [s\src\hotspot\share\prims\jni.cpp, line 516]
Event: 9.828 Thread 0x000002138062d300 Exception <a 'sun/nio/fs/WindowsException'{0x000000008352c9d0}> (0x000000008352c9d0) 
thrown [s\src\hotspot\share\prims\jni.cpp, line 516]
Event: 9.828 Thread 0x000002138062d300 Exception <a 'sun/nio/fs/WindowsException'{0x000000008352d408}> (0x000000008352d408) 
thrown [s\src\hotspot\share\prims\jni.cpp, line 516]
Event: 9.828 Thread 0x000002138062d300 Exception <a 'sun/nio/fs/WindowsException'{0x000000008352d7f8}> (0x000000008352d7f8) 
thrown [s\src\hotspot\share\prims\jni.cpp, line 516]
Event: 9.829 Thread 0x000002138062d300 Exception <a 'sun/nio/fs/WindowsException'{0x000000008352e248}> (0x000000008352e248) 
thrown [s\src\hotspot\share\prims\jni.cpp, line 516]
Event: 9.829 Thread 0x000002138062d300 Exception <a 'sun/nio/fs/WindowsException'{0x000000008352e658}> (0x000000008352e658) 
thrown [s\src\hotspot\share\prims\jni.cpp, line 516]
Event: 9.829 Thread 0x000002138062d300 Exception <a 'sun/nio/fs/WindowsException'{0x000000008352f090}> (0x000000008352f090) 
thrown [s\src\hotspot\share\prims\jni.cpp, line 516]
Event: 9.829 Thread 0x000002138062d300 Exception <a 'sun/nio/fs/WindowsException'{0x000000008352f498}> (0x000000008352f498) 
thrown [s\src\hotspot\share\prims\jni.cpp, line 516]
Event: 10.705 Thread 0x000002138092a9d0 Exception <a 'java/lang/NoSuchMethodError'{0x00000000851283b0}: 'java.lang.Object java.lang.invoke.DirectMethodHandle$Holder.invokeStatic(java.lang.Object, java.lang.Object, java.lang.Object, int, java.lang.Object, java.lang.Object)'> (0x00000000851283b0) 
thrown [s\src\hotspot\share\interpreter\linkResolver.cpp, line 759]
Event: 10.790 Thread 0x000002138092b370 Exception <a 'java/lang/NoSuchMethodError'{0x0000000084f1ce28}: 'java.lang.Object java.lang.invoke.DirectMethodHandle$Holder.invokeStatic(java.lang.Object, int, java.lang.Object)'> (0x0000000084f1ce28) 
thrown [s\src\hotspot\share\interpreter\linkResolver.cpp, line 759]
Event: 10.854 Thread 0x000002138092a9d0 Exception <a 'java/lang/reflect/InvocationTargetException'{0x000000008485a638}> (0x000000008485a638) 
thrown [s\src\hotspot\share\runtime\reflection.cpp, line 1121]
Event: 11.223 Thread 0x000002138092b370 Exception <a 'java/lang/NoSuchMethodError'{0x000000008572b140}: 'int java.lang.invoke.DirectMethodHandle$Holder.invokeStatic(java.lang.Object)'> (0x000000008572b140) 
thrown [s\src\hotspot\share\interpreter\linkResolver.cpp, line 759]
Event: 11.223 Thread 0x000002138092b370 Exception <a 'java/lang/NoSuchMethodError'{0x000000008572e898}: 'int java.lang.invoke.DirectMethodHandle$Holder.invokeStaticInit(java.lang.Object)'> (0x000000008572e898) 
thrown [s\src\hotspot\share\interpreter\linkResolver.cpp, line 759]
Event: 11.265 Thread 0x000002138092a9d0 Exception <a 'java/lang/NoSuchMethodError'{0x00000000857fe578}: 'int java.lang.invoke.DirectMethodHandle$Holder.invokeVirtual(java.lang.Object, java.lang.Object)'> (0x00000000857fe578) 
thrown [s\src\hotspot\share\interpreter\linkResolver.cpp, line 759]

VM Operations (20 events):
Event: 12.153 Executing VM operation: G1Concurrent done
Event: 12.338 Executing VM operation: HandshakeAllThreads
Event: 12.342 Executing VM operation: HandshakeAllThreads done
Event: 12.342 Executing VM operation: HandshakeAllThreads
Event: 12.359 Executing VM operation: HandshakeAllThreads done
Event: 12.359 Executing VM operation: HandshakeAllThreads
Event: 12.370 Executing VM operation: HandshakeAllThreads done
Event: 12.411 Executing VM operation: G1CollectForAllocation
Event: 12.412 Executing VM operation: G1CollectForAllocation done
Event: 12.412 Executing VM operation: G1CollectForAllocation
Event: 12.450 Executing VM operation: G1CollectForAllocation done
Event: 12.453 Executing VM operation: G1CollectForAllocation
Event: 12.492 Executing VM operation: G1CollectForAllocation done
Event: 12.579 Executing VM operation: G1CollectForAllocation
Event: 12.583 Executing VM operation: G1CollectForAllocation done
Event: 12.670 Executing VM operation: G1CollectForAllocation
Event: 12.680 Executing VM operation: G1CollectForAllocation done
Event: 12.783 Executing VM operation: G1CollectForAllocation
Event: 12.783 Executing VM operation: G1CollectForAllocation done
Event: 12.783 Executing VM operation: G1CollectForAllocation

Events (20 events):
Event: 10.902 loading class java/util/concurrent/CompletableFuture$UniCompose
Event: 10.902 loading class java/util/concurrent/CompletableFuture$UniCompose done
Event: 10.906 Thread 0x000002138092b840 Thread added: 0x000002138092b840
Event: 10.922 loading class java/util/concurrent/CompletableFuture$UniRelay
Event: 10.924 loading class java/util/concurrent/CompletableFuture$UniRelay done
Event: 11.246 Thread 0x000002138092c1e0 Thread added: 0x000002138092c1e0
Event: 11.255 loading class java/util/concurrent/CompletionException
Event: 11.255 loading class java/util/concurrent/CompletionException done
Event: 11.272 loading class sun/nio/cs/StringUTF16
Event: 11.272 loading class sun/nio/cs/StringUTF16 done
Event: 11.275 loading class java/util/WeakHashMap$EntrySet
Event: 11.276 loading class java/util/WeakHashMap$EntrySet done
Event: 11.276 loading class java/util/WeakHashMap$EntryIterator
Event: 11.276 loading class java/util/WeakHashMap$HashIterator
Event: 11.276 loading class java/util/WeakHashMap$HashIterator done
Event: 11.276 loading class java/util/WeakHashMap$EntryIterator done
Event: 12.319 loading class java/util/concurrent/ConcurrentHashMap$TreeNode
Event: 12.319 loading class java/util/concurrent/ConcurrentHashMap$TreeNode done
Event: 12.319 loading class java/util/concurrent/ConcurrentHashMap$TreeBin
Event: 12.320 loading class java/util/concurrent/ConcurrentHashMap$TreeBin done


Dynamic libraries:
0x00007ff675c60000 - 0x00007ff675c6e000 	c:\Users\JuanPablo\.vscode\extensions\redhat.java-1.10.0-win32-x64\jre\17.0.4-win32-x86_64\bin\java.exe
0x00007ffb82ab0000 - 0x00007ffb82ca8000 	C:\Windows\SYSTEM32\ntdll.dll
0x00007ffb5aea0000 - 0x00007ffb5aeb7000 	C:\Program Files\Avast Software\Avast\aswhook.dll
0x00007ffb82480000 - 0x00007ffb8253d000 	C:\Windows\System32\KERNEL32.DLL
0x00007ffb804c0000 - 0x00007ffb8078e000 	C:\Windows\System32\KERNELBASE.dll
0x00007ffb7da10000 - 0x00007ffb7daa0000 	C:\Windows\SYSTEM32\apphelp.dll
0x00007ffb809e0000 - 0x00007ffb80ae0000 	C:\Windows\System32\ucrtbase.dll
0x00007ffb707f0000 - 0x00007ffb70808000 	c:\Users\JuanPablo\.vscode\extensions\redhat.java-1.10.0-win32-x64\jre\17.0.4-win32-x86_64\bin\jli.dll
0x00007ffb81a80000 - 0x00007ffb81c20000 	C:\Windows\System32\USER32.dll
0x00007ffb80ae0000 - 0x00007ffb80b02000 	C:\Windows\System32\win32u.dll
0x00007ffb82a20000 - 0x00007ffb82a4a000 	C:\Windows\System32\GDI32.dll
0x00007ffb802d0000 - 0x00007ffb803db000 	C:\Windows\System32\gdi32full.dll
0x00007ffb80940000 - 0x00007ffb809dd000 	C:\Windows\System32\msvcp_win.dll
0x00007ffb79000000 - 0x00007ffb79019000 	c:\Users\JuanPablo\.vscode\extensions\redhat.java-1.10.0-win32-x64\jre\17.0.4-win32-x86_64\bin\VCRUNTIME140.dll
0x00007ffb70430000 - 0x00007ffb706ca000 	C:\Windows\WinSxS\amd64_microsoft.windows.common-controls_6595b64144ccf1df_6.0.19041.1110_none_60b5254171f9507e\COMCTL32.dll
0x00007ffb81260000 - 0x00007ffb812fe000 	C:\Windows\System32\msvcrt.dll
0x00007ffb816c0000 - 0x00007ffb816f0000 	C:\Windows\System32\IMM32.DLL
0x00007ffb7be80000 - 0x00007ffb7be8c000 	c:\Users\JuanPablo\.vscode\extensions\redhat.java-1.10.0-win32-x64\jre\17.0.4-win32-x86_64\bin\vcruntime140_1.dll
0x00007ffb420b0000 - 0x00007ffb42141000 	c:\Users\JuanPablo\.vscode\extensions\redhat.java-1.10.0-win32-x64\jre\17.0.4-win32-x86_64\bin\msvcp140.dll
0x00007ffb32870000 - 0x00007ffb334b6000 	c:\Users\JuanPablo\.vscode\extensions\redhat.java-1.10.0-win32-x64\jre\17.0.4-win32-x86_64\bin\server\jvm.dll
0x00007ffb81cd0000 - 0x00007ffb81d7e000 	C:\Windows\System32\ADVAPI32.dll
0x00007ffb82710000 - 0x00007ffb827ac000 	C:\Windows\System32\sechost.dll
0x00007ffb825d0000 - 0x00007ffb826f5000 	C:\Windows\System32\RPCRT4.dll
0x00007ffb825c0000 - 0x00007ffb825c8000 	C:\Windows\System32\PSAPI.DLL
0x00007ffb6e1a0000 - 0x00007ffb6e1a9000 	C:\Windows\SYSTEM32\WSOCK32.dll
0x00007ffb822d0000 - 0x00007ffb8233b000 	C:\Windows\System32\WS2_32.dll
0x00007ffb661e0000 - 0x00007ffb66207000 	C:\Windows\SYSTEM32\WINMM.dll
0x00007ffb777c0000 - 0x00007ffb777ca000 	C:\Windows\SYSTEM32\VERSION.dll
0x00007ffb7e0d0000 - 0x00007ffb7e0e2000 	C:\Windows\SYSTEM32\kernel.appcore.dll
0x00007ffb7aac0000 - 0x00007ffb7aaca000 	c:\Users\JuanPablo\.vscode\extensions\redhat.java-1.10.0-win32-x64\jre\17.0.4-win32-x86_64\bin\jimage.dll
0x00007ffb76240000 - 0x00007ffb76424000 	C:\Windows\SYSTEM32\DBGHELP.DLL
0x00007ffb76650000 - 0x00007ffb7667c000 	C:\Windows\SYSTEM32\dbgcore.DLL
0x00007ffb801d0000 - 0x00007ffb80252000 	C:\Windows\System32\bcryptPrimitives.dll
0x00007ffb68da0000 - 0x00007ffb68dc5000 	c:\Users\JuanPablo\.vscode\extensions\redhat.java-1.10.0-win32-x64\jre\17.0.4-win32-x86_64\bin\java.dll
0x00007ffb68e00000 - 0x00007ffb68e18000 	c:\Users\JuanPablo\.vscode\extensions\redhat.java-1.10.0-win32-x64\jre\17.0.4-win32-x86_64\bin\zip.dll
0x00007ffb80b10000 - 0x00007ffb81254000 	C:\Windows\System32\SHELL32.dll
0x00007ffb7e2d0000 - 0x00007ffb7ea64000 	C:\Windows\SYSTEM32\windows.storage.dll
0x00007ffb81360000 - 0x00007ffb816b4000 	C:\Windows\System32\combase.dll
0x00007ffb7fc30000 - 0x00007ffb7fc60000 	C:\Windows\SYSTEM32\Wldp.dll
0x00007ffb81c20000 - 0x00007ffb81ccd000 	C:\Windows\System32\SHCORE.dll
0x00007ffb829c0000 - 0x00007ffb82a15000 	C:\Windows\System32\shlwapi.dll
0x00007ffb80110000 - 0x00007ffb8012f000 	C:\Windows\SYSTEM32\profapi.dll
0x00007ffb6ce20000 - 0x00007ffb6ce39000 	C:\Users\JuanPablo\.vscode\extensions\redhat.java-1.10.0-win32-x64\jre\17.0.4-win32-x86_64\bin\net.dll
0x00007ffb71a10000 - 0x00007ffb71b1a000 	C:\Windows\SYSTEM32\WINHTTP.dll
0x00007ffb7f990000 - 0x00007ffb7f9fa000 	C:\Windows\system32\mswsock.dll
0x00007ffb68e50000 - 0x00007ffb68e65000 	C:\Users\JuanPablo\.vscode\extensions\redhat.java-1.10.0-win32-x64\jre\17.0.4-win32-x86_64\bin\nio.dll
0x00007ffb79580000 - 0x00007ffb79590000 	c:\Users\JuanPablo\.vscode\extensions\redhat.java-1.10.0-win32-x64\jre\17.0.4-win32-x86_64\bin\verify.dll
0x00007ffb7bec0000 - 0x00007ffb7bec9000 	C:\Users\JuanPablo\.vscode\extensions\redhat.java-1.10.0-win32-x64\jre\17.0.4-win32-x86_64\bin\management.dll
0x00007ffb74d80000 - 0x00007ffb74d8b000 	C:\Users\JuanPablo\.vscode\extensions\redhat.java-1.10.0-win32-x64\jre\17.0.4-win32-x86_64\bin\management_ext.dll
0x00007ffb650d0000 - 0x00007ffb650e7000 	C:\Windows\system32\napinsp.dll
0x00007ffb622c0000 - 0x00007ffb622db000 	C:\Windows\system32\pnrpnsp.dll
0x00007ffb7b180000 - 0x00007ffb7b195000 	C:\Windows\system32\wshbth.dll
0x00007ffb7bd40000 - 0x00007ffb7bd5d000 	C:\Windows\system32\NLAapi.dll
0x00007ffb7f630000 - 0x00007ffb7f66b000 	C:\Windows\SYSTEM32\IPHLPAPI.DLL
0x00007ffb7f680000 - 0x00007ffb7f74a000 	C:\Windows\SYSTEM32\DNSAPI.dll
0x00007ffb81e50000 - 0x00007ffb81e58000 	C:\Windows\System32\NSI.dll
0x00007ffb622a0000 - 0x00007ffb622b2000 	C:\Windows\System32\winrnr.dll
0x000000005f460000 - 0x000000005f486000 	C:\Program Files\Bonjour\mdnsNSP.dll
0x00007ffb6e190000 - 0x00007ffb6e19a000 	C:\Windows\System32\rasadhlp.dll
0x00007ffb6e620000 - 0x00007ffb6e6a0000 	C:\Windows\System32\fwpuclnt.dll
0x00007ffb803e0000 - 0x00007ffb80407000 	C:\Windows\System32\bcrypt.dll
0x00007ffb7fb80000 - 0x00007ffb7fb98000 	C:\Windows\SYSTEM32\CRYPTSP.dll
0x00007ffb7f2a0000 - 0x00007ffb7f2d4000 	C:\Windows\system32\rsaenh.dll
0x00007ffb80090000 - 0x00007ffb800be000 	C:\Windows\SYSTEM32\USERENV.dll
0x00007ffb7fba0000 - 0x00007ffb7fbac000 	C:\Windows\SYSTEM32\CRYPTBASE.dll
0x00007ffb74b60000 - 0x00007ffb74b77000 	C:\Windows\SYSTEM32\dhcpcsvc6.DLL
0x00007ffb74fd0000 - 0x00007ffb74fed000 	C:\Windows\SYSTEM32\dhcpcsvc.DLL

dbghelp: loaded successfully - version: 4.0.5 - missing functions: none
symbol engine: initialized successfully - sym options: 0x614 - pdb path: .;c:\Users\JuanPablo\.vscode\extensions\redhat.java-1.10.0-win32-x64\jre\17.0.4-win32-x86_64\bin;C:\Windows\SYSTEM32;C:\Program Files\Avast Software\Avast;C:\Windows\WinSxS\amd64_microsoft.windows.common-controls_6595b64144ccf1df_6.0.19041.1110_none_60b5254171f9507e;c:\Users\JuanPablo\.vscode\extensions\redhat.java-1.10.0-win32-x64\jre\17.0.4-win32-x86_64\bin\server;C:\Program Files\Bonjour

VM Arguments:
jvm_args: -Dsts.lsp.client=vscode -Dsts.log.file=/dev/null -XX:TieredStopAtLevel=1 -Dspring.config.location=file:c:\Users\JuanPablo\.vscode\extensions\pivotal.vscode-spring-boot-1.38.0\language-server\BOOT-INF\classes\application.properties 
java_command: org.springframework.ide.vscode.boot.app.BootLanguageServerBootApp
java_class_path (initial): c:\Users\JuanPablo\.vscode\extensions\pivotal.vscode-spring-boot-1.38.0\language-server\BOOT-INF\classes;c:\Users\JuanPablo\.vscode\extensions\pivotal.vscode-spring-boot-1.38.0\language-server\BOOT-INF\lib\annotations-23.0.0.jar;c:\Users\JuanPablo\.vscode\extensions\pivotal.vscode-spring-boot-1.38.0\language-server\BOOT-INF\lib\antlr-runtime-3.5.2.jar;c:\Users\JuanPablo\.vscode\extensions\pivotal.vscode-spring-boot-1.38.0\language-server\BOOT-INF\lib\antlr4-4.9.3.jar;c:\Users\JuanPablo\.vscode\extensions\pivotal.vscode-spring-boot-1.38.0\language-server\BOOT-INF\lib\antlr4-runtime-4.9.3.jar;c:\Users\JuanPablo\.vscode\extensions\pivotal.vscode-spring-boot-1.38.0\language-server\BOOT-INF\lib\asm-9.3.jar;c:\Users\JuanPablo\.vscode\extensions\pivotal.vscode-spring-boot-1.38.0\language-server\BOOT-INF\lib\asm-analysis-9.3.jar;c:\Users\JuanPablo\.vscode\extensions\pivotal.vscode-spring-boot-1.38.0\language-server\BOOT-INF\lib\asm-tree-9.3.jar;c:\Users\JuanPablo\.vscode\extensions\pivotal.vscode-spring-boot-1.38.0\language-server\BOOT-INF\lib\asm-util-9.3.jar;c:\Users\JuanPablo\.vscode\extensions\pivotal.vscode-spring-boot-1.38.0\language-server\BOOT-INF\lib\byte-buddy-1.10.18.jar;c:\Users\JuanPablo\.vscode\extensions\pivotal.vscode-spring-boot-1.38.0\language-server\BOOT-INF\lib\caffeine-2.8.6.jar;c:\Users\JuanPablo\.vscode\extensions\pivotal.vscode-spring-boot-1.38.0\language-server\BOOT-INF\lib\checker-qual-3.12.0.jar;c:\Users\JuanPablo\.vscode\extensions\pivotal.vscode-spring-boot-1.38.0\language-server\BOOT-INF\lib\classgraph-4.8.149.jar;c:\Users\JuanPablo\.vscode\extensions\pivotal.vscode-spring-boot-1.38.0\language-server\BOOT-INF\lib\commons-codec-1.14.jar;c:\Users\JuanPablo\.vscode\extensions\pivotal.vscode-spring-boot-1.38.0\language-server\BOOT-INF\lib\commons-compress-1.21.jar;c:\Users\JuanPablo\.vscode\extensions\pivotal.vscode-spring-boot-1.38.0\language-server\BOOT-INF\lib\commons-exec-1.3.jar;c:\Users\JuanPablo\.vscode\extension
Launcher Type: SUN_STANDARD

[Global flags]
     intx CICompilerCount                          = 3                                         {product} {ergonomic}
     uint ConcGCThreads                            = 1                                         {product} {ergonomic}
     uint G1ConcRefinementThreads                  = 4                                         {product} {ergonomic}
   size_t G1HeapRegionSize                         = 1048576                                   {product} {ergonomic}
    uintx GCDrainStackTargetSize                   = 64                                        {product} {ergonomic}
   size_t InitialHeapSize                          = 134217728                                 {product} {ergonomic}
   size_t MarkStackSize                            = 4194304                                   {product} {ergonomic}
   size_t MaxHeapSize                              = 2128609280                                {product} {ergonomic}
   size_t MaxNewSize                               = 1277165568                                {product} {ergonomic}
   size_t MinHeapDeltaBytes                        = 1048576                                   {product} {ergonomic}
   size_t MinHeapSize                              = 8388608                                   {product} {ergonomic}
    uintx NonProfiledCodeHeapSize                  = 0                                      {pd product} {ergonomic}
     bool ProfileInterpreter                       = false                                  {pd product} {command line}
    uintx ProfiledCodeHeapSize                     = 0                                      {pd product} {ergonomic}
   size_t SoftMaxHeapSize                          = 2128609280                             {manageable} {ergonomic}
     intx TieredStopAtLevel                        = 1                                         {product} {command line}
     bool UseCompressedClassPointers               = true                           {product lp64_product} {ergonomic}
     bool UseCompressedOops                        = true                           {product lp64_product} {ergonomic}
     bool UseG1GC                                  = true                                      {product} {ergonomic}
     bool UseLargePagesIndividualAllocation        = false                                  {pd product} {ergonomic}

Logging:
Log output configuration:
 #0: stdout all=warning uptime,level,tags
 #1: stderr all=off uptime,level,tags

Environment Variables:
PATH=C:\Program Files\Common Files\Oracle\Java\javapath;C:\Program Files\Eclipse Adoptium\jdk-11.0.15.10-hotspot\bin;C:\Windows\system32;C:\Windows;C:\Windows\System32\Wbem;C:\Windows\System32\WindowsPowerShell\v1.0\;C:\Windows\System32\OpenSSH\;C:\Program Files\Git\cmd;C:\Users\JuanPablo\AppData\Local\Microsoft\WindowsApps;C:\Users\JuanPablo\AppData\Local\Programs\Microsoft VS Code\bin;C:\Users\JuanPablo\Desktop\sqlite;
USERNAME=JuanPablo
OS=Windows_NT
PROCESSOR_IDENTIFIER=Intel64 Family 6 Model 69 Stepping 1, GenuineIntel
TMP=C:\Users\JUANPA~1\AppData\Local\Temp
TEMP=C:\Users\JUANPA~1\AppData\Local\Temp



---------------  S Y S T E M  ---------------

OS:
 Windows 10 , 64 bit Build 19041 (10.0.19041.1889)
OS uptime: 12 days 11:09 hours

CPU: total 4 (initial active 4) (2 cores per cpu, 2 threads per core) family 6 model 69 stepping 1 microcode 0x25, cx8, cmov, fxsr, ht, mmx, sse, sse2, sse3, ssse3, sse4.1, sse4.2, popcnt, lzcnt, tsc, tscinvbit, avx, avx2, aes, erms, clmul, bmi1, bmi2, fma, vzeroupper, clflush

Memory: 4k page, system-wide physical 8113M (402M free)
TotalPageFile size 32689M (AvailPageFile size 166M)
current process WorkingSet (physical memory assigned to process): 297M, peak: 297M
current process commit charge ("private bytes"): 346M, peak: 677M

vm_info: OpenJDK 64-Bit Server VM (17.0.4+8) for windows-amd64 JRE (17.0.4+8), built on Jul 19 2022 16:05:16 by "temurin" with MS VC++ 16.7 (VS2019)

END.
