#
# There is insufficient memory for the Java Runtime Environment to continue.
# Native memory allocation (mmap) failed to map 370147328 bytes for G1 virtual space
# Possible reasons:
#   The system is out of physical RAM or swap space
#   The process is running with CompressedOops enabled, and the Java Heap may be blocking the growth of the native heap
# Possible solutions:
#   Reduce memory load on the system
#   Increase physical memory or swap space
#   Check if swap backing store is full
#   Decrease Java heap size (-Xmx/-Xms)
#   Decrease number of Java threads
#   Decrease Java thread stack sizes (-Xss)
#   Set larger code cache with -XX:ReservedCodeCacheSize=
#   JVM is running with Unscaled Compressed Oops mode in which the Java heap is
#     placed in the first 4GB address space. The Java Heap base address is the
#     maximum limit for the native heap growth. Please use -XX:HeapBaseMinAddress
#     to set the Java Heap base and to place the Java Heap above 4GB virtual address.
# This output file may be truncated or incomplete.
#
#  Out of Memory Error (os_windows.cpp:3541), pid=11084, tid=12392
#
# JRE version: OpenJDK Runtime Environment Temurin-17.0.4+8 (17.0.4+8) (build 17.0.4+8)
# Java VM: OpenJDK 64-Bit Server VM Temurin-17.0.4+8 (17.0.4+8, mixed mode, emulated-client, tiered, compressed oops, compressed class ptrs, g1 gc, windows-amd64)
# No core dump will be written. Minidumps are not enabled by default on client versions of Windows
#

---------------  S U M M A R Y ------------

Command Line: -Dsts.lsp.client=vscode -Dsts.log.file=/dev/null -XX:TieredStopAtLevel=1 -Dspring.config.location=file:c:\Users\JuanPablo\.vscode\extensions\pivotal.vscode-spring-boot-1.38.0\language-server\BOOT-INF\classes\application.properties org.springframework.ide.vscode.boot.app.BootLanguageServerBootApp

Host: Intel(R) Core(TM) i3-4005U CPU @ 1.70GHz, 4 cores, 7G,  Windows 10 , 64 bit Build 19041 (10.0.19041.1889)
Time: Wed Sep 14 20:00:40 2022 Hora est. Pacífico, Sudamérica elapsed time: 12.159121 seconds (0d 0h 0m 12s)

---------------  T H R E A D  ---------------

Current thread (0x0000020596408f10):  VMThread "VM Thread" [stack: 0x00000057dc100000,0x00000057dc200000] [id=12392]

Stack: [0x00000057dc100000,0x00000057dc200000]
Native frames: (J=compiled Java code, j=interpreted, Vv=VM code, C=native code)
V  [jvm.dll+0x67733a]
V  [jvm.dll+0x8323c4]
V  [jvm.dll+0x833b6e]
V  [jvm.dll+0x8341d3]
V  [jvm.dll+0x2455e5]
V  [jvm.dll+0x674229]
V  [jvm.dll+0x668ab2]
V  [jvm.dll+0x30458b]
V  [jvm.dll+0x30bad6]
V  [jvm.dll+0x35ba7e]
V  [jvm.dll+0x35bcaf]
V  [jvm.dll+0x2db428]
V  [jvm.dll+0x2d96dc]
V  [jvm.dll+0x2d8cac]
V  [jvm.dll+0x31cc0b]
V  [jvm.dll+0x83867b]
V  [jvm.dll+0x8393b4]
V  [jvm.dll+0x8398cc]
V  [jvm.dll+0x839ca4]
V  [jvm.dll+0x839d70]
V  [jvm.dll+0x7e245a]
V  [jvm.dll+0x6761c5]
C  [ucrtbase.dll+0x21bb2]
C  [KERNEL32.DLL+0x17034]
C  [ntdll.dll+0x52651]

VM_Operation (0x00000057dd5fdc80): G1CollectForAllocation, mode: safepoint, requested by thread 0x0000020598d970b0


---------------  P R O C E S S  ---------------

Threads class SMR info:
_java_thread_list=0x00000205978654b0, length=29, elements={
0x0000020596419f70, 0x000002059641ab20, 0x000002059644bcf0, 0x000002059644c5b0,
0x000002059644ce70, 0x000002059644d730, 0x000002059644e0a0, 0x000002059644e9a0,
0x0000020597229040, 0x0000020597234eb0, 0x0000020597235610, 0x0000020598a99a60,
0x0000020598d963d0, 0x0000020598d970b0, 0x0000020598daa370, 0x0000020598d9e3e0,
0x0000020598d9e8b0, 0x0000020598d9ed80, 0x0000020598db2760, 0x0000020598db4960,
0x0000020598db6170, 0x0000020598db3620, 0x0000020598db4490, 0x0000020598db3af0,
0x0000020598db3fc0, 0x0000020598db4e30, 0x0000020598db5300, 0x0000020598db57d0,
0x0000020597160740
}

Java Threads: ( => current thread )
  0x0000020596419f70 JavaThread "Reference Handler" daemon [_thread_blocked, id=20300, stack(0x00000057dc200000,0x00000057dc300000)]
  0x000002059641ab20 JavaThread "Finalizer" daemon [_thread_blocked, id=13640, stack(0x00000057dc300000,0x00000057dc400000)]
  0x000002059644bcf0 JavaThread "Signal Dispatcher" daemon [_thread_blocked, id=10096, stack(0x00000057dc400000,0x00000057dc500000)]
  0x000002059644c5b0 JavaThread "Attach Listener" daemon [_thread_blocked, id=9044, stack(0x00000057dc500000,0x00000057dc600000)]
  0x000002059644ce70 JavaThread "Service Thread" daemon [_thread_blocked, id=15332, stack(0x00000057dc600000,0x00000057dc700000)]
  0x000002059644d730 JavaThread "Monitor Deflation Thread" daemon [_thread_blocked, id=20316, stack(0x00000057dc700000,0x00000057dc800000)]
  0x000002059644e0a0 JavaThread "C1 CompilerThread0" daemon [_thread_blocked, id=8892, stack(0x00000057dc800000,0x00000057dc900000)]
  0x000002059644e9a0 JavaThread "Sweeper thread" daemon [_thread_blocked, id=12192, stack(0x00000057dc900000,0x00000057dca00000)]
  0x0000020597229040 JavaThread "C1 CompilerThread1" daemon [_thread_blocked, id=11216, stack(0x00000057dca00000,0x00000057dcb00000)]
  0x0000020597234eb0 JavaThread "Notification Thread" daemon [_thread_blocked, id=8968, stack(0x00000057dcc00000,0x00000057dcd00000)]
  0x0000020597235610 JavaThread "Common-Cleaner" daemon [_thread_blocked, id=16224, stack(0x00000057dce00000,0x00000057dcf00000)]
  0x0000020598a99a60 JavaThread "ForkJoinPool.commonPool-worker-1" daemon [_thread_blocked, id=19552, stack(0x00000057dd300000,0x00000057dd400000)]
  0x0000020598d963d0 JavaThread "pool-7-thread-1" [_thread_blocked, id=12108, stack(0x00000057dd400000,0x00000057dd500000)]
  0x0000020598d970b0 JavaThread "ClassGraph-worker-0" daemon [_thread_blocked, id=1500, stack(0x00000057dd500000,0x00000057dd600000)]
  0x0000020598daa370 JavaThread "ClassGraph-worker-1" daemon [_thread_blocked, id=20068, stack(0x00000057dd600000,0x00000057dd700000)]
  0x0000020598d9e3e0 JavaThread "ClassGraph-worker-2" daemon [_thread_blocked, id=13436, stack(0x00000057dd700000,0x00000057dd800000)]
  0x0000020598d9e8b0 JavaThread "ClassGraph-worker-3" daemon [_thread_blocked, id=21824, stack(0x00000057dd800000,0x00000057dd900000)]
  0x0000020598d9ed80 JavaThread "ClassGraph-worker-4" daemon [_thread_blocked, id=16956, stack(0x00000057dd900000,0x00000057dda00000)]
  0x0000020598db2760 JavaThread "ClassGraph-worker-5" daemon [_thread_blocked, id=184, stack(0x00000057dda00000,0x00000057ddb00000)]
  0x0000020598db4960 JavaThread "ClassGraph-worker-6" daemon [_thread_blocked, id=6344, stack(0x00000057ddb00000,0x00000057ddc00000)]
  0x0000020598db6170 JavaThread "ClassGraph-worker-7" daemon [_thread_blocked, id=15452, stack(0x00000057ddc00000,0x00000057ddd00000)]
  0x0000020598db3620 JavaThread "LanguageServerApp-lifecycle" [_thread_blocked, id=14824, stack(0x00000057ddd00000,0x00000057dde00000)]
  0x0000020598db4490 JavaThread "DestroyJavaVM" [_thread_blocked, id=17244, stack(0x00000057dbb00000,0x00000057dbc00000)]
  0x0000020598db3af0 JavaThread "pool-8-thread-1" [_thread_in_native, id=21692, stack(0x00000057dde00000,0x00000057ddf00000)]
  0x0000020598db3fc0 JavaThread "Simple-Language-Server main thread" daemon [_thread_blocked, id=21068, stack(0x00000057ddf00000,0x00000057de000000)]
  0x0000020598db4e30 JavaThread "pool-2-thread-1" [_thread_blocked, id=22608, stack(0x00000057de000000,0x00000057de100000)]
  0x0000020598db5300 JavaThread "ForkJoinPool.commonPool-worker-2" daemon [_thread_blocked, id=11668, stack(0x00000057de100000,0x00000057de200000)]
  0x0000020598db57d0 JavaThread "parallel-1" daemon [_thread_blocked, id=10564, stack(0x00000057de200000,0x00000057de300000)]
  0x0000020597160740 JavaThread "C1 CompilerThread2" daemon [_thread_blocked, id=13728, stack(0x00000057de300000,0x00000057de400000)]

Other Threads:
=>0x0000020596408f10 VMThread "VM Thread" [stack: 0x00000057dc100000,0x00000057dc200000] [id=12392]
  0x0000020597235380 WatcherThread [stack: 0x00000057dcd00000,0x00000057dce00000] [id=21020]
  0x0000020589997920 GCTaskThread "GC Thread#0" [stack: 0x00000057dbc00000,0x00000057dbd00000] [id=19436]
  0x0000020597a8aad0 GCTaskThread "GC Thread#1" [stack: 0x00000057dcf00000,0x00000057dd000000] [id=17716]
  0x0000020597a8ad80 GCTaskThread "GC Thread#2" [stack: 0x00000057dd000000,0x00000057dd100000] [id=12460]
  0x0000020597ba2870 GCTaskThread "GC Thread#3" [stack: 0x00000057dd100000,0x00000057dd200000] [id=13536]
  0x00000205899a8620 ConcurrentGCThread "G1 Main Marker" [stack: 0x00000057dbd00000,0x00000057dbe00000] [id=4068]
  0x00000205899a9030 ConcurrentGCThread "G1 Conc#0" [stack: 0x00000057dbe00000,0x00000057dbf00000] [id=23136]
  0x00000205899fe180 ConcurrentGCThread "G1 Refine#0" [stack: 0x00000057dbf00000,0x00000057dc000000] [id=5016]
  0x000002059ac284e0 ConcurrentGCThread "G1 Refine#1" [stack: 0x00000057dcb00000,0x00000057dcc00000] [id=20852]
  0x00000205899feba0 ConcurrentGCThread "G1 Service" [stack: 0x00000057dc000000,0x00000057dc100000] [id=14356]

Threads with active compile tasks:

VM state: at safepoint (normal execution)

VM Mutex/Monitor currently owned by a thread:  ([mutex/lock_event])
[0x0000020587760dd0] Threads_lock - owner thread: 0x0000020596408f10
[0x0000020589938500] Heap_lock - owner thread: 0x0000020598d970b0

Heap address: 0x0000000081200000, size: 2030 MB, Compressed Oops mode: 32-bit

CDS archive(s) not mapped
Compressed class space mapped at: 0x0000000100000000-0x0000000140000000, reserved size: 1073741824
Narrow klass base: 0x0000000000000000, Narrow klass shift: 3, Narrow klass range: 0x140000000

GC Precious Log:
 CPUs: 4 total, 4 available
 Memory: 8113M
 Large Page Support: Disabled
 NUMA Support: Disabled
 Compressed Oops: Enabled (32-bit)
 Heap Region Size: 1M
 Heap Min Capacity: 8M
 Heap Initial Capacity: 128M
 Heap Max Capacity: 2030M
 Pre-touch: Disabled
 Parallel Workers: 4
 Concurrent Workers: 1
 Concurrent Refinement Workers: 4
 Periodic GC: Disabled

Heap:
 garbage-first heap   total 194560K, used 72644K [0x0000000081200000, 0x0000000100000000)
  region size 1024K, 7 young (7168K), 7 survivors (7168K)
 Metaspace       used 35076K, committed 35392K, reserved 1081344K
  class space    used 4564K, committed 4736K, reserved 1048576K

Heap Regions: E=young(eden), S=young(survivor), O=old, HS=humongous(starts), HC=humongous(continues), CS=collection set, F=free, OA=open archive, CA=closed archive, TAMS=top-at-mark-start (previous, next)
|   0|0x0000000081200000, 0x0000000081300000, 0x0000000081300000|100%| O|  |TAMS 0x0000000081300000, 0x0000000081200000| Untracked 
|   1|0x0000000081300000, 0x0000000081400000, 0x0000000081400000|100%| O|  |TAMS 0x0000000081400000, 0x0000000081300000| Untracked 
|   2|0x0000000081400000, 0x0000000081500000, 0x0000000081500000|100%| O|  |TAMS 0x0000000081500000, 0x0000000081400000| Untracked 
|   3|0x0000000081500000, 0x0000000081600000, 0x0000000081600000|100%| O|  |TAMS 0x0000000081600000, 0x0000000081500000| Untracked 
|   4|0x0000000081600000, 0x0000000081700000, 0x0000000081700000|100%| O|  |TAMS 0x0000000081700000, 0x0000000081600000| Untracked 
|   5|0x0000000081700000, 0x0000000081800000, 0x0000000081800000|100%| O|  |TAMS 0x0000000081800000, 0x0000000081700000| Untracked 
|   6|0x0000000081800000, 0x0000000081900000, 0x0000000081900000|100%| O|  |TAMS 0x0000000081900000, 0x0000000081800000| Untracked 
|   7|0x0000000081900000, 0x0000000081a00000, 0x0000000081a00000|100%| O|  |TAMS 0x0000000081a00000, 0x0000000081900000| Untracked 
|   8|0x0000000081a00000, 0x0000000081b00000, 0x0000000081b00000|100%| O|  |TAMS 0x0000000081b00000, 0x0000000081a00000| Untracked 
|   9|0x0000000081b00000, 0x0000000081c00000, 0x0000000081c00000|100%| O|  |TAMS 0x0000000081c00000, 0x0000000081b00000| Untracked 
|  10|0x0000000081c00000, 0x0000000081d00000, 0x0000000081d00000|100%| O|  |TAMS 0x0000000081d00000, 0x0000000081c00000| Untracked 
|  11|0x0000000081d00000, 0x0000000081e00000, 0x0000000081e00000|100%| O|  |TAMS 0x0000000081e00000, 0x0000000081d00000| Untracked 
|  12|0x0000000081e00000, 0x0000000081f00000, 0x0000000081f00000|100%| O|  |TAMS 0x0000000081f00000, 0x0000000081e00000| Untracked 
|  13|0x0000000081f00000, 0x0000000082000000, 0x0000000082000000|100%| O|  |TAMS 0x0000000082000000, 0x0000000081f00000| Untracked 
|  14|0x0000000082000000, 0x0000000082100000, 0x0000000082100000|100%| O|  |TAMS 0x0000000082100000, 0x0000000082000000| Untracked 
|  15|0x0000000082100000, 0x0000000082200000, 0x0000000082200000|100%| O|  |TAMS 0x0000000082200000, 0x0000000082100000| Untracked 
|  16|0x0000000082200000, 0x0000000082300000, 0x0000000082300000|100%| O|  |TAMS 0x0000000082300000, 0x0000000082200000| Untracked 
|  17|0x0000000082300000, 0x0000000082400000, 0x0000000082400000|100%| O|  |TAMS 0x0000000082400000, 0x0000000082300000| Untracked 
|  18|0x0000000082400000, 0x0000000082500000, 0x0000000082500000|100%| O|  |TAMS 0x0000000082500000, 0x0000000082400000| Untracked 
|  19|0x0000000082500000, 0x0000000082600000, 0x0000000082600000|100%| O|  |TAMS 0x0000000082600000, 0x0000000082500000| Untracked 
|  20|0x0000000082600000, 0x0000000082700000, 0x0000000082700000|100%| O|  |TAMS 0x0000000082700000, 0x0000000082600000| Untracked 
|  21|0x0000000082700000, 0x0000000082800000, 0x0000000082800000|100%| O|  |TAMS 0x0000000082800000, 0x0000000082700000| Untracked 
|  22|0x0000000082800000, 0x0000000082900000, 0x0000000082900000|100%| O|  |TAMS 0x0000000082900000, 0x0000000082800000| Untracked 
|  23|0x0000000082900000, 0x0000000082a00000, 0x0000000082a00000|100%| O|  |TAMS 0x0000000082a00000, 0x0000000082900000| Untracked 
|  24|0x0000000082a00000, 0x0000000082b00000, 0x0000000082b00000|100%| O|  |TAMS 0x0000000082b00000, 0x0000000082a00000| Untracked 
|  25|0x0000000082b00000, 0x0000000082c00000, 0x0000000082c00000|100%| O|  |TAMS 0x0000000082c00000, 0x0000000082b00000| Untracked 
|  26|0x0000000082c00000, 0x0000000082d00000, 0x0000000082d00000|100%| O|  |TAMS 0x0000000082d00000, 0x0000000082c00000| Untracked 
|  27|0x0000000082d00000, 0x0000000082e00000, 0x0000000082e00000|100%| O|  |TAMS 0x0000000082e00000, 0x0000000082d00000| Untracked 
|  28|0x0000000082e00000, 0x0000000082f00000, 0x0000000082f00000|100%| O|  |TAMS 0x0000000082f00000, 0x0000000082e00000| Untracked 
|  29|0x0000000082f00000, 0x0000000083000000, 0x0000000083000000|100%| O|  |TAMS 0x0000000083000000, 0x0000000082f00000| Untracked 
|  30|0x0000000083000000, 0x0000000083100000, 0x0000000083100000|100%| O|  |TAMS 0x0000000083100000, 0x0000000083000000| Untracked 
|  31|0x0000000083100000, 0x0000000083200000, 0x0000000083200000|100%| O|  |TAMS 0x0000000083200000, 0x0000000083100000| Untracked 
|  32|0x0000000083200000, 0x0000000083300000, 0x0000000083300000|100%| O|  |TAMS 0x0000000083300000, 0x0000000083200000| Untracked 
|  33|0x0000000083300000, 0x0000000083400000, 0x0000000083400000|100%| O|  |TAMS 0x0000000083400000, 0x0000000083300000| Untracked 
|  34|0x0000000083400000, 0x0000000083500000, 0x0000000083500000|100%| O|  |TAMS 0x0000000083500000, 0x0000000083400000| Untracked 
|  35|0x0000000083500000, 0x0000000083600000, 0x0000000083600000|100%| O|  |TAMS 0x0000000083600000, 0x0000000083500000| Untracked 
|  36|0x0000000083600000, 0x0000000083700000, 0x0000000083700000|100%| O|  |TAMS 0x0000000083700000, 0x0000000083600000| Untracked 
|  37|0x0000000083700000, 0x0000000083800000, 0x0000000083800000|100%| O|  |TAMS 0x0000000083800000, 0x0000000083700000| Untracked 
|  38|0x0000000083800000, 0x0000000083900000, 0x0000000083900000|100%| O|  |TAMS 0x0000000083900000, 0x0000000083800000| Untracked 
|  39|0x0000000083900000, 0x0000000083a00000, 0x0000000083a00000|100%| O|  |TAMS 0x0000000083a00000, 0x0000000083900000| Untracked 
|  40|0x0000000083a00000, 0x0000000083b00000, 0x0000000083b00000|100%| O|  |TAMS 0x0000000083b00000, 0x0000000083a00000| Untracked 
|  41|0x0000000083b00000, 0x0000000083c00000, 0x0000000083c00000|100%| O|  |TAMS 0x0000000083c00000, 0x0000000083b00000| Untracked 
|  42|0x0000000083c00000, 0x0000000083d00000, 0x0000000083d00000|100%| O|  |TAMS 0x0000000083d00000, 0x0000000083c00000| Untracked 
|  43|0x0000000083d00000, 0x0000000083e00000, 0x0000000083e00000|100%| O|  |TAMS 0x0000000083e00000, 0x0000000083d00000| Untracked 
|  44|0x0000000083e00000, 0x0000000083f00000, 0x0000000083f00000|100%| O|  |TAMS 0x0000000083e00000, 0x0000000083e00000| Untracked 
|  45|0x0000000083f00000, 0x0000000084000000, 0x0000000084000000|100%| O|  |TAMS 0x0000000084000000, 0x0000000083f00000| Untracked 
|  46|0x0000000084000000, 0x0000000084100000, 0x0000000084100000|100%| O|  |TAMS 0x0000000084100000, 0x0000000084000000| Untracked 
|  47|0x0000000084100000, 0x0000000084200000, 0x0000000084200000|100%| O|  |TAMS 0x0000000084200000, 0x0000000084100000| Untracked 
|  48|0x0000000084200000, 0x0000000084300000, 0x0000000084300000|100%| O|  |TAMS 0x0000000084300000, 0x0000000084200000| Untracked 
|  49|0x0000000084300000, 0x0000000084300000, 0x0000000084400000|  0%| F|  |TAMS 0x0000000084300000, 0x0000000084300000| Untracked 
|  50|0x0000000084400000, 0x0000000084500000, 0x0000000084500000|100%| O|  |TAMS 0x0000000084400000, 0x0000000084400000| Untracked 
|  51|0x0000000084500000, 0x0000000084600000, 0x0000000084600000|100%| O|  |TAMS 0x0000000084500000, 0x0000000084500000| Untracked 
|  52|0x0000000084600000, 0x0000000084700000, 0x0000000084700000|100%| O|  |TAMS 0x0000000084600000, 0x0000000084600000| Untracked 
|  53|0x0000000084700000, 0x0000000084800000, 0x0000000084800000|100%| O|  |TAMS 0x0000000084700000, 0x0000000084700000| Untracked 
|  54|0x0000000084800000, 0x0000000084900000, 0x0000000084900000|100%|HS|  |TAMS 0x0000000084800000, 0x0000000084800000| Complete 
|  55|0x0000000084900000, 0x0000000084a00000, 0x0000000084a00000|100%| O|  |TAMS 0x0000000084900000, 0x0000000084900000| Untracked 
|  56|0x0000000084a00000, 0x0000000084b00000, 0x0000000084b00000|100%| O|  |TAMS 0x0000000084a00000, 0x0000000084a00000| Untracked 
|  57|0x0000000084b00000, 0x0000000084c00000, 0x0000000084c00000|100%| O|  |TAMS 0x0000000084b00000, 0x0000000084b00000| Untracked 
|  58|0x0000000084c00000, 0x0000000084d00000, 0x0000000084d00000|100%| O|  |TAMS 0x0000000084c00000, 0x0000000084c00000| Untracked 
|  59|0x0000000084d00000, 0x0000000084e00000, 0x0000000084e00000|100%| O|  |TAMS 0x0000000084d00000, 0x0000000084d00000| Untracked 
|  60|0x0000000084e00000, 0x0000000084f00000, 0x0000000084f00000|100%| O|  |TAMS 0x0000000084e00000, 0x0000000084e00000| Untracked 
|  61|0x0000000084f00000, 0x0000000085000000, 0x0000000085000000|100%| O|  |TAMS 0x0000000084f00000, 0x0000000084f00000| Untracked 
|  62|0x0000000085000000, 0x0000000085100000, 0x0000000085100000|100%| O|  |TAMS 0x0000000085000000, 0x0000000085000000| Untracked 
|  63|0x0000000085100000, 0x0000000085200000, 0x0000000085200000|100%| O|  |TAMS 0x0000000085100000, 0x0000000085100000| Untracked 
|  64|0x0000000085200000, 0x0000000085300000, 0x0000000085300000|100%| O|  |TAMS 0x0000000085200000, 0x0000000085200000| Untracked 
|  65|0x0000000085300000, 0x0000000085385e00, 0x0000000085400000| 52%| O|  |TAMS 0x0000000085300000, 0x0000000085300000| Untracked 
|  66|0x0000000085400000, 0x0000000085400000, 0x0000000085500000|  0%| F|  |TAMS 0x0000000085400000, 0x0000000085400000| Untracked 
|  67|0x0000000085500000, 0x0000000085500000, 0x0000000085600000|  0%| F|  |TAMS 0x0000000085500000, 0x0000000085500000| Untracked 
|  68|0x0000000085600000, 0x0000000085600000, 0x0000000085700000|  0%| F|  |TAMS 0x0000000085600000, 0x0000000085600000| Untracked 
|  69|0x0000000085700000, 0x0000000085700000, 0x0000000085800000|  0%| F|  |TAMS 0x0000000085700000, 0x0000000085700000| Untracked 
|  70|0x0000000085800000, 0x0000000085800000, 0x0000000085900000|  0%| F|  |TAMS 0x0000000085800000, 0x0000000085800000| Untracked 
|  71|0x0000000085900000, 0x0000000085900000, 0x0000000085a00000|  0%| F|  |TAMS 0x0000000085900000, 0x0000000085900000| Untracked 
|  72|0x0000000085a00000, 0x0000000085a00000, 0x0000000085b00000|  0%| F|  |TAMS 0x0000000085a00000, 0x0000000085a00000| Untracked 
|  73|0x0000000085b00000, 0x0000000085b00000, 0x0000000085c00000|  0%| F|  |TAMS 0x0000000085b00000, 0x0000000085b00000| Untracked 
|  74|0x0000000085c00000, 0x0000000085c00000, 0x0000000085d00000|  0%| F|  |TAMS 0x0000000085c00000, 0x0000000085c00000| Untracked 
|  75|0x0000000085d00000, 0x0000000085d00000, 0x0000000085e00000|  0%| F|  |TAMS 0x0000000085d00000, 0x0000000085d00000| Untracked 
|  76|0x0000000085e00000, 0x0000000085e00000, 0x0000000085f00000|  0%| F|  |TAMS 0x0000000085e00000, 0x0000000085e00000| Untracked 
|  77|0x0000000085f00000, 0x0000000085f00000, 0x0000000086000000|  0%| F|  |TAMS 0x0000000085f00000, 0x0000000085f00000| Untracked 
|  78|0x0000000086000000, 0x0000000086000000, 0x0000000086100000|  0%| F|  |TAMS 0x0000000086000000, 0x0000000086000000| Untracked 
|  79|0x0000000086100000, 0x0000000086100000, 0x0000000086200000|  0%| F|  |TAMS 0x0000000086100000, 0x0000000086100000| Untracked 
|  80|0x0000000086200000, 0x0000000086200000, 0x0000000086300000|  0%| F|  |TAMS 0x0000000086200000, 0x0000000086200000| Untracked 
|  81|0x0000000086300000, 0x0000000086300000, 0x0000000086400000|  0%| F|  |TAMS 0x0000000086300000, 0x0000000086300000| Untracked 
|  82|0x0000000086400000, 0x0000000086400000, 0x0000000086500000|  0%| F|  |TAMS 0x0000000086400000, 0x0000000086400000| Untracked 
|  83|0x0000000086500000, 0x0000000086500000, 0x0000000086600000|  0%| F|  |TAMS 0x0000000086500000, 0x0000000086500000| Untracked 
|  84|0x0000000086600000, 0x0000000086600000, 0x0000000086700000|  0%| F|  |TAMS 0x0000000086600000, 0x0000000086600000| Untracked 
|  85|0x0000000086700000, 0x0000000086700000, 0x0000000086800000|  0%| F|  |TAMS 0x0000000086700000, 0x0000000086700000| Untracked 
|  86|0x0000000086800000, 0x0000000086800000, 0x0000000086900000|  0%| F|  |TAMS 0x0000000086800000, 0x0000000086800000| Untracked 
|  87|0x0000000086900000, 0x0000000086900000, 0x0000000086a00000|  0%| F|  |TAMS 0x0000000086900000, 0x0000000086900000| Untracked 
|  88|0x0000000086a00000, 0x0000000086a00000, 0x0000000086b00000|  0%| F|  |TAMS 0x0000000086a00000, 0x0000000086a00000| Untracked 
|  89|0x0000000086b00000, 0x0000000086b00000, 0x0000000086c00000|  0%| F|  |TAMS 0x0000000086b00000, 0x0000000086b00000| Untracked 
|  90|0x0000000086c00000, 0x0000000086c00000, 0x0000000086d00000|  0%| F|  |TAMS 0x0000000086c00000, 0x0000000086c00000| Untracked 
|  91|0x0000000086d00000, 0x0000000086d00000, 0x0000000086e00000|  0%| F|  |TAMS 0x0000000086d00000, 0x0000000086d00000| Untracked 
|  92|0x0000000086e00000, 0x0000000086e00000, 0x0000000086f00000|  0%| F|  |TAMS 0x0000000086e00000, 0x0000000086e00000| Untracked 
|  93|0x0000000086f00000, 0x0000000086f00000, 0x0000000087000000|  0%| F|  |TAMS 0x0000000086f00000, 0x0000000086f00000| Untracked 
|  94|0x0000000087000000, 0x0000000087000000, 0x0000000087100000|  0%| F|  |TAMS 0x0000000087000000, 0x0000000087000000| Untracked 
|  95|0x0000000087100000, 0x0000000087100000, 0x0000000087200000|  0%| F|  |TAMS 0x0000000087100000, 0x0000000087100000| Untracked 
|  96|0x0000000087200000, 0x0000000087200000, 0x0000000087300000|  0%| F|  |TAMS 0x0000000087200000, 0x0000000087200000| Untracked 
|  97|0x0000000087300000, 0x0000000087300000, 0x0000000087400000|  0%| F|  |TAMS 0x0000000087300000, 0x0000000087300000| Untracked 
|  98|0x0000000087400000, 0x000000008746b430, 0x0000000087500000| 41%| S|CS|TAMS 0x0000000087400000, 0x0000000087400000| Complete 
|  99|0x0000000087500000, 0x0000000087600000, 0x0000000087600000|100%| S|CS|TAMS 0x0000000087500000, 0x0000000087500000| Complete 
| 100|0x0000000087600000, 0x0000000087700000, 0x0000000087700000|100%| S|CS|TAMS 0x0000000087600000, 0x0000000087600000| Complete 
| 101|0x0000000087700000, 0x0000000087800000, 0x0000000087800000|100%| S|CS|TAMS 0x0000000087700000, 0x0000000087700000| Complete 
| 102|0x0000000087800000, 0x0000000087900000, 0x0000000087900000|100%| S|CS|TAMS 0x0000000087800000, 0x0000000087800000| Complete 
| 103|0x0000000087900000, 0x0000000087a00000, 0x0000000087a00000|100%| S|CS|TAMS 0x0000000087900000, 0x0000000087900000| Complete 
| 104|0x0000000087a00000, 0x0000000087a00000, 0x0000000087b00000|  0%| F|  |TAMS 0x0000000087a00000, 0x0000000087a00000| Untracked 
| 105|0x0000000087b00000, 0x0000000087b00000, 0x0000000087c00000|  0%| F|  |TAMS 0x0000000087b00000, 0x0000000087b00000| Untracked 
| 106|0x0000000087c00000, 0x0000000087c00000, 0x0000000087d00000|  0%| F|  |TAMS 0x0000000087c00000, 0x0000000087c00000| Untracked 
| 107|0x0000000087d00000, 0x0000000087d00000, 0x0000000087e00000|  0%| F|  |TAMS 0x0000000087d00000, 0x0000000087d00000| Untracked 
| 108|0x0000000087e00000, 0x0000000087f00000, 0x0000000087f00000|100%| S|CS|TAMS 0x0000000087e00000, 0x0000000087e00000| Complete 
| 109|0x0000000087f00000, 0x0000000087f00000, 0x0000000088000000|  0%| F|  |TAMS 0x0000000087f00000, 0x0000000087f00000| Untracked 
| 110|0x0000000088000000, 0x0000000088000000, 0x0000000088100000|  0%| F|  |TAMS 0x0000000088000000, 0x0000000088000000| Untracked 
| 111|0x0000000088100000, 0x0000000088100000, 0x0000000088200000|  0%| F|  |TAMS 0x0000000088100000, 0x0000000088100000| Untracked 
| 112|0x0000000088200000, 0x0000000088200000, 0x0000000088300000|  0%| F|  |TAMS 0x0000000088200000, 0x0000000088200000| Untracked 
| 113|0x0000000088300000, 0x0000000088300000, 0x0000000088400000|  0%| F|  |TAMS 0x0000000088300000, 0x0000000088300000| Untracked 
| 114|0x0000000088400000, 0x0000000088400000, 0x0000000088500000|  0%| F|  |TAMS 0x0000000088400000, 0x0000000088400000| Untracked 
| 115|0x0000000088500000, 0x0000000088500000, 0x0000000088600000|  0%| F|  |TAMS 0x0000000088500000, 0x0000000088500000| Untracked 
| 116|0x0000000088600000, 0x0000000088600000, 0x0000000088700000|  0%| F|  |TAMS 0x0000000088600000, 0x0000000088600000| Untracked 
| 117|0x0000000088700000, 0x0000000088700000, 0x0000000088800000|  0%| F|  |TAMS 0x0000000088700000, 0x0000000088700000| Untracked 
| 118|0x0000000088800000, 0x0000000088800000, 0x0000000088900000|  0%| F|  |TAMS 0x0000000088800000, 0x0000000088800000| Untracked 
| 119|0x0000000088900000, 0x0000000088900000, 0x0000000088a00000|  0%| F|  |TAMS 0x0000000088900000, 0x0000000088900000| Untracked 
| 120|0x0000000088a00000, 0x0000000088a00000, 0x0000000088b00000|  0%| F|  |TAMS 0x0000000088a00000, 0x0000000088a00000| Untracked 
| 121|0x0000000088b00000, 0x0000000088b00000, 0x0000000088c00000|  0%| F|  |TAMS 0x0000000088b00000, 0x0000000088b00000| Untracked 
| 122|0x0000000088c00000, 0x0000000088c00000, 0x0000000088d00000|  0%| F|  |TAMS 0x0000000088c00000, 0x0000000088c00000| Untracked 
| 123|0x0000000088d00000, 0x0000000088d00000, 0x0000000088e00000|  0%| F|  |TAMS 0x0000000088d00000, 0x0000000088d00000| Untracked 
| 124|0x0000000088e00000, 0x0000000088e00000, 0x0000000088f00000|  0%| F|  |TAMS 0x0000000088e00000, 0x0000000088e00000| Untracked 
| 125|0x0000000088f00000, 0x0000000088f00000, 0x0000000089000000|  0%| F|  |TAMS 0x0000000088f00000, 0x0000000088f00000| Untracked 
| 126|0x0000000089000000, 0x0000000089000000, 0x0000000089100000|  0%| F|  |TAMS 0x0000000089000000, 0x0000000089000000| Untracked 
| 127|0x0000000089100000, 0x0000000089100000, 0x0000000089200000|  0%| F|  |TAMS 0x0000000089100000, 0x0000000089100000| Untracked 
| 128|0x0000000089200000, 0x0000000089200000, 0x0000000089300000|  0%| F|  |TAMS 0x0000000089200000, 0x0000000089200000| Untracked 
| 129|0x0000000089300000, 0x0000000089300000, 0x0000000089400000|  0%| F|  |TAMS 0x0000000089300000, 0x0000000089300000| Untracked 
| 130|0x0000000089400000, 0x0000000089400000, 0x0000000089500000|  0%| F|  |TAMS 0x0000000089400000, 0x0000000089400000| Untracked 
| 131|0x0000000089500000, 0x0000000089500000, 0x0000000089600000|  0%| F|  |TAMS 0x0000000089500000, 0x0000000089500000| Untracked 
| 132|0x0000000089600000, 0x0000000089600000, 0x0000000089700000|  0%| F|  |TAMS 0x0000000089600000, 0x0000000089600000| Untracked 
| 133|0x0000000089700000, 0x0000000089700000, 0x0000000089800000|  0%| F|  |TAMS 0x0000000089700000, 0x0000000089700000| Untracked 
| 134|0x0000000089800000, 0x0000000089800000, 0x0000000089900000|  0%| F|  |TAMS 0x0000000089800000, 0x0000000089800000| Untracked 
| 135|0x0000000089900000, 0x0000000089900000, 0x0000000089a00000|  0%| F|  |TAMS 0x0000000089900000, 0x0000000089900000| Untracked 
| 136|0x0000000089a00000, 0x0000000089a00000, 0x0000000089b00000|  0%| F|  |TAMS 0x0000000089a00000, 0x0000000089a00000| Untracked 
| 137|0x0000000089b00000, 0x0000000089b00000, 0x0000000089c00000|  0%| F|  |TAMS 0x0000000089b00000, 0x0000000089b00000| Untracked 
| 138|0x0000000089c00000, 0x0000000089c00000, 0x0000000089d00000|  0%| F|  |TAMS 0x0000000089c00000, 0x0000000089c00000| Untracked 
| 139|0x0000000089d00000, 0x0000000089d00000, 0x0000000089e00000|  0%| F|  |TAMS 0x0000000089d00000, 0x0000000089d00000| Untracked 
| 140|0x0000000089e00000, 0x0000000089e00000, 0x0000000089f00000|  0%| F|  |TAMS 0x0000000089e00000, 0x0000000089e00000| Untracked 
| 141|0x0000000089f00000, 0x0000000089f00000, 0x000000008a000000|  0%| F|  |TAMS 0x0000000089f00000, 0x0000000089f00000| Untracked 
| 142|0x000000008a000000, 0x000000008a000000, 0x000000008a100000|  0%| F|  |TAMS 0x000000008a000000, 0x000000008a000000| Untracked 
| 143|0x000000008a100000, 0x000000008a100000, 0x000000008a200000|  0%| F|  |TAMS 0x000000008a100000, 0x000000008a100000| Untracked 
| 144|0x000000008a200000, 0x000000008a200000, 0x000000008a300000|  0%| F|  |TAMS 0x000000008a200000, 0x000000008a200000| Untracked 
| 145|0x000000008a300000, 0x000000008a300000, 0x000000008a400000|  0%| F|  |TAMS 0x000000008a300000, 0x000000008a300000| Untracked 
| 146|0x000000008a400000, 0x000000008a400000, 0x000000008a500000|  0%| F|  |TAMS 0x000000008a400000, 0x000000008a400000| Untracked 
| 147|0x000000008a500000, 0x000000008a500000, 0x000000008a600000|  0%| F|  |TAMS 0x000000008a500000, 0x000000008a500000| Untracked 
| 148|0x000000008a600000, 0x000000008a600000, 0x000000008a700000|  0%| F|  |TAMS 0x000000008a600000, 0x000000008a600000| Untracked 
| 149|0x000000008a700000, 0x000000008a700000, 0x000000008a800000|  0%| F|  |TAMS 0x000000008a700000, 0x000000008a700000| Untracked 
| 150|0x000000008a800000, 0x000000008a800000, 0x000000008a900000|  0%| F|  |TAMS 0x000000008a800000, 0x000000008a800000| Untracked 
| 151|0x000000008a900000, 0x000000008a900000, 0x000000008aa00000|  0%| F|  |TAMS 0x000000008a900000, 0x000000008a900000| Untracked 
| 152|0x000000008aa00000, 0x000000008aa00000, 0x000000008ab00000|  0%| F|  |TAMS 0x000000008aa00000, 0x000000008aa00000| Untracked 
| 153|0x000000008ab00000, 0x000000008ab00000, 0x000000008ac00000|  0%| F|  |TAMS 0x000000008ab00000, 0x000000008ab00000| Untracked 
| 154|0x000000008ac00000, 0x000000008ac00000, 0x000000008ad00000|  0%| F|  |TAMS 0x000000008ac00000, 0x000000008ac00000| Untracked 
| 155|0x000000008ad00000, 0x000000008ad00000, 0x000000008ae00000|  0%| F|  |TAMS 0x000000008ad00000, 0x000000008ad00000| Untracked 
| 156|0x000000008ae00000, 0x000000008ae00000, 0x000000008af00000|  0%| F|  |TAMS 0x000000008ae00000, 0x000000008ae00000| Untracked 
| 157|0x000000008af00000, 0x000000008af00000, 0x000000008b000000|  0%| F|  |TAMS 0x000000008af00000, 0x000000008af00000| Untracked 
| 158|0x000000008b000000, 0x000000008b000000, 0x000000008b100000|  0%| F|  |TAMS 0x000000008b000000, 0x000000008b000000| Untracked 
| 159|0x000000008b100000, 0x000000008b100000, 0x000000008b200000|  0%| F|  |TAMS 0x000000008b100000, 0x000000008b100000| Untracked 
| 160|0x000000008b200000, 0x000000008b200000, 0x000000008b300000|  0%| F|  |TAMS 0x000000008b200000, 0x000000008b200000| Untracked 
| 161|0x000000008b300000, 0x000000008b300000, 0x000000008b400000|  0%| F|  |TAMS 0x000000008b300000, 0x000000008b300000| Untracked 
| 162|0x000000008b400000, 0x000000008b400000, 0x000000008b500000|  0%| F|  |TAMS 0x000000008b400000, 0x000000008b400000| Untracked 
| 163|0x000000008b500000, 0x000000008b500000, 0x000000008b600000|  0%| F|  |TAMS 0x000000008b500000, 0x000000008b500000| Untracked 
| 164|0x000000008b600000, 0x000000008b600000, 0x000000008b700000|  0%| F|  |TAMS 0x000000008b600000, 0x000000008b600000| Untracked 
| 165|0x000000008b700000, 0x000000008b700000, 0x000000008b800000|  0%| F|  |TAMS 0x000000008b700000, 0x000000008b700000| Untracked 
| 166|0x000000008b800000, 0x000000008b800000, 0x000000008b900000|  0%| F|  |TAMS 0x000000008b800000, 0x000000008b800000| Untracked 
| 167|0x000000008b900000, 0x000000008b900000, 0x000000008ba00000|  0%| F|  |TAMS 0x000000008b900000, 0x000000008b900000| Untracked 
| 168|0x000000008ba00000, 0x000000008ba00000, 0x000000008bb00000|  0%| F|  |TAMS 0x000000008ba00000, 0x000000008ba00000| Untracked 
| 169|0x000000008bb00000, 0x000000008bb00000, 0x000000008bc00000|  0%| F|  |TAMS 0x000000008bb00000, 0x000000008bb00000| Untracked 
| 170|0x000000008bc00000, 0x000000008bc00000, 0x000000008bd00000|  0%| F|  |TAMS 0x000000008bc00000, 0x000000008bc00000| Untracked 
| 171|0x000000008bd00000, 0x000000008bd00000, 0x000000008be00000|  0%| F|  |TAMS 0x000000008bd00000, 0x000000008bd00000| Untracked 
| 172|0x000000008be00000, 0x000000008be00000, 0x000000008bf00000|  0%| F|  |TAMS 0x000000008be00000, 0x000000008be00000| Untracked 
| 173|0x000000008bf00000, 0x000000008bf00000, 0x000000008c000000|  0%| F|  |TAMS 0x000000008bf00000, 0x000000008bf00000| Untracked 
| 174|0x000000008c000000, 0x000000008c000000, 0x000000008c100000|  0%| F|  |TAMS 0x000000008c000000, 0x000000008c000000| Untracked 
| 175|0x000000008c100000, 0x000000008c100000, 0x000000008c200000|  0%| F|  |TAMS 0x000000008c100000, 0x000000008c100000| Untracked 
| 176|0x000000008c200000, 0x000000008c200000, 0x000000008c300000|  0%| F|  |TAMS 0x000000008c200000, 0x000000008c200000| Untracked 
| 177|0x000000008c300000, 0x000000008c300000, 0x000000008c400000|  0%| F|  |TAMS 0x000000008c300000, 0x000000008c300000| Untracked 
| 178|0x000000008c400000, 0x000000008c400000, 0x000000008c500000|  0%| F|  |TAMS 0x000000008c400000, 0x000000008c400000| Untracked 
| 179|0x000000008c500000, 0x000000008c500000, 0x000000008c600000|  0%| F|  |TAMS 0x000000008c500000, 0x000000008c500000| Untracked 
| 180|0x000000008c600000, 0x000000008c600000, 0x000000008c700000|  0%| F|  |TAMS 0x000000008c600000, 0x000000008c600000| Untracked 
| 181|0x000000008c700000, 0x000000008c700000, 0x000000008c800000|  0%| F|  |TAMS 0x000000008c700000, 0x000000008c700000| Untracked 
| 182|0x000000008c800000, 0x000000008c800000, 0x000000008c900000|  0%| F|  |TAMS 0x000000008c800000, 0x000000008c800000| Untracked 
| 183|0x000000008c900000, 0x000000008c900000, 0x000000008ca00000|  0%| F|  |TAMS 0x000000008c900000, 0x000000008c900000| Untracked 
| 184|0x000000008ca00000, 0x000000008ca00000, 0x000000008cb00000|  0%| F|  |TAMS 0x000000008ca00000, 0x000000008ca00000| Untracked 
| 185|0x000000008cb00000, 0x000000008cb00000, 0x000000008cc00000|  0%| F|  |TAMS 0x000000008cb00000, 0x000000008cb00000| Untracked 
| 186|0x000000008cc00000, 0x000000008cc00000, 0x000000008cd00000|  0%| F|  |TAMS 0x000000008cc00000, 0x000000008cc00000| Untracked 
| 187|0x000000008cd00000, 0x000000008cd00000, 0x000000008ce00000|  0%| F|  |TAMS 0x000000008cd00000, 0x000000008cd00000| Untracked 
| 188|0x000000008ce00000, 0x000000008ce00000, 0x000000008cf00000|  0%| F|  |TAMS 0x000000008ce00000, 0x000000008ce00000| Untracked 
| 189|0x000000008cf00000, 0x000000008cf00000, 0x000000008d000000|  0%| F|  |TAMS 0x000000008cf00000, 0x000000008cf00000| Untracked 

Card table byte_map: [0x000002058f9c0000,0x000002058fdc0000] _byte_map_base: 0x000002058f5b7000

Marking Bits (Prev, Next): (CMBitMap*) 0x0000020589997f30, (CMBitMap*) 0x0000020589997f70
 Prev Bits: [0x00000205901c0000, 0x0000020592178000)
 Next Bits: [0x0000020592180000, 0x0000020594138000)

Polling page: 0x0000020587710000

Metaspace:

Usage:
  Non-class:     29.80 MB used.
      Class:      4.46 MB used.
       Both:     34.25 MB used.

Virtual space:
  Non-class space:       32.00 MB reserved,      29.94 MB ( 94%) committed,  4 nodes.
      Class space:        1.00 GB reserved,       4.62 MB ( <1%) committed,  1 nodes.
             Both:        1.03 GB reserved,      34.56 MB (  3%) committed. 

Chunk freelists:
   Non-Class:  2.03 MB
       Class:  3.42 MB
        Both:  5.45 MB

MaxMetaspaceSize: unlimited
CompressedClassSpaceSize: 1.00 GB
Initial GC threshold: 21.00 MB
Current GC threshold: 57.19 MB
CDS: off
MetaspaceReclaimPolicy: balanced
 - commit_granule_bytes: 65536.
 - commit_granule_words: 8192.
 - virtual_space_node_default_size: 1048576.
 - enlarge_chunks_in_place: 1.
 - new_chunks_are_fully_committed: 0.
 - uncommit_free_chunks: 1.
 - use_allocation_guard: 0.
 - handle_deallocations: 1.


Internal statistics:

num_allocs_failed_limit: 3.
num_arena_births: 300.
num_arena_deaths: 0.
num_vsnodes_births: 5.
num_vsnodes_deaths: 0.
num_space_committed: 553.
num_space_uncommitted: 0.
num_chunks_returned_to_freelist: 3.
num_chunks_taken_from_freelist: 1304.
num_chunk_merges: 3.
num_chunk_splits: 890.
num_chunks_enlarged: 696.
num_purges: 0.
num_inconsistent_stats: 0.

CodeCache: size=49152Kb used=8414Kb max_used=8414Kb free=40737Kb
 bounds [0x000002058c5c0000, 0x000002058ce40000, 0x000002058f5c0000]
 total_blobs=4179 nmethods=3654 adapters=450
 compilation: enabled
              stopped_count=0, restarted_count=0
 full_count=0

Compilation events (20 events):
Event: 11.645 Thread 0x0000020597160740 3649       1       nonapi.io.github.classgraph.fileslice.reader.ClassfileReader::<init> (29 bytes)
Event: 11.645 Thread 0x0000020597160740 nmethod 3649 0x000002058c7b4110 code [0x000002058c7b42a0, 0x000002058c7b4518]
Event: 11.645 Thread 0x0000020597160740 3650   !   1       nonapi.io.github.classgraph.fileslice.reader.ClassfileReader::close (43 bytes)
Event: 11.645 Thread 0x000002059644e0a0 nmethod 3645 0x000002058c7b3790 code [0x000002058c7b39a0, 0x000002058c7b3ec8]
Event: 11.645 Thread 0x000002059644e0a0 3651       1       nonapi.io.github.classgraph.utils.ProxyingInputStream::<init> (10 bytes)
Event: 11.645 Thread 0x000002059644e0a0 nmethod 3651 0x000002058c7b3490 code [0x000002058c7b3620, 0x000002058c7b3738]
Event: 11.646 Thread 0x0000020597160740 nmethod 3650 0x000002058c7b3010 code [0x000002058c7b31c0, 0x000002058c7b3398]
Event: 11.647 Thread 0x0000020597160740 3652   !   1       nonapi.io.github.classgraph.utils.ProxyingInputStream::close (31 bytes)
Event: 11.648 Thread 0x0000020597160740 nmethod 3652 0x000002058c7b2c10 code [0x000002058c7b2da0, 0x000002058c7b2f28]
Event: 11.649 Thread 0x0000020597160740 3653       1       java.util.zip.Inflater$InflaterZStreamRef::<init> (30 bytes)
Event: 11.649 Thread 0x0000020597160740 nmethod 3653 0x000002058c7b2610 code [0x000002058c7b27c0, 0x000002058c7b2ab8]
Event: 11.651 Thread 0x000002059644e0a0 3654       1       jdk.internal.module.SystemModuleFinders$SystemModuleReader::findImageLocation (42 bytes)
Event: 11.651 Thread 0x0000020597160740 3655       1       io.github.classgraph.Scanner$ClassfileScannerWorkUnitProcessor::processWorkUnit (11 bytes)
Event: 11.651 Thread 0x0000020597229040 nmethod 3640 0x000002058c7ad810 code [0x000002058c7ae040, 0x000002058c7b0b88]
Event: 11.651 Thread 0x0000020597160740 nmethod 3655 0x000002058c7ad490 code [0x000002058c7ad620, 0x000002058c7ad728]
Event: 11.651 Thread 0x000002059644e0a0 nmethod 3654 0x000002058c7ace10 code [0x000002058c7acfe0, 0x000002058c7ad2d8]
Event: 11.665 Thread 0x000002059644e0a0 3656       1       io.github.classgraph.Classfile::extendScanningUpwards (585 bytes)
Event: 11.673 Thread 0x000002059644e0a0 nmethod 3656 0x000002058c7aaf10 code [0x000002058c7ab380, 0x000002058c7ac288]
Event: 11.682 Thread 0x000002059644e0a0 3657  s!   1       jdk.internal.loader.URLClassPath::getLoader (196 bytes)
Event: 11.727 Thread 0x000002059644e0a0 nmethod 3657 0x000002058c7a9910 code [0x000002058c7a9bc0, 0x000002058c7aa5d8]

GC Heap History (20 events):
Event: 9.493 GC heap after
{Heap after GC invocations=15 (full 0):
 garbage-first heap   total 77824K, used 35659K [0x0000000081200000, 0x0000000100000000)
  region size 1024K, 4 young (4096K), 4 survivors (4096K)
 Metaspace       used 33587K, committed 33920K, reserved 1081344K
  class space    used 4286K, committed 4480K, reserved 1048576K
}
Event: 9.699 GC heap before
{Heap before GC invocations=15 (full 0):
 garbage-first heap   total 77824K, used 57163K [0x0000000081200000, 0x0000000100000000)
  region size 1024K, 26 young (26624K), 4 survivors (4096K)
 Metaspace       used 33729K, committed 34048K, reserved 1081344K
  class space    used 4310K, committed 4480K, reserved 1048576K
}
Event: 9.721 GC heap after
{Heap after GC invocations=16 (full 0):
 garbage-first heap   total 77824K, used 43733K [0x0000000081200000, 0x0000000100000000)
  region size 1024K, 4 young (4096K), 4 survivors (4096K)
 Metaspace       used 33729K, committed 34048K, reserved 1081344K
  class space    used 4310K, committed 4480K, reserved 1048576K
}
Event: 10.879 GC heap before
{Heap before GC invocations=16 (full 0):
 garbage-first heap   total 77824K, used 58069K [0x0000000081200000, 0x0000000100000000)
  region size 1024K, 18 young (18432K), 4 survivors (4096K)
 Metaspace       used 34877K, committed 35136K, reserved 1081344K
  class space    used 4540K, committed 4672K, reserved 1048576K
}
Event: 10.893 GC heap after
{Heap after GC invocations=17 (full 0):
 garbage-first heap   total 77824K, used 46395K [0x0000000081200000, 0x0000000100000000)
  region size 1024K, 2 young (2048K), 2 survivors (2048K)
 Metaspace       used 34877K, committed 35136K, reserved 1081344K
  class space    used 4540K, committed 4672K, reserved 1048576K
}
Event: 11.222 GC heap before
{Heap before GC invocations=18 (full 0):
 garbage-first heap   total 89088K, used 59707K [0x0000000081200000, 0x0000000100000000)
  region size 1024K, 14 young (14336K), 2 survivors (2048K)
 Metaspace       used 34879K, committed 35136K, reserved 1081344K
  class space    used 4541K, committed 4672K, reserved 1048576K
}
Event: 11.238 GC heap after
{Heap after GC invocations=19 (full 0):
 garbage-first heap   total 89088K, used 52913K [0x0000000081200000, 0x0000000100000000)
  region size 1024K, 2 young (2048K), 2 survivors (2048K)
 Metaspace       used 34879K, committed 35136K, reserved 1081344K
  class space    used 4541K, committed 4672K, reserved 1048576K
}
Event: 11.318 GC heap before
{Heap before GC invocations=19 (full 0):
 garbage-first heap   total 89088K, used 59057K [0x0000000081200000, 0x0000000100000000)
  region size 1024K, 9 young (9216K), 2 survivors (2048K)
 Metaspace       used 34879K, committed 35136K, reserved 1081344K
  class space    used 4541K, committed 4672K, reserved 1048576K
}
Event: 11.330 GC heap after
{Heap after GC invocations=20 (full 0):
 garbage-first heap   total 89088K, used 57344K [0x0000000081200000, 0x0000000100000000)
  region size 1024K, 2 young (2048K), 2 survivors (2048K)
 Metaspace       used 34879K, committed 35136K, reserved 1081344K
  class space    used 4541K, committed 4672K, reserved 1048576K
}
Event: 11.503 GC heap before
{Heap before GC invocations=20 (full 0):
 garbage-first heap   total 89088K, used 67584K [0x0000000081200000, 0x0000000100000000)
  region size 1024K, 12 young (12288K), 2 survivors (2048K)
 Metaspace       used 34963K, committed 35264K, reserved 1081344K
  class space    used 4549K, committed 4672K, reserved 1048576K
}
Event: 11.539 GC heap after
{Heap after GC invocations=21 (full 0):
 garbage-first heap   total 194560K, used 62675K [0x0000000081200000, 0x0000000100000000)
  region size 1024K, 2 young (2048K), 2 survivors (2048K)
 Metaspace       used 34963K, committed 35264K, reserved 1081344K
  class space    used 4549K, committed 4672K, reserved 1048576K
}
Event: 11.747 GC heap before
{Heap before GC invocations=21 (full 0):
 garbage-first heap   total 194560K, used 117971K [0x0000000081200000, 0x0000000100000000)
  region size 1024K, 58 young (59392K), 2 survivors (2048K)
 Metaspace       used 35076K, committed 35392K, reserved 1081344K
  class space    used 4564K, committed 4736K, reserved 1048576K
}
Event: 11.756 GC heap after
{Heap after GC invocations=22 (full 0):
 garbage-first heap   total 194560K, used 64088K [0x0000000081200000, 0x0000000100000000)
  region size 1024K, 5 young (5120K), 5 survivors (5120K)
 Metaspace       used 35076K, committed 35392K, reserved 1081344K
  class space    used 4564K, committed 4736K, reserved 1048576K
}
Event: 11.874 GC heap before
{Heap before GC invocations=23 (full 0):
 garbage-first heap   total 194560K, used 142936K [0x0000000081200000, 0x0000000100000000)
  region size 1024K, 83 young (84992K), 5 survivors (5120K)
 Metaspace       used 35076K, committed 35392K, reserved 1081344K
  class space    used 4564K, committed 4736K, reserved 1048576K
}
Event: 11.887 GC heap after
{Heap after GC invocations=24 (full 0):
 garbage-first heap   total 194560K, used 67138K [0x0000000081200000, 0x0000000100000000)
  region size 1024K, 8 young (8192K), 8 survivors (8192K)
 Metaspace       used 35076K, committed 35392K, reserved 1081344K
  class space    used 4564K, committed 4736K, reserved 1048576K
}
Event: 11.889 GC heap before
{Heap before GC invocations=24 (full 0):
 garbage-first heap   total 194560K, used 67138K [0x0000000081200000, 0x0000000100000000)
  region size 1024K, 9 young (9216K), 8 survivors (8192K)
 Metaspace       used 35076K, committed 35392K, reserved 1081344K
  class space    used 4564K, committed 4736K, reserved 1048576K
}
Event: 11.899 GC heap after
{Heap after GC invocations=25 (full 0):
 garbage-first heap   total 194560K, used 67095K [0x0000000081200000, 0x0000000100000000)
  region size 1024K, 1 young (1024K), 1 survivors (1024K)
 Metaspace       used 35076K, committed 35392K, reserved 1081344K
  class space    used 4564K, committed 4736K, reserved 1048576K
}
Event: 11.993 GC heap before
{Heap before GC invocations=25 (full 0):
 garbage-first heap   total 194560K, used 147991K [0x0000000081200000, 0x0000000100000000)
  region size 1024K, 82 young (83968K), 1 survivors (1024K)
 Metaspace       used 35076K, committed 35392K, reserved 1081344K
  class space    used 4564K, committed 4736K, reserved 1048576K
}
Event: 11.997 GC heap after
{Heap after GC invocations=26 (full 0):
 garbage-first heap   total 194560K, used 69651K [0x0000000081200000, 0x0000000100000000)
  region size 1024K, 4 young (4096K), 4 survivors (4096K)
 Metaspace       used 35076K, committed 35392K, reserved 1081344K
  class space    used 4564K, committed 4736K, reserved 1048576K
}
Event: 12.148 GC heap before
{Heap before GC invocations=26 (full 0):
 garbage-first heap   total 194560K, used 150547K [0x0000000081200000, 0x0000000100000000)
  region size 1024K, 85 young (87040K), 4 survivors (4096K)
 Metaspace       used 35076K, committed 35392K, reserved 1081344K
  class space    used 4564K, committed 4736K, reserved 1048576K
}

Deoptimization events (12 events):
Event: 4.522 Thread 0x000002058993b500 DEOPT PACKING pc=0x000002058ca69499 sp=0x00000057dbbfd440
Event: 4.522 Thread 0x000002058993b500 DEOPT UNPACKING pc=0x000002058c612b43 sp=0x00000057dbbfc920 mode 3
Event: 7.804 Thread 0x000002058993b500 DEOPT PACKING pc=0x000002058cbd4219 sp=0x00000057dbbfc9b0
Event: 7.804 Thread 0x000002058993b500 DEOPT UNPACKING pc=0x000002058c612b43 sp=0x00000057dbbfbe90 mode 3
Event: 8.064 Thread 0x0000020598a99a60 DEOPT PACKING pc=0x000002058cc30cab sp=0x00000057dd3fe7a0
Event: 8.064 Thread 0x0000020598a99a60 DEOPT UNPACKING pc=0x000002058c612b43 sp=0x00000057dd3fdce8 mode 3
Event: 8.856 Thread 0x0000020598d9e3e0 DEOPT PACKING pc=0x000002058ca68281 sp=0x00000057dd7feec0
Event: 8.856 Thread 0x0000020598d9e3e0 DEOPT UNPACKING pc=0x000002058c612b43 sp=0x00000057dd7fe350 mode 3
Event: 9.795 Thread 0x0000020598db3fc0 DEOPT PACKING pc=0x000002058cd964b5 sp=0x00000057ddffd430
Event: 9.795 Thread 0x0000020598db3fc0 DEOPT UNPACKING pc=0x000002058c612b43 sp=0x00000057ddffc958 mode 3
Event: 10.822 Thread 0x0000020598db4960 DEOPT PACKING pc=0x000002058ca62b97 sp=0x00000057ddbff090
Event: 10.822 Thread 0x0000020598db4960 DEOPT UNPACKING pc=0x000002058c612b43 sp=0x00000057ddbfe4e8 mode 3

Classes unloaded (0 events):
No events

Classes redefined (0 events):
No events

Internal exceptions (20 events):
Event: 8.261 Thread 0x0000020598d970b0 Exception <a 'sun/nio/fs/WindowsException'{0x0000000083400ac8}> (0x0000000083400ac8) 
thrown [s\src\hotspot\share\prims\jni.cpp, line 516]
Event: 8.261 Thread 0x0000020598d970b0 Exception <a 'sun/nio/fs/WindowsException'{0x0000000083400e88}> (0x0000000083400e88) 
thrown [s\src\hotspot\share\prims\jni.cpp, line 516]
Event: 8.262 Thread 0x0000020598d970b0 Exception <a 'sun/nio/fs/WindowsException'{0x0000000083401898}> (0x0000000083401898) 
thrown [s\src\hotspot\share\prims\jni.cpp, line 516]
Event: 8.262 Thread 0x0000020598d970b0 Exception <a 'sun/nio/fs/WindowsException'{0x0000000083401c70}> (0x0000000083401c70) 
thrown [s\src\hotspot\share\prims\jni.cpp, line 516]
Event: 8.262 Thread 0x0000020598d970b0 Exception <a 'sun/nio/fs/WindowsException'{0x0000000083402680}> (0x0000000083402680) 
thrown [s\src\hotspot\share\prims\jni.cpp, line 516]
Event: 8.262 Thread 0x0000020598d970b0 Exception <a 'sun/nio/fs/WindowsException'{0x0000000083402a40}> (0x0000000083402a40) 
thrown [s\src\hotspot\share\prims\jni.cpp, line 516]
Event: 8.263 Thread 0x0000020598d970b0 Exception <a 'sun/nio/fs/WindowsException'{0x0000000083403450}> (0x0000000083403450) 
thrown [s\src\hotspot\share\prims\jni.cpp, line 516]
Event: 8.263 Thread 0x0000020598d970b0 Exception <a 'sun/nio/fs/WindowsException'{0x0000000083403828}> (0x0000000083403828) 
thrown [s\src\hotspot\share\prims\jni.cpp, line 516]
Event: 8.263 Thread 0x0000020598d970b0 Exception <a 'sun/nio/fs/WindowsException'{0x0000000083404260}> (0x0000000083404260) 
thrown [s\src\hotspot\share\prims\jni.cpp, line 516]
Event: 8.263 Thread 0x0000020598d970b0 Exception <a 'sun/nio/fs/WindowsException'{0x0000000083404650}> (0x0000000083404650) 
thrown [s\src\hotspot\share\prims\jni.cpp, line 516]
Event: 8.264 Thread 0x0000020598d970b0 Exception <a 'sun/nio/fs/WindowsException'{0x00000000834050a0}> (0x00000000834050a0) 
thrown [s\src\hotspot\share\prims\jni.cpp, line 516]
Event: 8.264 Thread 0x0000020598d970b0 Exception <a 'sun/nio/fs/WindowsException'{0x00000000834054b0}> (0x00000000834054b0) 
thrown [s\src\hotspot\share\prims\jni.cpp, line 516]
Event: 8.265 Thread 0x0000020598d970b0 Exception <a 'sun/nio/fs/WindowsException'{0x0000000083405ee8}> (0x0000000083405ee8) 
thrown [s\src\hotspot\share\prims\jni.cpp, line 516]
Event: 8.266 Thread 0x0000020598d970b0 Exception <a 'sun/nio/fs/WindowsException'{0x00000000834062f0}> (0x00000000834062f0) 
thrown [s\src\hotspot\share\prims\jni.cpp, line 516]
Event: 9.737 Thread 0x0000020598db3af0 Exception <a 'java/lang/NoSuchMethodError'{0x0000000087e70100}: 'java.lang.Object java.lang.invoke.DirectMethodHandle$Holder.invokeStatic(java.lang.Object, java.lang.Object, java.lang.Object, int, java.lang.Object, java.lang.Object)'> (0x0000000087e70100) 
thrown [s\src\hotspot\share\interpreter\linkResolver.cpp, line 759]
Event: 9.748 Thread 0x0000020598db3fc0 Exception <a 'java/lang/NoSuchMethodError'{0x0000000087ebe740}: 'java.lang.Object java.lang.invoke.DirectMethodHandle$Holder.invokeStatic(java.lang.Object, int, java.lang.Object)'> (0x0000000087ebe740) 
thrown [s\src\hotspot\share\interpreter\linkResolver.cpp, line 759]
Event: 9.824 Thread 0x0000020598db3af0 Exception <a 'java/lang/reflect/InvocationTargetException'{0x0000000087c47b98}> (0x0000000087c47b98) 
thrown [s\src\hotspot\share\runtime\reflection.cpp, line 1121]
Event: 10.317 Thread 0x0000020598db3fc0 Exception <a 'java/lang/NoSuchMethodError'{0x00000000854a9de0}: 'int java.lang.invoke.DirectMethodHandle$Holder.invokeStatic(java.lang.Object)'> (0x00000000854a9de0) 
thrown [s\src\hotspot\share\interpreter\linkResolver.cpp, line 759]
Event: 10.318 Thread 0x0000020598db3fc0 Exception <a 'java/lang/NoSuchMethodError'{0x00000000854b4ff0}: 'int java.lang.invoke.DirectMethodHandle$Holder.invokeStaticInit(java.lang.Object)'> (0x00000000854b4ff0) 
thrown [s\src\hotspot\share\interpreter\linkResolver.cpp, line 759]
Event: 10.384 Thread 0x0000020598db3af0 Exception <a 'java/lang/NoSuchMethodError'{0x0000000085379148}: 'int java.lang.invoke.DirectMethodHandle$Holder.invokeVirtual(java.lang.Object, java.lang.Object)'> (0x0000000085379148) 
thrown [s\src\hotspot\share\interpreter\linkResolver.cpp, line 759]

VM Operations (20 events):
Event: 11.746 Executing VM operation: G1CollectForAllocation done
Event: 11.746 Executing VM operation: G1CollectForAllocation
Event: 11.756 Executing VM operation: G1CollectForAllocation done
Event: 11.779 Executing VM operation: G1Concurrent
Event: 11.811 Executing VM operation: G1Concurrent done
Event: 11.863 Executing VM operation: G1CollectForAllocation
Event: 11.874 Executing VM operation: G1CollectForAllocation done
Event: 11.874 Executing VM operation: G1CollectForAllocation
Event: 11.887 Executing VM operation: G1CollectForAllocation done
Event: 11.889 Executing VM operation: G1CollectForAllocation
Event: 11.889 Executing VM operation: G1CollectForAllocation done
Event: 11.889 Executing VM operation: G1CollectForAllocation
Event: 11.899 Executing VM operation: G1CollectForAllocation done
Event: 11.992 Executing VM operation: G1CollectForAllocation
Event: 11.992 Executing VM operation: G1CollectForAllocation done
Event: 11.993 Executing VM operation: G1CollectForAllocation
Event: 11.997 Executing VM operation: G1CollectForAllocation done
Event: 12.144 Executing VM operation: G1CollectForAllocation
Event: 12.144 Executing VM operation: G1CollectForAllocation done
Event: 12.148 Executing VM operation: G1CollectForAllocation

Events (20 events):
Event: 9.878 loading class java/util/concurrent/atomic/AtomicLongFieldUpdater done
Event: 9.878 loading class java/util/concurrent/atomic/AtomicLongFieldUpdater$CASUpdater
Event: 9.878 loading class java/util/concurrent/atomic/AtomicLongFieldUpdater$CASUpdater done
Event: 9.878 loading class java/util/concurrent/atomic/AtomicLongFieldUpdater$CASUpdater$1
Event: 9.878 loading class java/util/concurrent/atomic/AtomicLongFieldUpdater$CASUpdater$1 done
Event: 9.958 loading class java/util/concurrent/CompletableFuture$UniRelay
Event: 9.958 loading class java/util/concurrent/CompletableFuture$UniRelay done
Event: 10.364 Thread 0x0000020598db57d0 Thread added: 0x0000020598db57d0
Event: 10.372 loading class java/util/concurrent/CompletionException
Event: 10.372 loading class java/util/concurrent/CompletionException done
Event: 10.391 loading class sun/nio/cs/StringUTF16
Event: 10.391 loading class sun/nio/cs/StringUTF16 done
Event: 10.475 loading class java/util/WeakHashMap$EntrySet
Event: 10.475 loading class java/util/WeakHashMap$EntrySet done
Event: 10.476 loading class java/util/WeakHashMap$EntryIterator
Event: 10.476 loading class java/util/WeakHashMap$HashIterator
Event: 10.476 loading class java/util/WeakHashMap$HashIterator done
Event: 10.476 loading class java/util/WeakHashMap$EntryIterator done
Event: 11.008 Thread 0x0000020597233990 Thread exited: 0x0000020597233990
Event: 11.608 Thread 0x0000020597160740 Thread added: 0x0000020597160740


Dynamic libraries:
0x00007ff675c60000 - 0x00007ff675c6e000 	c:\Users\JuanPablo\.vscode\extensions\redhat.java-1.10.0-win32-x64\jre\17.0.4-win32-x86_64\bin\java.exe
0x00007ffb82ab0000 - 0x00007ffb82ca8000 	C:\Windows\SYSTEM32\ntdll.dll
0x00007ffb5aea0000 - 0x00007ffb5aeb7000 	C:\Program Files\Avast Software\Avast\aswhook.dll
0x00007ffb82480000 - 0x00007ffb8253d000 	C:\Windows\System32\KERNEL32.DLL
0x00007ffb804c0000 - 0x00007ffb8078e000 	C:\Windows\System32\KERNELBASE.dll
0x00007ffb7da10000 - 0x00007ffb7daa0000 	C:\Windows\SYSTEM32\apphelp.dll
0x00007ffb809e0000 - 0x00007ffb80ae0000 	C:\Windows\System32\ucrtbase.dll
0x00007ffb707f0000 - 0x00007ffb70808000 	c:\Users\JuanPablo\.vscode\extensions\redhat.java-1.10.0-win32-x64\jre\17.0.4-win32-x86_64\bin\jli.dll
0x00007ffb81a80000 - 0x00007ffb81c20000 	C:\Windows\System32\USER32.dll
0x00007ffb80ae0000 - 0x00007ffb80b02000 	C:\Windows\System32\win32u.dll
0x00007ffb82a20000 - 0x00007ffb82a4a000 	C:\Windows\System32\GDI32.dll
0x00007ffb802d0000 - 0x00007ffb803db000 	C:\Windows\System32\gdi32full.dll
0x00007ffb80940000 - 0x00007ffb809dd000 	C:\Windows\System32\msvcp_win.dll
0x00007ffb79000000 - 0x00007ffb79019000 	c:\Users\JuanPablo\.vscode\extensions\redhat.java-1.10.0-win32-x64\jre\17.0.4-win32-x86_64\bin\VCRUNTIME140.dll
0x00007ffb70430000 - 0x00007ffb706ca000 	C:\Windows\WinSxS\amd64_microsoft.windows.common-controls_6595b64144ccf1df_6.0.19041.1110_none_60b5254171f9507e\COMCTL32.dll
0x00007ffb81260000 - 0x00007ffb812fe000 	C:\Windows\System32\msvcrt.dll
0x00007ffb816c0000 - 0x00007ffb816f0000 	C:\Windows\System32\IMM32.DLL
0x00007ffb7be80000 - 0x00007ffb7be8c000 	c:\Users\JuanPablo\.vscode\extensions\redhat.java-1.10.0-win32-x64\jre\17.0.4-win32-x86_64\bin\vcruntime140_1.dll
0x00007ffb420b0000 - 0x00007ffb42141000 	c:\Users\JuanPablo\.vscode\extensions\redhat.java-1.10.0-win32-x64\jre\17.0.4-win32-x86_64\bin\msvcp140.dll
0x00007ffb32870000 - 0x00007ffb334b6000 	c:\Users\JuanPablo\.vscode\extensions\redhat.java-1.10.0-win32-x64\jre\17.0.4-win32-x86_64\bin\server\jvm.dll
0x00007ffb81cd0000 - 0x00007ffb81d7e000 	C:\Windows\System32\ADVAPI32.dll
0x00007ffb82710000 - 0x00007ffb827ac000 	C:\Windows\System32\sechost.dll
0x00007ffb825d0000 - 0x00007ffb826f5000 	C:\Windows\System32\RPCRT4.dll
0x00007ffb825c0000 - 0x00007ffb825c8000 	C:\Windows\System32\PSAPI.DLL
0x00007ffb6e1a0000 - 0x00007ffb6e1a9000 	C:\Windows\SYSTEM32\WSOCK32.dll
0x00007ffb822d0000 - 0x00007ffb8233b000 	C:\Windows\System32\WS2_32.dll
0x00007ffb661e0000 - 0x00007ffb66207000 	C:\Windows\SYSTEM32\WINMM.dll
0x00007ffb777c0000 - 0x00007ffb777ca000 	C:\Windows\SYSTEM32\VERSION.dll
0x00007ffb7e0d0000 - 0x00007ffb7e0e2000 	C:\Windows\SYSTEM32\kernel.appcore.dll
0x00007ffb7aac0000 - 0x00007ffb7aaca000 	c:\Users\JuanPablo\.vscode\extensions\redhat.java-1.10.0-win32-x64\jre\17.0.4-win32-x86_64\bin\jimage.dll
0x00007ffb76240000 - 0x00007ffb76424000 	C:\Windows\SYSTEM32\DBGHELP.DLL
0x00007ffb76650000 - 0x00007ffb7667c000 	C:\Windows\SYSTEM32\dbgcore.DLL
0x00007ffb801d0000 - 0x00007ffb80252000 	C:\Windows\System32\bcryptPrimitives.dll
0x00007ffb68da0000 - 0x00007ffb68dc5000 	c:\Users\JuanPablo\.vscode\extensions\redhat.java-1.10.0-win32-x64\jre\17.0.4-win32-x86_64\bin\java.dll
0x00007ffb68e00000 - 0x00007ffb68e18000 	c:\Users\JuanPablo\.vscode\extensions\redhat.java-1.10.0-win32-x64\jre\17.0.4-win32-x86_64\bin\zip.dll
0x00007ffb80b10000 - 0x00007ffb81254000 	C:\Windows\System32\SHELL32.dll
0x00007ffb7e2d0000 - 0x00007ffb7ea64000 	C:\Windows\SYSTEM32\windows.storage.dll
0x00007ffb81360000 - 0x00007ffb816b4000 	C:\Windows\System32\combase.dll
0x00007ffb7fc30000 - 0x00007ffb7fc60000 	C:\Windows\SYSTEM32\Wldp.dll
0x00007ffb81c20000 - 0x00007ffb81ccd000 	C:\Windows\System32\SHCORE.dll
0x00007ffb829c0000 - 0x00007ffb82a15000 	C:\Windows\System32\shlwapi.dll
0x00007ffb80110000 - 0x00007ffb8012f000 	C:\Windows\SYSTEM32\profapi.dll
0x00007ffb6ce20000 - 0x00007ffb6ce39000 	C:\Users\JuanPablo\.vscode\extensions\redhat.java-1.10.0-win32-x64\jre\17.0.4-win32-x86_64\bin\net.dll
0x00007ffb71a10000 - 0x00007ffb71b1a000 	C:\Windows\SYSTEM32\WINHTTP.dll
0x00007ffb7f990000 - 0x00007ffb7f9fa000 	C:\Windows\system32\mswsock.dll
0x00007ffb68e50000 - 0x00007ffb68e65000 	C:\Users\JuanPablo\.vscode\extensions\redhat.java-1.10.0-win32-x64\jre\17.0.4-win32-x86_64\bin\nio.dll
0x00007ffb79580000 - 0x00007ffb79590000 	c:\Users\JuanPablo\.vscode\extensions\redhat.java-1.10.0-win32-x64\jre\17.0.4-win32-x86_64\bin\verify.dll
0x00007ffb7bec0000 - 0x00007ffb7bec9000 	C:\Users\JuanPablo\.vscode\extensions\redhat.java-1.10.0-win32-x64\jre\17.0.4-win32-x86_64\bin\management.dll
0x00007ffb74d80000 - 0x00007ffb74d8b000 	C:\Users\JuanPablo\.vscode\extensions\redhat.java-1.10.0-win32-x64\jre\17.0.4-win32-x86_64\bin\management_ext.dll
0x00007ffb650d0000 - 0x00007ffb650e7000 	C:\Windows\system32\napinsp.dll
0x00007ffb622c0000 - 0x00007ffb622db000 	C:\Windows\system32\pnrpnsp.dll
0x00007ffb7b180000 - 0x00007ffb7b195000 	C:\Windows\system32\wshbth.dll
0x00007ffb7bd40000 - 0x00007ffb7bd5d000 	C:\Windows\system32\NLAapi.dll
0x00007ffb7f630000 - 0x00007ffb7f66b000 	C:\Windows\SYSTEM32\IPHLPAPI.DLL
0x00007ffb7f680000 - 0x00007ffb7f74a000 	C:\Windows\SYSTEM32\DNSAPI.dll
0x00007ffb81e50000 - 0x00007ffb81e58000 	C:\Windows\System32\NSI.dll
0x00007ffb622a0000 - 0x00007ffb622b2000 	C:\Windows\System32\winrnr.dll
0x000000005f460000 - 0x000000005f486000 	C:\Program Files\Bonjour\mdnsNSP.dll
0x00007ffb6e190000 - 0x00007ffb6e19a000 	C:\Windows\System32\rasadhlp.dll
0x00007ffb6e620000 - 0x00007ffb6e6a0000 	C:\Windows\System32\fwpuclnt.dll
0x00007ffb803e0000 - 0x00007ffb80407000 	C:\Windows\System32\bcrypt.dll
0x00007ffb7fb80000 - 0x00007ffb7fb98000 	C:\Windows\SYSTEM32\CRYPTSP.dll
0x00007ffb7f2a0000 - 0x00007ffb7f2d4000 	C:\Windows\system32\rsaenh.dll
0x00007ffb80090000 - 0x00007ffb800be000 	C:\Windows\SYSTEM32\USERENV.dll
0x00007ffb7fba0000 - 0x00007ffb7fbac000 	C:\Windows\SYSTEM32\CRYPTBASE.dll
0x00007ffb74b60000 - 0x00007ffb74b77000 	C:\Windows\SYSTEM32\dhcpcsvc6.DLL
0x00007ffb74fd0000 - 0x00007ffb74fed000 	C:\Windows\SYSTEM32\dhcpcsvc.DLL

dbghelp: loaded successfully - version: 4.0.5 - missing functions: none
symbol engine: initialized successfully - sym options: 0x614 - pdb path: .;c:\Users\JuanPablo\.vscode\extensions\redhat.java-1.10.0-win32-x64\jre\17.0.4-win32-x86_64\bin;C:\Windows\SYSTEM32;C:\Program Files\Avast Software\Avast;C:\Windows\WinSxS\amd64_microsoft.windows.common-controls_6595b64144ccf1df_6.0.19041.1110_none_60b5254171f9507e;c:\Users\JuanPablo\.vscode\extensions\redhat.java-1.10.0-win32-x64\jre\17.0.4-win32-x86_64\bin\server;C:\Program Files\Bonjour

VM Arguments:
jvm_args: -Dsts.lsp.client=vscode -Dsts.log.file=/dev/null -XX:TieredStopAtLevel=1 -Dspring.config.location=file:c:\Users\JuanPablo\.vscode\extensions\pivotal.vscode-spring-boot-1.38.0\language-server\BOOT-INF\classes\application.properties 
java_command: org.springframework.ide.vscode.boot.app.BootLanguageServerBootApp
java_class_path (initial): c:\Users\JuanPablo\.vscode\extensions\pivotal.vscode-spring-boot-1.38.0\language-server\BOOT-INF\classes;c:\Users\JuanPablo\.vscode\extensions\pivotal.vscode-spring-boot-1.38.0\language-server\BOOT-INF\lib\annotations-23.0.0.jar;c:\Users\JuanPablo\.vscode\extensions\pivotal.vscode-spring-boot-1.38.0\language-server\BOOT-INF\lib\antlr-runtime-3.5.2.jar;c:\Users\JuanPablo\.vscode\extensions\pivotal.vscode-spring-boot-1.38.0\language-server\BOOT-INF\lib\antlr4-4.9.3.jar;c:\Users\JuanPablo\.vscode\extensions\pivotal.vscode-spring-boot-1.38.0\language-server\BOOT-INF\lib\antlr4-runtime-4.9.3.jar;c:\Users\JuanPablo\.vscode\extensions\pivotal.vscode-spring-boot-1.38.0\language-server\BOOT-INF\lib\asm-9.3.jar;c:\Users\JuanPablo\.vscode\extensions\pivotal.vscode-spring-boot-1.38.0\language-server\BOOT-INF\lib\asm-analysis-9.3.jar;c:\Users\JuanPablo\.vscode\extensions\pivotal.vscode-spring-boot-1.38.0\language-server\BOOT-INF\lib\asm-tree-9.3.jar;c:\Users\JuanPablo\.vscode\extensions\pivotal.vscode-spring-boot-1.38.0\language-server\BOOT-INF\lib\asm-util-9.3.jar;c:\Users\JuanPablo\.vscode\extensions\pivotal.vscode-spring-boot-1.38.0\language-server\BOOT-INF\lib\byte-buddy-1.10.18.jar;c:\Users\JuanPablo\.vscode\extensions\pivotal.vscode-spring-boot-1.38.0\language-server\BOOT-INF\lib\caffeine-2.8.6.jar;c:\Users\JuanPablo\.vscode\extensions\pivotal.vscode-spring-boot-1.38.0\language-server\BOOT-INF\lib\checker-qual-3.12.0.jar;c:\Users\JuanPablo\.vscode\extensions\pivotal.vscode-spring-boot-1.38.0\language-server\BOOT-INF\lib\classgraph-4.8.149.jar;c:\Users\JuanPablo\.vscode\extensions\pivotal.vscode-spring-boot-1.38.0\language-server\BOOT-INF\lib\commons-codec-1.14.jar;c:\Users\JuanPablo\.vscode\extensions\pivotal.vscode-spring-boot-1.38.0\language-server\BOOT-INF\lib\commons-compress-1.21.jar;c:\Users\JuanPablo\.vscode\extensions\pivotal.vscode-spring-boot-1.38.0\language-server\BOOT-INF\lib\commons-exec-1.3.jar;c:\Users\JuanPablo\.vscode\extension
Launcher Type: SUN_STANDARD

[Global flags]
     intx CICompilerCount                          = 3                                         {product} {ergonomic}
     uint ConcGCThreads                            = 1                                         {product} {ergonomic}
     uint G1ConcRefinementThreads                  = 4                                         {product} {ergonomic}
   size_t G1HeapRegionSize                         = 1048576                                   {product} {ergonomic}
    uintx GCDrainStackTargetSize                   = 64                                        {product} {ergonomic}
   size_t InitialHeapSize                          = 134217728                                 {product} {ergonomic}
   size_t MarkStackSize                            = 4194304                                   {product} {ergonomic}
   size_t MaxHeapSize                              = 2128609280                                {product} {ergonomic}
   size_t MaxNewSize                               = 1277165568                                {product} {ergonomic}
   size_t MinHeapDeltaBytes                        = 1048576                                   {product} {ergonomic}
   size_t MinHeapSize                              = 8388608                                   {product} {ergonomic}
    uintx NonProfiledCodeHeapSize                  = 0                                      {pd product} {ergonomic}
     bool ProfileInterpreter                       = false                                  {pd product} {command line}
    uintx ProfiledCodeHeapSize                     = 0                                      {pd product} {ergonomic}
   size_t SoftMaxHeapSize                          = 2128609280                             {manageable} {ergonomic}
     intx TieredStopAtLevel                        = 1                                         {product} {command line}
     bool UseCompressedClassPointers               = true                           {product lp64_product} {ergonomic}
     bool UseCompressedOops                        = true                           {product lp64_product} {ergonomic}
     bool UseG1GC                                  = true                                      {product} {ergonomic}
     bool UseLargePagesIndividualAllocation        = false                                  {pd product} {ergonomic}

Logging:
Log output configuration:
 #0: stdout all=warning uptime,level,tags
 #1: stderr all=off uptime,level,tags

Environment Variables:
PATH=C:\Program Files\Common Files\Oracle\Java\javapath;C:\Program Files\Eclipse Adoptium\jdk-11.0.15.10-hotspot\bin;C:\Windows\system32;C:\Windows;C:\Windows\System32\Wbem;C:\Windows\System32\WindowsPowerShell\v1.0\;C:\Windows\System32\OpenSSH\;C:\Program Files\Git\cmd;C:\Users\JuanPablo\AppData\Local\Microsoft\WindowsApps;C:\Users\JuanPablo\AppData\Local\Programs\Microsoft VS Code\bin;C:\Users\JuanPablo\Desktop\sqlite;
USERNAME=JuanPablo
OS=Windows_NT
PROCESSOR_IDENTIFIER=Intel64 Family 6 Model 69 Stepping 1, GenuineIntel
TMP=C:\Users\JUANPA~1\AppData\Local\Temp
TEMP=C:\Users\JUANPA~1\AppData\Local\Temp



---------------  S Y S T E M  ---------------

OS:
 Windows 10 , 64 bit Build 19041 (10.0.19041.1889)
OS uptime: 12 days 11:09 hours

CPU: total 4 (initial active 4) (2 cores per cpu, 2 threads per core) family 6 model 69 stepping 1 microcode 0x25, cx8, cmov, fxsr, ht, mmx, sse, sse2, sse3, ssse3, sse4.1, sse4.2, popcnt, lzcnt, tsc, tscinvbit, avx, avx2, aes, erms, clmul, bmi1, bmi2, fma, vzeroupper, clflush

Memory: 4k page, system-wide physical 8113M (516M free)
TotalPageFile size 32689M (AvailPageFile size 221M)
current process WorkingSet (physical memory assigned to process): 272M, peak: 272M
current process commit charge ("private bytes"): 317M, peak: 670M

vm_info: OpenJDK 64-Bit Server VM (17.0.4+8) for windows-amd64 JRE (17.0.4+8), built on Jul 19 2022 16:05:16 by "temurin" with MS VC++ 16.7 (VS2019)

END.
